{"C:\\Users\\tpiyu\\Downloads\\PastedPerfect\\PastedPerfect\\client\\src\\App.tsx": {"path":"C:\\Users\\tpiyu\\Downloads\\PastedPerfect\\PastedPerfect\\client\\src\\App.tsx","statementMap":{"0":{"start":{"line":2,"column":0},"end":{"line":2,"column":39}},"1":{"start":{"line":3,"column":0},"end":{"line":3,"column":48}},"2":{"start":{"line":4,"column":0},"end":{"line":4,"column":60}},"3":{"start":{"line":5,"column":0},"end":{"line":5,"column":50}},"4":{"start":{"line":6,"column":0},"end":{"line":6,"column":58}},"5":{"start":{"line":7,"column":0},"end":{"line":7,"column":45}},"6":{"start":{"line":8,"column":0},"end":{"line":8,"column":45}},"7":{"start":{"line":9,"column":0},"end":{"line":9,"column":50}},"8":{"start":{"line":12,"column":0},"end":{"line":12,"column":32}},"9":{"start":{"line":13,"column":0},"end":{"line":13,"column":32}},"10":{"start":{"line":14,"column":0},"end":{"line":14,"column":50}},"11":{"start":{"line":15,"column":0},"end":{"line":15,"column":40}},"12":{"start":{"line":16,"column":0},"end":{"line":16,"column":34}},"13":{"start":{"line":17,"column":0},"end":{"line":17,"column":40}},"14":{"start":{"line":18,"column":0},"end":{"line":18,"column":40}},"15":{"start":{"line":19,"column":0},"end":{"line":19,"column":40}},"16":{"start":{"line":22,"column":0},"end":{"line":22,"column":60}},"17":{"start":{"line":26,"column":0},"end":{"line":26,"column":61}},"18":{"start":{"line":27,"column":0},"end":{"line":27,"column":60}},"19":{"start":{"line":30,"column":0},"end":{"line":30,"column":49}},"20":{"start":{"line":31,"column":0},"end":{"line":31,"column":54}},"21":{"start":{"line":32,"column":0},"end":{"line":32,"column":64}},"22":{"start":{"line":33,"column":0},"end":{"line":33,"column":52}},"23":{"start":{"line":34,"column":0},"end":{"line":34,"column":41}},"24":{"start":{"line":35,"column":0},"end":{"line":35,"column":41}},"25":{"start":{"line":36,"column":0},"end":{"line":36,"column":47}},"26":{"start":{"line":37,"column":0},"end":{"line":37,"column":43}},"27":{"start":{"line":41,"column":2},"end":{"line":98,"column":4}},"28":{"start":{"line":80,"column":10},"end":{"line":83,"column":null}},"29":{"start":{"line":102,"column":2},"end":{"line":117,"column":4}},"30":{"start":{"line":120,"column":0},"end":{"line":120,"column":19}}},"fnMap":{"0":{"name":"Router","decl":{"start":{"line":40,"column":9},"end":{"line":40,"column":15}},"loc":{"start":{"line":40,"column":15},"end":{"line":99,"column":1}}},"1":{"name":"(anonymous_2)","decl":{"start":{"line":79,"column":9},"end":{"line":79,"column":10}},"loc":{"start":{"line":80,"column":10},"end":{"line":83,"column":null}}},"2":{"name":"App","decl":{"start":{"line":101,"column":9},"end":{"line":101,"column":12}},"loc":{"start":{"line":101,"column":12},"end":{"line":118,"column":1}}}},"branchMap":{},"s":{"0":0,"1":0,"2":0,"3":0,"4":0,"5":0,"6":0,"7":0,"8":0,"9":0,"10":0,"11":0,"12":0,"13":0,"14":0,"15":0,"16":0,"17":0,"18":0,"19":0,"20":0,"21":0,"22":0,"23":0,"24":0,"25":0,"26":0,"27":0,"28":0,"29":0,"30":0},"f":{"0":0,"1":0,"2":0},"b":{}}
,"C:\\Users\\tpiyu\\Downloads\\PastedPerfect\\PastedPerfect\\client\\src\\test-utils.tsx": {"path":"C:\\Users\\tpiyu\\Downloads\\PastedPerfect\\PastedPerfect\\client\\src\\test-utils.tsx","statementMap":{"0":{"start":{"line":23,"column":0},"end":{"line":23,"column":16}},"1":{"start":{"line":46,"column":32},"end":{"line":46,"column":38}},"2":{"start":{"line":1,"column":0},"end":{"line":1,"column":73}},"3":{"start":{"line":2,"column":0},"end":{"line":2,"column":63}},"4":{"start":{"line":6,"column":30},"end":{"line":17,"column":6}},"5":{"start":{"line":7,"column":4},"end":{"line":17,"column":6}},"6":{"start":{"line":26,"column":45},"end":{"line":26,"column":null}},"7":{"start":{"line":27,"column":24},"end":{"line":28,"column":29}},"8":{"start":{"line":31,"column":8},"end":{"line":35,"column":10}},"9":{"start":{"line":38,"column":4},"end":{"line":40,"column":null}},"10":{"start":{"line":45,"column":0},"end":{"line":45,"column":39}}},"fnMap":{"0":{"name":"(anonymous_5)","decl":{"start":{"line":6,"column":30},"end":{"line":6,"column":33}},"loc":{"start":{"line":7,"column":4},"end":{"line":17,"column":6}}},"1":{"name":"renderWithProviders","decl":{"start":{"line":23,"column":16},"end":{"line":23,"column":35}},"loc":{"start":{"line":28,"column":31},"end":{"line":42,"column":1}}},"2":{"name":"Wrapper","decl":{"start":{"line":30,"column":13},"end":{"line":30,"column":20}},"loc":{"start":{"line":30,"column":64},"end":{"line":36,"column":5}}}},"branchMap":{"0":{"loc":{"start":{"line":25,"column":4},"end":{"line":28,"column":31}},"type":"default-arg","locations":[{"start":{"line":28,"column":29},"end":{"line":28,"column":31}}]},"1":{"loc":{"start":{"line":26,"column":8},"end":{"line":26,"column":45}},"type":"default-arg","locations":[{"start":{"line":26,"column":22},"end":{"line":26,"column":45}}]}},"s":{"0":0,"1":0,"2":0,"3":0,"4":0,"5":0,"6":0,"7":0,"8":0,"9":0,"10":0},"f":{"0":0,"1":0,"2":0},"b":{"0":[0],"1":[0]}}
,"C:\\Users\\tpiyu\\Downloads\\PastedPerfect\\PastedPerfect\\client\\src\\components\\CartDrawer.tsx": {"path":"C:\\Users\\tpiyu\\Downloads\\PastedPerfect\\PastedPerfect\\client\\src\\components\\CartDrawer.tsx","statementMap":{"0":{"start":{"line":16,"column":0},"end":{"line":16,"column":16}},"1":{"start":{"line":1,"column":0},"end":{"line":1,"column":85}},"2":{"start":{"line":2,"column":0},"end":{"line":2,"column":48}},"3":{"start":{"line":3,"column":0},"end":{"line":3,"column":54}},"4":{"start":{"line":4,"column":0},"end":{"line":4,"column":59}},"5":{"start":{"line":5,"column":0},"end":{"line":5,"column":30}},"6":{"start":{"line":6,"column":0},"end":{"line":6,"column":43}},"7":{"start":{"line":14,"column":21},"end":{"line":14,"column":55}},"8":{"start":{"line":14,"column":37},"end":{"line":14,"column":55}},"9":{"start":{"line":17,"column":59},"end":{"line":17,"column":68}},"10":{"start":{"line":19,"column":19},"end":{"line":21,"column":null}},"11":{"start":{"line":20,"column":19},"end":{"line":20,"column":65}},"12":{"start":{"line":24,"column":19},"end":{"line":24,"column":45}},"13":{"start":{"line":25,"column":16},"end":{"line":25,"column":35}},"14":{"start":{"line":27,"column":2},"end":{"line":184,"column":4}},"15":{"start":{"line":46,"column":39},"end":{"line":46,"column":58}},"16":{"start":{"line":55,"column":32},"end":{"line":55,"column":56}},"17":{"start":{"line":57,"column":18},"end":{"line":120,"column":20}},"18":{"start":{"line":65,"column":29},"end":{"line":66,"column":55}},"19":{"start":{"line":80,"column":43},"end":{"line":80,"column":62}},"20":{"start":{"line":96,"column":30},"end":{"line":98,"column":null}},"21":{"start":{"line":112,"column":30},"end":{"line":112,"column":72}},"22":{"start":{"line":164,"column":37},"end":{"line":164,"column":56}},"23":{"start":{"line":173,"column":35},"end":{"line":173,"column":54}}},"fnMap":{"0":{"name":"(anonymous_0)","decl":{"start":{"line":14,"column":21},"end":{"line":14,"column":22}},"loc":{"start":{"line":14,"column":37},"end":{"line":14,"column":55}}},"1":{"name":"CartDrawer","decl":{"start":{"line":16,"column":16},"end":{"line":16,"column":26}},"loc":{"start":{"line":16,"column":66},"end":{"line":185,"column":1}}},"2":{"name":"(anonymous_2)","decl":{"start":{"line":20,"column":4},"end":{"line":20,"column":5}},"loc":{"start":{"line":20,"column":19},"end":{"line":20,"column":65}}},"3":{"name":"(anonymous_3)","decl":{"start":{"line":46,"column":33},"end":{"line":46,"column":36}},"loc":{"start":{"line":46,"column":39},"end":{"line":46,"column":58}}},"4":{"name":"(anonymous_4)","decl":{"start":{"line":54,"column":31},"end":{"line":54,"column":32}},"loc":{"start":{"line":54,"column":40},"end":{"line":121,"column":17}}},"5":{"name":"(anonymous_5)","decl":{"start":{"line":64,"column":35},"end":{"line":64,"column":36}},"loc":{"start":{"line":64,"column":41},"end":{"line":67,"column":27}}},"6":{"name":"(anonymous_6)","decl":{"start":{"line":80,"column":37},"end":{"line":80,"column":40}},"loc":{"start":{"line":80,"column":43},"end":{"line":80,"column":62}}},"7":{"name":"(anonymous_7)","decl":{"start":{"line":95,"column":37},"end":{"line":95,"column":40}},"loc":{"start":{"line":96,"column":30},"end":{"line":98,"column":null}}},"8":{"name":"(anonymous_8)","decl":{"start":{"line":111,"column":37},"end":{"line":111,"column":40}},"loc":{"start":{"line":112,"column":30},"end":{"line":112,"column":72}}},"9":{"name":"(anonymous_9)","decl":{"start":{"line":164,"column":31},"end":{"line":164,"column":34}},"loc":{"start":{"line":164,"column":37},"end":{"line":164,"column":56}}},"10":{"name":"(anonymous_10)","decl":{"start":{"line":173,"column":29},"end":{"line":173,"column":32}},"loc":{"start":{"line":173,"column":35},"end":{"line":173,"column":54}}}},"branchMap":{"0":{"loc":{"start":{"line":14,"column":44},"end":{"line":14,"column":54}},"type":"cond-expr","locations":[{"start":{"line":14,"column":44},"end":{"line":14,"column":49}},{"start":{"line":14,"column":53},"end":{"line":14,"column":54}}]},"1":{"loc":{"start":{"line":14,"column":44},"end":{"line":14,"column":53}},"type":"binary-expr","locations":[{"start":{"line":14,"column":44},"end":{"line":14,"column":53}},{"start":{"line":14,"column":44},"end":{"line":14,"column":53}}]},"2":{"loc":{"start":{"line":24,"column":19},"end":{"line":24,"column":45}},"type":"cond-expr","locations":[{"start":{"line":24,"column":38},"end":{"line":24,"column":39}},{"start":{"line":24,"column":42},"end":{"line":24,"column":45}}]},"3":{"loc":{"start":{"line":38,"column":11},"end":{"line":179,"column":null}},"type":"cond-expr","locations":[{"start":{"line":39,"column":12},"end":{"line":49,"column":null}},{"start":{"line":52,"column":12},"end":{"line":178,"column":null}}]},"4":{"loc":{"start":{"line":138,"column":23},"end":{"line":138,"column":87}},"type":"cond-expr","locations":[{"start":{"line":138,"column":40},"end":{"line":138,"column":46}},{"start":{"line":138,"column":49},"end":{"line":138,"column":87}}]},"5":{"loc":{"start":{"line":142,"column":19},"end":{"line":146,"column":null}},"type":"binary-expr","locations":[{"start":{"line":142,"column":19},"end":{"line":142,"column":35}},{"start":{"line":143,"column":20},"end":{"line":144,"column":null}}]}},"s":{"0":0,"1":0,"2":0,"3":0,"4":0,"5":0,"6":0,"7":0,"8":0,"9":0,"10":0,"11":0,"12":0,"13":0,"14":0,"15":0,"16":0,"17":0,"18":0,"19":0,"20":0,"21":0,"22":0,"23":0},"f":{"0":0,"1":0,"2":0,"3":0,"4":0,"5":0,"6":0,"7":0,"8":0,"9":0,"10":0},"b":{"0":[0,0],"1":[0,0],"2":[0,0],"3":[0,0],"4":[0,0],"5":[0,0]}}
,"C:\\Users\\tpiyu\\Downloads\\PastedPerfect\\PastedPerfect\\client\\src\\components\\CategoryGrid.tsx": {"path":"C:\\Users\\tpiyu\\Downloads\\PastedPerfect\\PastedPerfect\\client\\src\\components\\CategoryGrid.tsx","statementMap":{"0":{"start":{"line":5,"column":0},"end":{"line":5,"column":16}},"1":{"start":{"line":2,"column":0},"end":{"line":2,"column":30}},"2":{"start":{"line":3,"column":0},"end":{"line":3,"column":52}},"3":{"start":{"line":6,"column":18},"end":{"line":6,"column":48}},"4":{"start":{"line":8,"column":2},"end":{"line":52,"column":4}},"5":{"start":{"line":20,"column":12},"end":{"line":20,"column":29}},"6":{"start":{"line":34,"column":21},"end":{"line":34,"column":82}}},"fnMap":{"0":{"name":"CategoryGrid","decl":{"start":{"line":5,"column":16},"end":{"line":5,"column":28}},"loc":{"start":{"line":5,"column":28},"end":{"line":53,"column":1}}},"1":{"name":"(anonymous_2)","decl":{"start":{"line":19,"column":23},"end":{"line":19,"column":24}},"loc":{"start":{"line":20,"column":12},"end":{"line":20,"column":29}}},"2":{"name":"(anonymous_3)","decl":{"start":{"line":33,"column":27},"end":{"line":33,"column":28}},"loc":{"start":{"line":33,"column":33},"end":{"line":35,"column":19}}}},"branchMap":{"0":{"loc":{"start":{"line":24,"column":18},"end":{"line":24,"column":null}},"type":"cond-expr","locations":[{"start":{"line":24,"column":32},"end":{"line":24,"column":57}},{"start":{"line":24,"column":60},"end":{"line":24,"column":null}}]}},"s":{"0":0,"1":0,"2":0,"3":0,"4":0,"5":0,"6":0},"f":{"0":0,"1":0,"2":0},"b":{"0":[0,0]}}
,"C:\\Users\\tpiyu\\Downloads\\PastedPerfect\\PastedPerfect\\client\\src\\components\\CategoryPageLayout.tsx": {"path":"C:\\Users\\tpiyu\\Downloads\\PastedPerfect\\PastedPerfect\\client\\src\\components\\CategoryPageLayout.tsx","statementMap":{"0":{"start":{"line":23,"column":0},"end":{"line":23,"column":24}},"1":{"start":{"line":1,"column":0},"end":{"line":1,"column":30}},"2":{"start":{"line":2,"column":0},"end":{"line":2,"column":49}},"3":{"start":{"line":3,"column":0},"end":{"line":3,"column":53}},"4":{"start":{"line":4,"column":0},"end":{"line":4,"column":80}},"5":{"start":{"line":5,"column":0},"end":{"line":5,"column":55}},"6":{"start":{"line":6,"column":0},"end":{"line":6,"column":59}},"7":{"start":{"line":7,"column":0},"end":{"line":7,"column":52}},"8":{"start":{"line":31,"column":40},"end":{"line":31,"column":80}},"9":{"start":{"line":32,"column":56},"end":{"line":32,"column":71}},"10":{"start":{"line":36,"column":74},"end":{"line":39,"column":6}},"11":{"start":{"line":38,"column":23},"end":{"line":38,"column":77}},"12":{"start":{"line":42,"column":69},"end":{"line":45,"column":6}},"13":{"start":{"line":44,"column":23},"end":{"line":44,"column":38}},"14":{"start":{"line":48,"column":23},"end":{"line":50,"column":5}},"15":{"start":{"line":49,"column":8},"end":{"line":49,"column":62}},"16":{"start":{"line":55,"column":35},"end":{"line":62,"column":26}},"17":{"start":{"line":56,"column":8},"end":{"line":56,"column":77}},"18":{"start":{"line":56,"column":38},"end":{"line":56,"column":77}},"19":{"start":{"line":57,"column":23},"end":{"line":57,"column":69}},"20":{"start":{"line":57,"column":49},"end":{"line":57,"column":68}},"21":{"start":{"line":58,"column":8},"end":{"line":61,"column":10}},"22":{"start":{"line":65,"column":4},"end":{"line":70,"column":74}},"23":{"start":{"line":66,"column":8},"end":{"line":69,"column":9}},"24":{"start":{"line":67,"column":12},"end":{"line":67,"column":48}},"25":{"start":{"line":68,"column":12},"end":{"line":68,"column":40}},"26":{"start":{"line":73,"column":4},"end":{"line":75,"column":23}},"27":{"start":{"line":74,"column":8},"end":{"line":74,"column":37}},"28":{"start":{"line":78,"column":29},"end":{"line":83,"column":38}},"29":{"start":{"line":79,"column":8},"end":{"line":82,"column":11}},"30":{"start":{"line":80,"column":26},"end":{"line":80,"column":45}},"31":{"start":{"line":81,"column":12},"end":{"line":81,"column":68}},"32":{"start":{"line":86,"column":30},"end":{"line":99,"column":38}},"33":{"start":{"line":87,"column":8},"end":{"line":87,"column":39}},"34":{"start":{"line":87,"column":29},"end":{"line":87,"column":39}},"35":{"start":{"line":88,"column":8},"end":{"line":98,"column":15}},"36":{"start":{"line":89,"column":25},"end":{"line":89,"column":39}},"37":{"start":{"line":92,"column":16},"end":{"line":97,"column":18}},"38":{"start":{"line":101,"column":22},"end":{"line":101,"column":62}},"39":{"start":{"line":103,"column":4},"end":{"line":197,"column":6}},"40":{"start":{"line":136,"column":32},"end":{"line":136,"column":53}},"41":{"start":{"line":170,"column":32},"end":{"line":170,"column":45}},"42":{"start":{"line":177,"column":32},"end":{"line":177,"column":62}},"43":{"start":{"line":185,"column":51},"end":{"line":185,"column":86}}},"fnMap":{"0":{"name":"CategoryPageLayout","decl":{"start":{"line":23,"column":24},"end":{"line":23,"column":42}},"loc":{"start":{"line":28,"column":26},"end":{"line":198,"column":1}}},"1":{"name":"(anonymous_1)","decl":{"start":{"line":38,"column":17},"end":{"line":38,"column":20}},"loc":{"start":{"line":38,"column":23},"end":{"line":38,"column":77}}},"2":{"name":"(anonymous_2)","decl":{"start":{"line":44,"column":17},"end":{"line":44,"column":20}},"loc":{"start":{"line":44,"column":23},"end":{"line":44,"column":38}}},"3":{"name":"(anonymous_3)","decl":{"start":{"line":48,"column":23},"end":{"line":48,"column":24}},"loc":{"start":{"line":48,"column":44},"end":{"line":50,"column":5}}},"4":{"name":"(anonymous_4)","decl":{"start":{"line":55,"column":43},"end":{"line":55,"column":46}},"loc":{"start":{"line":55,"column":48},"end":{"line":62,"column":5}}},"5":{"name":"(anonymous_5)","decl":{"start":{"line":57,"column":44},"end":{"line":57,"column":45}},"loc":{"start":{"line":57,"column":49},"end":{"line":57,"column":68}}},"6":{"name":"(anonymous_6)","decl":{"start":{"line":65,"column":14},"end":{"line":65,"column":17}},"loc":{"start":{"line":65,"column":19},"end":{"line":70,"column":5}}},"7":{"name":"(anonymous_7)","decl":{"start":{"line":73,"column":14},"end":{"line":73,"column":17}},"loc":{"start":{"line":73,"column":19},"end":{"line":75,"column":5}}},"8":{"name":"(anonymous_8)","decl":{"start":{"line":78,"column":37},"end":{"line":78,"column":40}},"loc":{"start":{"line":78,"column":42},"end":{"line":83,"column":5}}},"9":{"name":"(anonymous_9)","decl":{"start":{"line":79,"column":39},"end":{"line":79,"column":40}},"loc":{"start":{"line":79,"column":43},"end":{"line":82,"column":9}}},"10":{"name":"(anonymous_10)","decl":{"start":{"line":86,"column":38},"end":{"line":86,"column":41}},"loc":{"start":{"line":86,"column":43},"end":{"line":99,"column":5}}},"11":{"name":"(anonymous_11)","decl":{"start":{"line":89,"column":20},"end":{"line":89,"column":21}},"loc":{"start":{"line":89,"column":25},"end":{"line":89,"column":39}}},"12":{"name":"(anonymous_12)","decl":{"start":{"line":90,"column":17},"end":{"line":90,"column":20}},"loc":{"start":{"line":90,"column":23},"end":{"line":98,"column":13}}},"13":{"name":"(anonymous_13)","decl":{"start":{"line":135,"column":47},"end":{"line":135,"column":48}},"loc":{"start":{"line":136,"column":32},"end":{"line":136,"column":53}}},"14":{"name":"(anonymous_14)","decl":{"start":{"line":169,"column":58},"end":{"line":169,"column":59}},"loc":{"start":{"line":170,"column":32},"end":{"line":170,"column":45}}},"15":{"name":"(anonymous_15)","decl":{"start":{"line":176,"column":49},"end":{"line":176,"column":50}},"loc":{"start":{"line":177,"column":32},"end":{"line":177,"column":62}}},"16":{"name":"(anonymous_16)","decl":{"start":{"line":185,"column":45},"end":{"line":185,"column":48}},"loc":{"start":{"line":185,"column":51},"end":{"line":185,"column":86}}}},"branchMap":{"0":{"loc":{"start":{"line":36,"column":18},"end":{"line":36,"column":39}},"type":"default-arg","locations":[{"start":{"line":36,"column":37},"end":{"line":36,"column":39}}]},"1":{"loc":{"start":{"line":49,"column":15},"end":{"line":49,"column":61}},"type":"binary-expr","locations":[{"start":{"line":49,"column":15},"end":{"line":49,"column":56}},{"start":{"line":49,"column":60},"end":{"line":49,"column":61}}]},"2":{"loc":{"start":{"line":56,"column":8},"end":{"line":56,"column":77}},"type":"if","locations":[{"start":{"line":56,"column":8},"end":{"line":56,"column":77}}]},"3":{"loc":{"start":{"line":66,"column":8},"end":{"line":69,"column":9}},"type":"if","locations":[{"start":{"line":66,"column":8},"end":{"line":69,"column":9}}]},"4":{"loc":{"start":{"line":66,"column":12},"end":{"line":66,"column":62}},"type":"binary-expr","locations":[{"start":{"line":66,"column":12},"end":{"line":66,"column":39}},{"start":{"line":66,"column":43},"end":{"line":66,"column":62}}]},"5":{"loc":{"start":{"line":81,"column":19},"end":{"line":81,"column":67}},"type":"binary-expr","locations":[{"start":{"line":81,"column":19},"end":{"line":81,"column":41}},{"start":{"line":81,"column":45},"end":{"line":81,"column":67}}]},"6":{"loc":{"start":{"line":87,"column":8},"end":{"line":87,"column":39}},"type":"if","locations":[{"start":{"line":87,"column":8},"end":{"line":87,"column":39}}]},"7":{"loc":{"start":{"line":95,"column":27},"end":{"line":95,"column":41}},"type":"binary-expr","locations":[{"start":{"line":95,"column":27},"end":{"line":95,"column":36}},{"start":{"line":95,"column":40},"end":{"line":95,"column":41}}]},"8":{"loc":{"start":{"line":101,"column":22},"end":{"line":101,"column":62}},"type":"binary-expr","locations":[{"start":{"line":101,"column":22},"end":{"line":101,"column":39}},{"start":{"line":101,"column":43},"end":{"line":101,"column":62}}]},"9":{"loc":{"start":{"line":109,"column":17},"end":{"line":112,"column":null}},"type":"binary-expr","locations":[{"start":{"line":109,"column":17},"end":{"line":109,"column":28}},{"start":{"line":110,"column":20},"end":{"line":111,"column":null}}]},"10":{"loc":{"start":{"line":133,"column":21},"end":{"line":155,"column":null}},"type":"binary-expr","locations":[{"start":{"line":133,"column":21},"end":{"line":133,"column":34}},{"start":{"line":133,"column":38},"end":{"line":133,"column":62}},{"start":{"line":134,"column":24},"end":{"line":154,"column":null}}]},"11":{"loc":{"start":{"line":168,"column":25},"end":{"line":190,"column":null}},"type":"cond-expr","locations":[{"start":{"line":169,"column":28},"end":{"line":174,"column":30}},{"start":{"line":175,"column":28},"end":{"line":190,"column":null}}]},"12":{"loc":{"start":{"line":175,"column":28},"end":{"line":190,"column":null}},"type":"cond-expr","locations":[{"start":{"line":176,"column":28},"end":{"line":178,"column":30}},{"start":{"line":180,"column":28},"end":{"line":189,"column":null}}]}},"s":{"0":0,"1":0,"2":0,"3":0,"4":0,"5":0,"6":0,"7":0,"8":0,"9":0,"10":0,"11":0,"12":0,"13":0,"14":0,"15":0,"16":0,"17":0,"18":0,"19":0,"20":0,"21":0,"22":0,"23":0,"24":0,"25":0,"26":0,"27":0,"28":0,"29":0,"30":0,"31":0,"32":0,"33":0,"34":0,"35":0,"36":0,"37":0,"38":0,"39":0,"40":0,"41":0,"42":0,"43":0},"f":{"0":0,"1":0,"2":0,"3":0,"4":0,"5":0,"6":0,"7":0,"8":0,"9":0,"10":0,"11":0,"12":0,"13":0,"14":0,"15":0,"16":0},"b":{"0":[0],"1":[0,0],"2":[0],"3":[0],"4":[0,0],"5":[0,0],"6":[0],"7":[0,0],"8":[0,0],"9":[0,0],"10":[0,0,0],"11":[0,0],"12":[0,0]}}
,"C:\\Users\\tpiyu\\Downloads\\PastedPerfect\\PastedPerfect\\client\\src\\components\\CategoryRail.tsx": {"path":"C:\\Users\\tpiyu\\Downloads\\PastedPerfect\\PastedPerfect\\client\\src\\components\\CategoryRail.tsx","statementMap":{"0":{"start":{"line":6,"column":0},"end":{"line":6,"column":16}},"1":{"start":{"line":1,"column":0},"end":{"line":1,"column":30}},"2":{"start":{"line":2,"column":0},"end":{"line":2,"column":33}},"3":{"start":{"line":3,"column":0},"end":{"line":3,"column":48}},"4":{"start":{"line":7,"column":25},"end":{"line":10,"column":7}},"5":{"start":{"line":7,"column":74},"end":{"line":9,"column":null}},"6":{"start":{"line":12,"column":4},"end":{"line":37,"column":6}},"7":{"start":{"line":17,"column":24},"end":{"line":17,"column":50}},"8":{"start":{"line":41,"column":30},"end":{"line":41,"column":45}},"9":{"start":{"line":44,"column":24},"end":{"line":44,"column":118}},"10":{"start":{"line":46,"column":4},"end":{"line":54,"column":6}},"11":{"start":{"line":51,"column":27},"end":{"line":51,"column":41}}},"fnMap":{"0":{"name":"CategoryRail","decl":{"start":{"line":6,"column":16},"end":{"line":6,"column":28}},"loc":{"start":{"line":6,"column":28},"end":{"line":38,"column":1}}},"1":{"name":"(anonymous_2)","decl":{"start":{"line":7,"column":56},"end":{"line":7,"column":57}},"loc":{"start":{"line":7,"column":74},"end":{"line":9,"column":null}}},"2":{"name":"(anonymous_3)","decl":{"start":{"line":16,"column":38},"end":{"line":16,"column":39}},"loc":{"start":{"line":17,"column":24},"end":{"line":17,"column":50}}},"3":{"name":"ImageWithFallback","decl":{"start":{"line":40,"column":9},"end":{"line":40,"column":26}},"loc":{"start":{"line":40,"column":100},"end":{"line":55,"column":1}}},"4":{"name":"(anonymous_5)","decl":{"start":{"line":51,"column":21},"end":{"line":51,"column":24}},"loc":{"start":{"line":51,"column":27},"end":{"line":51,"column":41}}}},"branchMap":{"0":{"loc":{"start":{"line":17,"column":60},"end":{"line":17,"column":111}},"type":"cond-expr","locations":[{"start":{"line":17,"column":88},"end":{"line":17,"column":95}},{"start":{"line":17,"column":98},"end":{"line":17,"column":111}}]},"1":{"loc":{"start":{"line":48,"column":17},"end":{"line":48,"column":42}},"type":"cond-expr","locations":[{"start":{"line":48,"column":25},"end":{"line":48,"column":36}},{"start":{"line":48,"column":39},"end":{"line":48,"column":42}}]}},"s":{"0":0,"1":0,"2":0,"3":0,"4":0,"5":0,"6":0,"7":0,"8":0,"9":0,"10":0,"11":0},"f":{"0":0,"1":0,"2":0,"3":0,"4":0},"b":{"0":[0,0],"1":[0,0]}}
,"C:\\Users\\tpiyu\\Downloads\\PastedPerfect\\PastedPerfect\\client\\src\\components\\Footer.tsx": {"path":"C:\\Users\\tpiyu\\Downloads\\PastedPerfect\\PastedPerfect\\client\\src\\components\\Footer.tsx","statementMap":{"0":{"start":{"line":6,"column":0},"end":{"line":6,"column":16}},"1":{"start":{"line":1,"column":0},"end":{"line":1,"column":30}},"2":{"start":{"line":2,"column":0},"end":{"line":2,"column":83}},"3":{"start":{"line":3,"column":0},"end":{"line":3,"column":48}},"4":{"start":{"line":4,"column":0},"end":{"line":4,"column":64}},"5":{"start":{"line":7,"column":2},"end":{"line":120,"column":4}},"6":{"start":{"line":50,"column":16},"end":{"line":50,"column":null}},"7":{"start":{"line":74,"column":16},"end":{"line":74,"column":null}}},"fnMap":{"0":{"name":"Footer","decl":{"start":{"line":6,"column":16},"end":{"line":6,"column":22}},"loc":{"start":{"line":6,"column":22},"end":{"line":121,"column":1}}},"1":{"name":"(anonymous_1)","decl":{"start":{"line":49,"column":20},"end":{"line":49,"column":21}},"loc":{"start":{"line":50,"column":16},"end":{"line":50,"column":null}}},"2":{"name":"(anonymous_2)","decl":{"start":{"line":73,"column":20},"end":{"line":73,"column":21}},"loc":{"start":{"line":74,"column":16},"end":{"line":74,"column":null}}}},"branchMap":{},"s":{"0":1,"1":1,"2":1,"3":1,"4":1,"5":5,"6":20,"7":25},"f":{"0":5,"1":20,"2":25},"b":{}}
,"C:\\Users\\tpiyu\\Downloads\\PastedPerfect\\PastedPerfect\\client\\src\\components\\Header.tsx": {"path":"C:\\Users\\tpiyu\\Downloads\\PastedPerfect\\PastedPerfect\\client\\src\\components\\Header.tsx","statementMap":{"0":{"start":{"line":34,"column":0},"end":{"line":34,"column":16}},"1":{"start":{"line":1,"column":0},"end":{"line":1,"column":42}},"2":{"start":{"line":2,"column":0},"end":{"line":2,"column":43}},"3":{"start":{"line":3,"column":0},"end":{"line":3,"column":91}},"4":{"start":{"line":4,"column":0},"end":{"line":4,"column":48}},"5":{"start":{"line":5,"column":0},"end":{"line":5,"column":46}},"6":{"start":{"line":6,"column":0},"end":{"line":6,"column":74}},"7":{"start":{"line":7,"column":0},"end":{"line":7,"column":46}},"8":{"start":{"line":8,"column":0},"end":{"line":8,"column":null}},"9":{"start":{"line":17,"column":0},"end":{"line":17,"column":null}},"10":{"start":{"line":25,"column":0},"end":{"line":25,"column":53}},"11":{"start":{"line":26,"column":0},"end":{"line":26,"column":43}},"12":{"start":{"line":27,"column":0},"end":{"line":27,"column":45}},"13":{"start":{"line":28,"column":0},"end":{"line":28,"column":51}},"14":{"start":{"line":29,"column":0},"end":{"line":29,"column":49}},"15":{"start":{"line":30,"column":0},"end":{"line":30,"column":67}},"16":{"start":{"line":35,"column":38},"end":{"line":35,"column":53}},"17":{"start":{"line":36,"column":38},"end":{"line":36,"column":53}},"18":{"start":{"line":37,"column":28},"end":{"line":37,"column":37}},"19":{"start":{"line":38,"column":35},"end":{"line":38,"column":48}},"20":{"start":{"line":39,"column":27},"end":{"line":39,"column":36}},"21":{"start":{"line":40,"column":20},"end":{"line":40,"column":35}},"22":{"start":{"line":41,"column":24},"end":{"line":41,"column":44}},"23":{"start":{"line":44,"column":40},"end":{"line":44,"column":52}},"24":{"start":{"line":45,"column":26},"end":{"line":45,"column":39}},"25":{"start":{"line":48,"column":50},"end":{"line":52,"column":4}},"26":{"start":{"line":50,"column":19},"end":{"line":50,"column":34}},"27":{"start":{"line":55,"column":18},"end":{"line":64,"column":21}},"28":{"start":{"line":56,"column":20},"end":{"line":58,"column":51}},"29":{"start":{"line":57,"column":19},"end":{"line":57,"column":63}},"30":{"start":{"line":58,"column":22},"end":{"line":58,"column":50}},"31":{"start":{"line":60,"column":4},"end":{"line":63,"column":8}},"32":{"start":{"line":60,"column":33},"end":{"line":62,"column":null}},"33":{"start":{"line":62,"column":42},"end":{"line":62,"column":64}},"34":{"start":{"line":66,"column":23},"end":{"line":71,"column":3}},"35":{"start":{"line":67,"column":4},"end":{"line":67,"column":30}},"36":{"start":{"line":67,"column":11},"end":{"line":67,"column":30}},"37":{"start":{"line":68,"column":4},"end":{"line":70,"column":5}},"38":{"start":{"line":69,"column":6},"end":{"line":69,"column":69}},"39":{"start":{"line":73,"column":24},"end":{"line":77,"column":3}},"40":{"start":{"line":74,"column":4},"end":{"line":76,"column":5}},"41":{"start":{"line":75,"column":6},"end":{"line":75,"column":21}},"42":{"start":{"line":79,"column":2},"end":{"line":286,"column":4}},"43":{"start":{"line":100,"column":48},"end":{"line":100,"column":68}},"44":{"start":{"line":109,"column":22},"end":{"line":109,"column":40}},"45":{"start":{"line":110,"column":67},"end":{"line":110,"column":87}},"46":{"start":{"line":119,"column":30},"end":{"line":119,"column":49}},"47":{"start":{"line":119,"column":98},"end":{"line":119,"column":118}},"48":{"start":{"line":153,"column":33},"end":{"line":153,"column":63}},"49":{"start":{"line":158,"column":31},"end":{"line":158,"column":45}},"50":{"start":{"line":165,"column":100},"end":{"line":165,"column":120}},"51":{"start":{"line":212,"column":29},"end":{"line":212,"column":48}},"52":{"start":{"line":232,"column":16},"end":{"line":232,"column":null}},"53":{"start":{"line":256,"column":28},"end":{"line":256,"column":47}}},"fnMap":{"0":{"name":"Header","decl":{"start":{"line":34,"column":16},"end":{"line":34,"column":22}},"loc":{"start":{"line":34,"column":22},"end":{"line":287,"column":1}}},"1":{"name":"(anonymous_1)","decl":{"start":{"line":50,"column":13},"end":{"line":50,"column":16}},"loc":{"start":{"line":50,"column":19},"end":{"line":50,"column":34}}},"2":{"name":"(anonymous_2)","decl":{"start":{"line":55,"column":26},"end":{"line":55,"column":29}},"loc":{"start":{"line":55,"column":31},"end":{"line":64,"column":3}}},"3":{"name":"(anonymous_3)","decl":{"start":{"line":57,"column":14},"end":{"line":57,"column":15}},"loc":{"start":{"line":57,"column":19},"end":{"line":57,"column":63}}},"4":{"name":"(anonymous_4)","decl":{"start":{"line":58,"column":12},"end":{"line":58,"column":13}},"loc":{"start":{"line":58,"column":22},"end":{"line":58,"column":50}}},"5":{"name":"(anonymous_5)","decl":{"start":{"line":60,"column":23},"end":{"line":60,"column":29}},"loc":{"start":{"line":60,"column":33},"end":{"line":62,"column":null}}},"6":{"name":"(anonymous_6)","decl":{"start":{"line":62,"column":37},"end":{"line":62,"column":38}},"loc":{"start":{"line":62,"column":42},"end":{"line":62,"column":64}}},"7":{"name":"(anonymous_7)","decl":{"start":{"line":66,"column":23},"end":{"line":66,"column":24}},"loc":{"start":{"line":66,"column":47},"end":{"line":71,"column":3}}},"8":{"name":"(anonymous_8)","decl":{"start":{"line":73,"column":24},"end":{"line":73,"column":25}},"loc":{"start":{"line":73,"column":51},"end":{"line":77,"column":3}}},"9":{"name":"(anonymous_9)","decl":{"start":{"line":100,"column":42},"end":{"line":100,"column":45}},"loc":{"start":{"line":100,"column":48},"end":{"line":100,"column":68}}},"10":{"name":"(anonymous_10)","decl":{"start":{"line":108,"column":33},"end":{"line":108,"column":36}},"loc":{"start":{"line":109,"column":22},"end":{"line":109,"column":40}}},"11":{"name":"(anonymous_11)","decl":{"start":{"line":110,"column":61},"end":{"line":110,"column":64}},"loc":{"start":{"line":110,"column":67},"end":{"line":110,"column":87}}},"12":{"name":"(anonymous_12)","decl":{"start":{"line":118,"column":46},"end":{"line":118,"column":49}},"loc":{"start":{"line":119,"column":30},"end":{"line":119,"column":49}}},"13":{"name":"(anonymous_13)","decl":{"start":{"line":119,"column":92},"end":{"line":119,"column":95}},"loc":{"start":{"line":119,"column":98},"end":{"line":119,"column":118}}},"14":{"name":"(anonymous_14)","decl":{"start":{"line":153,"column":26},"end":{"line":153,"column":27}},"loc":{"start":{"line":153,"column":33},"end":{"line":153,"column":63}}},"15":{"name":"(anonymous_15)","decl":{"start":{"line":158,"column":25},"end":{"line":158,"column":28}},"loc":{"start":{"line":158,"column":31},"end":{"line":158,"column":45}}},"16":{"name":"(anonymous_16)","decl":{"start":{"line":165,"column":94},"end":{"line":165,"column":97}},"loc":{"start":{"line":165,"column":100},"end":{"line":165,"column":120}}},"17":{"name":"(anonymous_17)","decl":{"start":{"line":212,"column":23},"end":{"line":212,"column":26}},"loc":{"start":{"line":212,"column":29},"end":{"line":212,"column":48}}},"18":{"name":"(anonymous_18)","decl":{"start":{"line":231,"column":27},"end":{"line":231,"column":35}},"loc":{"start":{"line":232,"column":16},"end":{"line":232,"column":null}}},"19":{"name":"(anonymous_19)","decl":{"start":{"line":255,"column":49},"end":{"line":255,"column":52}},"loc":{"start":{"line":256,"column":28},"end":{"line":256,"column":47}}}},"branchMap":{"0":{"loc":{"start":{"line":48,"column":16},"end":{"line":48,"column":34}},"type":"default-arg","locations":[{"start":{"line":48,"column":32},"end":{"line":48,"column":34}}]},"1":{"loc":{"start":{"line":57,"column":19},"end":{"line":57,"column":63}},"type":"binary-expr","locations":[{"start":{"line":57,"column":19},"end":{"line":57,"column":33}},{"start":{"line":57,"column":37},"end":{"line":57,"column":63}}]},"2":{"loc":{"start":{"line":67,"column":4},"end":{"line":67,"column":30}},"type":"if","locations":[{"start":{"line":67,"column":4},"end":{"line":67,"column":30}}]},"3":{"loc":{"start":{"line":68,"column":4},"end":{"line":70,"column":5}},"type":"if","locations":[{"start":{"line":68,"column":4},"end":{"line":70,"column":5}}]},"4":{"loc":{"start":{"line":74,"column":4},"end":{"line":76,"column":5}},"type":"if","locations":[{"start":{"line":74,"column":4},"end":{"line":76,"column":5}}]},"5":{"loc":{"start":{"line":116,"column":25},"end":{"line":125,"column":null}},"type":"binary-expr","locations":[{"start":{"line":116,"column":25},"end":{"line":116,"column":48}},{"start":{"line":117,"column":26},"end":{"line":124,"column":null}}]},"6":{"loc":{"start":{"line":172,"column":17},"end":{"line":175,"column":null}},"type":"binary-expr","locations":[{"start":{"line":172,"column":17},"end":{"line":172,"column":34}},{"start":{"line":173,"column":18},"end":{"line":174,"column":null}}]},"7":{"loc":{"start":{"line":181,"column":13},"end":{"line":205,"column":null}},"type":"cond-expr","locations":[{"start":{"line":182,"column":14},"end":{"line":198,"column":null}},{"start":{"line":201,"column":14},"end":{"line":204,"column":null}}]},"8":{"loc":{"start":{"line":215,"column":15},"end":{"line":218,"column":null}},"type":"binary-expr","locations":[{"start":{"line":215,"column":15},"end":{"line":215,"column":28}},{"start":{"line":216,"column":16},"end":{"line":217,"column":null}}]},"9":{"loc":{"start":{"line":253,"column":23},"end":{"line":264,"column":null}},"type":"cond-expr","locations":[{"start":{"line":254,"column":24},"end":{"line":261,"column":null}},{"start":{"line":264,"column":24},"end":{"line":264,"column":92}}]},"10":{"loc":{"start":{"line":273,"column":15},"end":{"line":276,"column":null}},"type":"binary-expr","locations":[{"start":{"line":273,"column":15},"end":{"line":273,"column":35}},{"start":{"line":273,"column":39},"end":{"line":273,"column":49}},{"start":{"line":274,"column":16},"end":{"line":274,"column":null}}]}},"s":{"0":0,"1":0,"2":0,"3":0,"4":0,"5":0,"6":0,"7":0,"8":0,"9":0,"10":0,"11":0,"12":0,"13":0,"14":0,"15":0,"16":0,"17":0,"18":0,"19":0,"20":0,"21":0,"22":0,"23":0,"24":0,"25":0,"26":0,"27":0,"28":0,"29":0,"30":0,"31":0,"32":0,"33":0,"34":0,"35":0,"36":0,"37":0,"38":0,"39":0,"40":0,"41":0,"42":0,"43":0,"44":0,"45":0,"46":0,"47":0,"48":0,"49":0,"50":0,"51":0,"52":0,"53":0},"f":{"0":0,"1":0,"2":0,"3":0,"4":0,"5":0,"6":0,"7":0,"8":0,"9":0,"10":0,"11":0,"12":0,"13":0,"14":0,"15":0,"16":0,"17":0,"18":0,"19":0},"b":{"0":[0],"1":[0,0],"2":[0],"3":[0],"4":[0],"5":[0,0],"6":[0,0],"7":[0,0],"8":[0,0],"9":[0,0],"10":[0,0,0]}}
,"C:\\Users\\tpiyu\\Downloads\\PastedPerfect\\PastedPerfect\\client\\src\\components\\Hero.tsx": {"path":"C:\\Users\\tpiyu\\Downloads\\PastedPerfect\\PastedPerfect\\client\\src\\components\\Hero.tsx","statementMap":{"0":{"start":{"line":4,"column":0},"end":{"line":4,"column":16}},"1":{"start":{"line":5,"column":2},"end":{"line":31,"column":4}}},"fnMap":{"0":{"name":"Hero","decl":{"start":{"line":4,"column":16},"end":{"line":4,"column":20}},"loc":{"start":{"line":4,"column":20},"end":{"line":32,"column":1}}}},"branchMap":{},"s":{"0":0,"1":0},"f":{"0":0},"b":{}}
,"C:\\Users\\tpiyu\\Downloads\\PastedPerfect\\PastedPerfect\\client\\src\\components\\InstagramFeed.tsx": {"path":"C:\\Users\\tpiyu\\Downloads\\PastedPerfect\\PastedPerfect\\client\\src\\components\\InstagramFeed.tsx","statementMap":{"0":{"start":{"line":4,"column":0},"end":{"line":4,"column":16}},"1":{"start":{"line":1,"column":0},"end":{"line":1,"column":41}},"2":{"start":{"line":2,"column":0},"end":{"line":2,"column":48}},"3":{"start":{"line":6,"column":16},"end":{"line":11,"column":4}},"4":{"start":{"line":13,"column":2},"end":{"line":48,"column":4}},"5":{"start":{"line":26,"column":10},"end":{"line":26,"column":23}}},"fnMap":{"0":{"name":"InstagramFeed","decl":{"start":{"line":4,"column":16},"end":{"line":4,"column":29}},"loc":{"start":{"line":4,"column":29},"end":{"line":49,"column":1}}},"1":{"name":"(anonymous_1)","decl":{"start":{"line":25,"column":19},"end":{"line":25,"column":20}},"loc":{"start":{"line":26,"column":10},"end":{"line":26,"column":23}}}},"branchMap":{},"s":{"0":0,"1":0,"2":0,"3":0,"4":0,"5":0},"f":{"0":0,"1":0},"b":{}}
,"C:\\Users\\tpiyu\\Downloads\\PastedPerfect\\PastedPerfect\\client\\src\\components\\Pre.tsx": {"path":"C:\\Users\\tpiyu\\Downloads\\PastedPerfect\\PastedPerfect\\client\\src\\components\\Pre.tsx","statementMap":{"0":{"start":{"line":3,"column":0},"end":{"line":3,"column":16}},"1":{"start":{"line":1,"column":0},"end":{"line":1,"column":44}},"2":{"start":{"line":4,"column":26},"end":{"line":4,"column":41}},"3":{"start":{"line":6,"column":2},"end":{"line":9,"column":9}},"4":{"start":{"line":7,"column":14},"end":{"line":7,"column":51}},"5":{"start":{"line":7,"column":31},"end":{"line":7,"column":44}},"6":{"start":{"line":8,"column":4},"end":{"line":8,"column":33}},"7":{"start":{"line":8,"column":17},"end":{"line":8,"column":32}},"8":{"start":{"line":11,"column":2},"end":{"line":26,"column":4}}},"fnMap":{"0":{"name":"Preloader","decl":{"start":{"line":3,"column":16},"end":{"line":3,"column":25}},"loc":{"start":{"line":3,"column":25},"end":{"line":27,"column":1}}},"1":{"name":"(anonymous_1)","decl":{"start":{"line":6,"column":12},"end":{"line":6,"column":15}},"loc":{"start":{"line":6,"column":17},"end":{"line":9,"column":3}}},"2":{"name":"(anonymous_2)","decl":{"start":{"line":7,"column":25},"end":{"line":7,"column":28}},"loc":{"start":{"line":7,"column":31},"end":{"line":7,"column":44}}},"3":{"name":"(anonymous_3)","decl":{"start":{"line":8,"column":11},"end":{"line":8,"column":14}},"loc":{"start":{"line":8,"column":17},"end":{"line":8,"column":32}}}},"branchMap":{"0":{"loc":{"start":{"line":17,"column":10},"end":{"line":17,"column":64}},"type":"cond-expr","locations":[{"start":{"line":17,"column":17},"end":{"line":17,"column":48}},{"start":{"line":17,"column":51},"end":{"line":17,"column":64}}]}},"s":{"0":0,"1":0,"2":0,"3":0,"4":0,"5":0,"6":0,"7":0,"8":0},"f":{"0":0,"1":0,"2":0,"3":0},"b":{"0":[0,0]}}
,"C:\\Users\\tpiyu\\Downloads\\PastedPerfect\\PastedPerfect\\client\\src\\components\\ProductCard.tsx": {"path":"C:\\Users\\tpiyu\\Downloads\\PastedPerfect\\PastedPerfect\\client\\src\\components\\ProductCard.tsx","statementMap":{"0":{"start":{"line":12,"column":0},"end":{"line":12,"column":16}},"1":{"start":{"line":1,"column":0},"end":{"line":1,"column":57}},"2":{"start":{"line":2,"column":0},"end":{"line":2,"column":48}},"3":{"start":{"line":3,"column":0},"end":{"line":3,"column":31}},"4":{"start":{"line":4,"column":0},"end":{"line":4,"column":46}},"5":{"start":{"line":5,"column":0},"end":{"line":5,"column":51}},"6":{"start":{"line":6,"column":0},"end":{"line":6,"column":30}},"7":{"start":{"line":7,"column":0},"end":{"line":7,"column":43}},"8":{"start":{"line":8,"column":0},"end":{"line":8,"column":45}},"9":{"start":{"line":10,"column":0},"end":{"line":10,"column":51}},"10":{"start":{"line":13,"column":33},"end":{"line":13,"column":42}},"11":{"start":{"line":14,"column":20},"end":{"line":14,"column":30}},"12":{"start":{"line":15,"column":34},"end":{"line":15,"column":55}},"13":{"start":{"line":16,"column":48},"end":{"line":16,"column":61}},"14":{"start":{"line":17,"column":18},"end":{"line":17,"column":42}},"15":{"start":{"line":20,"column":19},"end":{"line":20,"column":43}},"16":{"start":{"line":21,"column":15},"end":{"line":21,"column":27}},"17":{"start":{"line":22,"column":16},"end":{"line":22,"column":54}},"18":{"start":{"line":23,"column":23},"end":{"line":23,"column":44}},"19":{"start":{"line":24,"column":27},"end":{"line":24,"column":84}},"20":{"start":{"line":25,"column":19},"end":{"line":25,"column":34}},"21":{"start":{"line":26,"column":15},"end":{"line":26,"column":41}},"22":{"start":{"line":28,"column":26},"end":{"line":36,"column":3}},"23":{"start":{"line":29,"column":4},"end":{"line":29,"column":23}},"24":{"start":{"line":30,"column":4},"end":{"line":30,"column":24}},"25":{"start":{"line":31,"column":4},"end":{"line":31,"column":23}},"26":{"start":{"line":32,"column":4},"end":{"line":35,"column":7}},"27":{"start":{"line":38,"column":24},"end":{"line":38,"column":118}},"28":{"start":{"line":40,"column":2},"end":{"line":112,"column":4}},"29":{"start":{"line":47,"column":29},"end":{"line":47,"column":46}},"30":{"start":{"line":69,"column":18},"end":{"line":69,"column":37}},"31":{"start":{"line":70,"column":18},"end":{"line":70,"column":38}},"32":{"start":{"line":71,"column":18},"end":{"line":77,"column":19}},"33":{"start":{"line":72,"column":20},"end":{"line":72,"column":43}},"34":{"start":{"line":73,"column":20},"end":{"line":73,"column":62}},"35":{"start":{"line":75,"column":20},"end":{"line":75,"column":37}},"36":{"start":{"line":76,"column":20},"end":{"line":76,"column":58}}},"fnMap":{"0":{"name":"ProductCard","decl":{"start":{"line":12,"column":16},"end":{"line":12,"column":27}},"loc":{"start":{"line":12,"column":57},"end":{"line":113,"column":1}}},"1":{"name":"(anonymous_7)","decl":{"start":{"line":28,"column":26},"end":{"line":28,"column":27}},"loc":{"start":{"line":28,"column":50},"end":{"line":36,"column":3}}},"2":{"name":"(anonymous_8)","decl":{"start":{"line":47,"column":23},"end":{"line":47,"column":26}},"loc":{"start":{"line":47,"column":29},"end":{"line":47,"column":46}}},"3":{"name":"(anonymous_9)","decl":{"start":{"line":68,"column":25},"end":{"line":68,"column":26}},"loc":{"start":{"line":68,"column":31},"end":{"line":78,"column":17}}}},"branchMap":{"0":{"loc":{"start":{"line":20,"column":19},"end":{"line":20,"column":43}},"type":"cond-expr","locations":[{"start":{"line":20,"column":38},"end":{"line":20,"column":40}},{"start":{"line":20,"column":38},"end":{"line":20,"column":43}}]},"1":{"loc":{"start":{"line":20,"column":19},"end":{"line":20,"column":40}},"type":"binary-expr","locations":[{"start":{"line":20,"column":19},"end":{"line":20,"column":40}},{"start":{"line":20,"column":38},"end":{"line":20,"column":40}}]},"2":{"loc":{"start":{"line":20,"column":19},"end":{"line":20,"column":38}},"type":"cond-expr","locations":[{"start":{"line":20,"column":33},"end":{"line":20,"column":36}},{"start":{"line":20,"column":33},"end":{"line":20,"column":38}}]},"3":{"loc":{"start":{"line":20,"column":19},"end":{"line":20,"column":36}},"type":"binary-expr","locations":[{"start":{"line":20,"column":19},"end":{"line":20,"column":36}},{"start":{"line":20,"column":33},"end":{"line":20,"column":36}}]},"4":{"loc":{"start":{"line":22,"column":16},"end":{"line":22,"column":54}},"type":"binary-expr","locations":[{"start":{"line":22,"column":16},"end":{"line":22,"column":29}},{"start":{"line":22,"column":33},"end":{"line":22,"column":54}}]},"5":{"loc":{"start":{"line":24,"column":27},"end":{"line":24,"column":84}},"type":"cond-expr","locations":[{"start":{"line":24,"column":52},"end":{"line":24,"column":54}},{"start":{"line":24,"column":52},"end":{"line":24,"column":84}}]},"6":{"loc":{"start":{"line":24,"column":27},"end":{"line":24,"column":54}},"type":"binary-expr","locations":[{"start":{"line":24,"column":27},"end":{"line":24,"column":54}},{"start":{"line":24,"column":52},"end":{"line":24,"column":54}}]},"7":{"loc":{"start":{"line":26,"column":15},"end":{"line":26,"column":41}},"type":"binary-expr","locations":[{"start":{"line":26,"column":15},"end":{"line":26,"column":27}},{"start":{"line":26,"column":31},"end":{"line":26,"column":41}}]},"8":{"loc":{"start":{"line":46,"column":19},"end":{"line":46,"column":54}},"type":"cond-expr","locations":[{"start":{"line":46,"column":30},"end":{"line":46,"column":43}},{"start":{"line":46,"column":46},"end":{"line":46,"column":54}}]},"9":{"loc":{"start":{"line":71,"column":18},"end":{"line":77,"column":19}},"type":"if","locations":[{"start":{"line":71,"column":18},"end":{"line":77,"column":19}},{"start":{"line":74,"column":25},"end":{"line":77,"column":19}}]},"10":{"loc":{"start":{"line":80,"column":45},"end":{"line":80,"column":87}},"type":"cond-expr","locations":[{"start":{"line":80,"column":55},"end":{"line":80,"column":82}},{"start":{"line":80,"column":85},"end":{"line":80,"column":87}}]},"11":{"loc":{"start":{"line":86,"column":9},"end":{"line":89,"column":null}},"type":"binary-expr","locations":[{"start":{"line":86,"column":9},"end":{"line":86,"column":17}},{"start":{"line":87,"column":10},"end":{"line":87,"column":null}}]},"12":{"loc":{"start":{"line":100,"column":13},"end":{"line":103,"column":null}},"type":"binary-expr","locations":[{"start":{"line":100,"column":13},"end":{"line":100,"column":21}},{"start":{"line":100,"column":25},"end":{"line":100,"column":37}},{"start":{"line":101,"column":14},"end":{"line":102,"column":null}}]}},"s":{"0":1,"1":1,"2":1,"3":1,"4":1,"5":1,"6":1,"7":1,"8":1,"9":1,"10":7,"11":7,"12":7,"13":7,"14":7,"15":7,"16":7,"17":7,"18":7,"19":7,"20":7,"21":7,"22":7,"23":0,"24":0,"25":0,"26":0,"27":7,"28":7,"29":0,"30":0,"31":0,"32":0,"33":0,"34":0,"35":0,"36":0},"f":{"0":7,"1":0,"2":0,"3":0},"b":{"0":[1,6],"1":[7,7],"2":[0,7],"3":[7,7],"4":[7,0],"5":[7,0],"6":[7,7],"7":[7,0],"8":[0,7],"9":[0,0],"10":[0,7],"11":[7,0],"12":[7,0,0]}}
,"C:\\Users\\tpiyu\\Downloads\\PastedPerfect\\PastedPerfect\\client\\src\\components\\ProductGrid.tsx": {"path":"C:\\Users\\tpiyu\\Downloads\\PastedPerfect\\PastedPerfect\\client\\src\\components\\ProductGrid.tsx","statementMap":{"0":{"start":{"line":12,"column":0},"end":{"line":12,"column":24}},"1":{"start":{"line":2,"column":0},"end":{"line":2,"column":44}},"2":{"start":{"line":3,"column":0},"end":{"line":3,"column":48}},"3":{"start":{"line":13,"column":34},"end":{"line":13,"column":57}},"4":{"start":{"line":14,"column":32},"end":{"line":14,"column":46}},"5":{"start":{"line":16,"column":2},"end":{"line":18,"column":33}},"6":{"start":{"line":17,"column":4},"end":{"line":17,"column":20}},"7":{"start":{"line":20,"column":24},"end":{"line":36,"column":4}},"8":{"start":{"line":20,"column":35},"end":{"line":36,"column":4}},"9":{"start":{"line":21,"column":4},"end":{"line":35,"column":5}},"10":{"start":{"line":22,"column":26},"end":{"line":22,"column":28}},"11":{"start":{"line":23,"column":6},"end":{"line":27,"column":7}},"12":{"start":{"line":24,"column":8},"end":{"line":24,"column":37}},"13":{"start":{"line":25,"column":13},"end":{"line":27,"column":7}},"14":{"start":{"line":26,"column":8},"end":{"line":26,"column":39}},"15":{"start":{"line":29,"column":19},"end":{"line":29,"column":44}},"16":{"start":{"line":30,"column":6},"end":{"line":30,"column":24}},"17":{"start":{"line":32,"column":6},"end":{"line":32,"column":55}},"18":{"start":{"line":34,"column":6},"end":{"line":34,"column":24}},"19":{"start":{"line":38,"column":2},"end":{"line":38,"column":53}},"20":{"start":{"line":38,"column":15},"end":{"line":38,"column":53}},"21":{"start":{"line":40,"column":2},"end":{"line":61,"column":4}},"22":{"start":{"line":42,"column":33},"end":{"line":59,"column":8}}},"fnMap":{"0":{"name":"ProductGrid","decl":{"start":{"line":12,"column":24},"end":{"line":12,"column":35}},"loc":{"start":{"line":12,"column":82},"end":{"line":62,"column":1}}},"1":{"name":"(anonymous_8)","decl":{"start":{"line":16,"column":12},"end":{"line":16,"column":15}},"loc":{"start":{"line":16,"column":17},"end":{"line":18,"column":3}}},"2":{"name":"(anonymous_9)","decl":{"start":{"line":20,"column":24},"end":{"line":20,"column":33}},"loc":{"start":{"line":20,"column":35},"end":{"line":36,"column":4}}},"3":{"name":"(anonymous_10)","decl":{"start":{"line":20,"column":35},"end":{"line":20,"column":null}},"loc":{"start":{"line":20,"column":35},"end":{"line":36,"column":3}}},"4":{"name":"(anonymous_11)","decl":{"start":{"line":42,"column":20},"end":{"line":42,"column":21}},"loc":{"start":{"line":42,"column":32},"end":{"line":59,"column":8}}}},"branchMap":{"0":{"loc":{"start":{"line":23,"column":6},"end":{"line":27,"column":7}},"type":"if","locations":[{"start":{"line":23,"column":6},"end":{"line":27,"column":7}},{"start":{"line":25,"column":13},"end":{"line":27,"column":7}}]},"1":{"loc":{"start":{"line":25,"column":13},"end":{"line":27,"column":7}},"type":"if","locations":[{"start":{"line":25,"column":13},"end":{"line":27,"column":7}}]},"2":{"loc":{"start":{"line":38,"column":2},"end":{"line":38,"column":53}},"type":"if","locations":[{"start":{"line":38,"column":2},"end":{"line":38,"column":53}}]},"3":{"loc":{"start":{"line":45,"column":17},"end":{"line":45,"column":63}},"type":"binary-expr","locations":[{"start":{"line":45,"column":17},"end":{"line":45,"column":41}},{"start":{"line":45,"column":45},"end":{"line":45,"column":63}}]},"4":{"loc":{"start":{"line":45,"column":17},"end":{"line":45,"column":41}},"type":"cond-expr","locations":[{"start":{"line":45,"column":36},"end":{"line":45,"column":38}},{"start":{"line":45,"column":36},"end":{"line":45,"column":41}}]},"5":{"loc":{"start":{"line":45,"column":17},"end":{"line":45,"column":38}},"type":"binary-expr","locations":[{"start":{"line":45,"column":17},"end":{"line":45,"column":38}},{"start":{"line":45,"column":36},"end":{"line":45,"column":38}}]},"6":{"loc":{"start":{"line":45,"column":17},"end":{"line":45,"column":36}},"type":"cond-expr","locations":[{"start":{"line":45,"column":31},"end":{"line":45,"column":34}},{"start":{"line":45,"column":31},"end":{"line":45,"column":36}}]},"7":{"loc":{"start":{"line":45,"column":17},"end":{"line":45,"column":34}},"type":"binary-expr","locations":[{"start":{"line":45,"column":17},"end":{"line":45,"column":34}},{"start":{"line":45,"column":31},"end":{"line":45,"column":34}}]}},"s":{"0":0,"1":0,"2":0,"3":0,"4":0,"5":0,"6":0,"7":0,"8":0,"9":0,"10":0,"11":0,"12":0,"13":0,"14":0,"15":0,"16":0,"17":0,"18":0,"19":0,"20":0,"21":0,"22":0},"f":{"0":0,"1":0,"2":0,"3":0,"4":0},"b":{"0":[0,0],"1":[0],"2":[0],"3":[0,0],"4":[0,0],"5":[0,0],"6":[0,0],"7":[0,0]}}
,"C:\\Users\\tpiyu\\Downloads\\PastedPerfect\\PastedPerfect\\client\\src\\components\\SectionDivider.tsx": {"path":"C:\\Users\\tpiyu\\Downloads\\PastedPerfect\\PastedPerfect\\client\\src\\components\\SectionDivider.tsx","statementMap":{"0":{"start":{"line":3,"column":0},"end":{"line":3,"column":16}},"1":{"start":{"line":1,"column":0},"end":{"line":1,"column":33}},"2":{"start":{"line":4,"column":4},"end":{"line":13,"column":5}},"3":{"start":{"line":5,"column":8},"end":{"line":12,"column":10}},"4":{"start":{"line":15,"column":4},"end":{"line":21,"column":6}}},"fnMap":{"0":{"name":"SectionDivider","decl":{"start":{"line":3,"column":16},"end":{"line":3,"column":30}},"loc":{"start":{"line":3,"column":119},"end":{"line":22,"column":1}}}},"branchMap":{"0":{"loc":{"start":{"line":3,"column":44},"end":{"line":3,"column":62}},"type":"default-arg","locations":[{"start":{"line":3,"column":54},"end":{"line":3,"column":62}}]},"1":{"loc":{"start":{"line":4,"column":4},"end":{"line":13,"column":5}},"type":"if","locations":[{"start":{"line":4,"column":4},"end":{"line":13,"column":5}}]}},"s":{"0":0,"1":0,"2":0,"3":0,"4":0},"f":{"0":0},"b":{"0":[0],"1":[0]}}
,"C:\\Users\\tpiyu\\Downloads\\PastedPerfect\\PastedPerfect\\client\\src\\components\\SidebarFilter.tsx": {"path":"C:\\Users\\tpiyu\\Downloads\\PastedPerfect\\PastedPerfect\\client\\src\\components\\SidebarFilter.tsx","statementMap":{"0":{"start":{"line":20,"column":0},"end":{"line":20,"column":16}},"1":{"start":{"line":1,"column":0},"end":{"line":1,"column":47}},"2":{"start":{"line":2,"column":0},"end":{"line":2,"column":47}},"3":{"start":{"line":3,"column":0},"end":{"line":3,"column":29}},"4":{"start":{"line":4,"column":0},"end":{"line":4,"column":32}},"5":{"start":{"line":29,"column":24},"end":{"line":35,"column":5}},"6":{"start":{"line":30,"column":8},"end":{"line":34,"column":25}},"7":{"start":{"line":37,"column":4},"end":{"line":100,"column":null}},"8":{"start":{"line":44,"column":24},"end":{"line":44,"column":50}},"9":{"start":{"line":80,"column":44},"end":{"line":80,"column":75}}},"fnMap":{"0":{"name":"SidebarFilter","decl":{"start":{"line":20,"column":16},"end":{"line":20,"column":29}},"loc":{"start":{"line":27,"column":21},"end":{"line":101,"column":1}}},"1":{"name":"(anonymous_1)","decl":{"start":{"line":29,"column":24},"end":{"line":29,"column":25}},"loc":{"start":{"line":29,"column":42},"end":{"line":35,"column":5}}},"2":{"name":"(anonymous_2)","decl":{"start":{"line":43,"column":36},"end":{"line":43,"column":37}},"loc":{"start":{"line":44,"column":24},"end":{"line":44,"column":50}}},"3":{"name":"(anonymous_3)","decl":{"start":{"line":80,"column":35},"end":{"line":80,"column":36}},"loc":{"start":{"line":80,"column":44},"end":{"line":80,"column":75}}}},"branchMap":{"0":{"loc":{"start":{"line":48,"column":36},"end":{"line":48,"column":127}},"type":"cond-expr","locations":[{"start":{"line":48,"column":56},"end":{"line":48,"column":82}},{"start":{"line":48,"column":85},"end":{"line":48,"column":127}}]},"1":{"loc":{"start":{"line":55,"column":40},"end":{"line":57,"column":119}},"type":"cond-expr","locations":[{"start":{"line":56,"column":46},"end":{"line":56,"column":97}},{"start":{"line":57,"column":46},"end":{"line":57,"column":119}}]},"2":{"loc":{"start":{"line":88,"column":21},"end":{"line":95,"column":null}},"type":"binary-expr","locations":[{"start":{"line":88,"column":21},"end":{"line":88,"column":34}},{"start":{"line":89,"column":24},"end":{"line":92,"column":null}}]}},"s":{"0":0,"1":0,"2":0,"3":0,"4":0,"5":0,"6":0,"7":0,"8":0,"9":0},"f":{"0":0,"1":0,"2":0,"3":0},"b":{"0":[0,0],"1":[0,0],"2":[0,0]}}
,"C:\\Users\\tpiyu\\Downloads\\PastedPerfect\\PastedPerfect\\client\\src\\components\\Testimonials.tsx": {"path":"C:\\Users\\tpiyu\\Downloads\\PastedPerfect\\PastedPerfect\\client\\src\\components\\Testimonials.tsx","statementMap":{"0":{"start":{"line":11,"column":0},"end":{"line":11,"column":16}},"1":{"start":{"line":1,"column":0},"end":{"line":1,"column":37}},"2":{"start":{"line":2,"column":0},"end":{"line":2,"column":57}},"3":{"start":{"line":3,"column":0},"end":{"line":3,"column":null}},"4":{"start":{"line":12,"column":18},"end":{"line":33,"column":4}},"5":{"start":{"line":35,"column":2},"end":{"line":91,"column":4}},"6":{"start":{"line":65,"column":14},"end":{"line":65,"column":40}}},"fnMap":{"0":{"name":"Testimonials","decl":{"start":{"line":11,"column":16},"end":{"line":11,"column":28}},"loc":{"start":{"line":11,"column":28},"end":{"line":92,"column":1}}},"1":{"name":"(anonymous_1)","decl":{"start":{"line":64,"column":25},"end":{"line":64,"column":26}},"loc":{"start":{"line":65,"column":14},"end":{"line":65,"column":40}}}},"branchMap":{},"s":{"0":0,"1":0,"2":0,"3":0,"4":0,"5":0,"6":0},"f":{"0":0,"1":0},"b":{}}
,"C:\\Users\\tpiyu\\Downloads\\PastedPerfect\\PastedPerfect\\client\\src\\components\\TrustBadges.tsx": {"path":"C:\\Users\\tpiyu\\Downloads\\PastedPerfect\\PastedPerfect\\client\\src\\components\\TrustBadges.tsx","statementMap":{"0":{"start":{"line":3,"column":0},"end":{"line":3,"column":16}},"1":{"start":{"line":1,"column":0},"end":{"line":1,"column":66}},"2":{"start":{"line":4,"column":17},"end":{"line":25,"column":4}},"3":{"start":{"line":27,"column":2},"end":{"line":47,"column":4}},"4":{"start":{"line":32,"column":12},"end":{"line":32,"column":29}}},"fnMap":{"0":{"name":"TrustBadges","decl":{"start":{"line":3,"column":16},"end":{"line":3,"column":27}},"loc":{"start":{"line":3,"column":27},"end":{"line":48,"column":1}}},"1":{"name":"(anonymous_1)","decl":{"start":{"line":31,"column":22},"end":{"line":31,"column":23}},"loc":{"start":{"line":32,"column":12},"end":{"line":32,"column":29}}}},"branchMap":{},"s":{"0":0,"1":0,"2":0,"3":0,"4":0},"f":{"0":0,"1":0},"b":{}}
,"C:\\Users\\tpiyu\\Downloads\\PastedPerfect\\PastedPerfect\\client\\src\\components\\ui\\accordion.tsx": {"path":"C:\\Users\\tpiyu\\Downloads\\PastedPerfect\\PastedPerfect\\client\\src\\components\\ui\\accordion.tsx","statementMap":{"0":{"start":{"line":1,"column":0},"end":{"line":1,"column":30}},"1":{"start":{"line":2,"column":0},"end":{"line":2,"column":63}},"2":{"start":{"line":3,"column":0},"end":{"line":3,"column":42}},"3":{"start":{"line":5,"column":0},"end":{"line":5,"column":32}},"4":{"start":{"line":7,"column":18},"end":{"line":7,"column":41}},"5":{"start":{"line":56,"column":9},"end":{"line":56,"column":18}},"6":{"start":{"line":9,"column":22},"end":{"line":18,"column":2}},"7":{"start":{"line":12,"column":14},"end":{"line":12,"column":19}},"8":{"start":{"line":12,"column":24},"end":{"line":12,"column":28}},"9":{"start":{"line":12,"column":36},"end":{"line":18,"column":2}},"10":{"start":{"line":56,"column":20},"end":{"line":56,"column":33}},"11":{"start":{"line":19,"column":0},"end":{"line":19,"column":null}},"12":{"start":{"line":21,"column":25},"end":{"line":38,"column":2}},"13":{"start":{"line":24,"column":24},"end":{"line":24,"column":29}},"14":{"start":{"line":24,"column":34},"end":{"line":24,"column":38}},"15":{"start":{"line":24,"column":46},"end":{"line":38,"column":2}},"16":{"start":{"line":56,"column":35},"end":{"line":56,"column":51}},"17":{"start":{"line":39,"column":0},"end":{"line":39,"column":null}},"18":{"start":{"line":41,"column":25},"end":{"line":52,"column":2}},"19":{"start":{"line":44,"column":24},"end":{"line":44,"column":29}},"20":{"start":{"line":44,"column":34},"end":{"line":44,"column":38}},"21":{"start":{"line":44,"column":46},"end":{"line":52,"column":2}},"22":{"start":{"line":56,"column":53},"end":{"line":56,"column":69}},"23":{"start":{"line":54,"column":0},"end":{"line":54,"column":null}}},"fnMap":{"0":{"name":"(anonymous_7)","decl":{"start":{"line":12,"column":2},"end":{"line":12,"column":3}},"loc":{"start":{"line":12,"column":35},"end":{"line":18,"column":2}}},"1":{"name":"(anonymous_8)","decl":{"start":{"line":24,"column":2},"end":{"line":24,"column":3}},"loc":{"start":{"line":24,"column":45},"end":{"line":38,"column":2}}},"2":{"name":"(anonymous_9)","decl":{"start":{"line":44,"column":2},"end":{"line":44,"column":3}},"loc":{"start":{"line":44,"column":45},"end":{"line":52,"column":2}}}},"branchMap":{},"s":{"0":0,"1":0,"2":0,"3":0,"4":0,"5":0,"6":0,"7":0,"8":0,"9":0,"10":0,"11":0,"12":0,"13":0,"14":0,"15":0,"16":0,"17":0,"18":0,"19":0,"20":0,"21":0,"22":0,"23":0},"f":{"0":0,"1":0,"2":0},"b":{}}
,"C:\\Users\\tpiyu\\Downloads\\PastedPerfect\\PastedPerfect\\client\\src\\components\\ui\\alert-dialog.tsx": {"path":"C:\\Users\\tpiyu\\Downloads\\PastedPerfect\\PastedPerfect\\client\\src\\components\\ui\\alert-dialog.tsx","statementMap":{"0":{"start":{"line":1,"column":0},"end":{"line":1,"column":30}},"1":{"start":{"line":2,"column":0},"end":{"line":2,"column":68}},"2":{"start":{"line":4,"column":0},"end":{"line":4,"column":32}},"3":{"start":{"line":5,"column":0},"end":{"line":5,"column":55}},"4":{"start":{"line":7,"column":20},"end":{"line":7,"column":45}},"5":{"start":{"line":128,"column":2},"end":{"line":128,"column":13}},"6":{"start":{"line":9,"column":27},"end":{"line":9,"column":55}},"7":{"start":{"line":131,"column":2},"end":{"line":131,"column":20}},"8":{"start":{"line":11,"column":26},"end":{"line":11,"column":53}},"9":{"start":{"line":129,"column":2},"end":{"line":129,"column":19}},"10":{"start":{"line":13,"column":27},"end":{"line":25,"column":2}},"11":{"start":{"line":16,"column":14},"end":{"line":16,"column":19}},"12":{"start":{"line":16,"column":24},"end":{"line":16,"column":28}},"13":{"start":{"line":16,"column":36},"end":{"line":25,"column":2}},"14":{"start":{"line":130,"column":2},"end":{"line":130,"column":20}},"15":{"start":{"line":26,"column":0},"end":{"line":26,"column":null}},"16":{"start":{"line":28,"column":27},"end":{"line":43,"column":2}},"17":{"start":{"line":31,"column":14},"end":{"line":31,"column":19}},"18":{"start":{"line":31,"column":24},"end":{"line":31,"column":28}},"19":{"start":{"line":31,"column":36},"end":{"line":43,"column":2}},"20":{"start":{"line":132,"column":2},"end":{"line":132,"column":20}},"21":{"start":{"line":44,"column":0},"end":{"line":44,"column":null}},"22":{"start":{"line":46,"column":26},"end":{"line":57,"column":null}},"23":{"start":{"line":47,"column":11},"end":{"line":47,"column":null}},"24":{"start":{"line":48,"column":10},"end":{"line":49,"column":39}},"25":{"start":{"line":49,"column":44},"end":{"line":57,"column":null}},"26":{"start":{"line":133,"column":2},"end":{"line":133,"column":19}},"27":{"start":{"line":58,"column":0},"end":{"line":58,"column":null}},"28":{"start":{"line":60,"column":26},"end":{"line":71,"column":null}},"29":{"start":{"line":61,"column":11},"end":{"line":61,"column":null}},"30":{"start":{"line":62,"column":10},"end":{"line":63,"column":39}},"31":{"start":{"line":63,"column":44},"end":{"line":71,"column":null}},"32":{"start":{"line":134,"column":2},"end":{"line":134,"column":19}},"33":{"start":{"line":72,"column":0},"end":{"line":72,"column":null}},"34":{"start":{"line":74,"column":25},"end":{"line":83,"column":2}},"35":{"start":{"line":77,"column":14},"end":{"line":77,"column":19}},"36":{"start":{"line":77,"column":24},"end":{"line":77,"column":28}},"37":{"start":{"line":77,"column":36},"end":{"line":83,"column":2}},"38":{"start":{"line":135,"column":2},"end":{"line":135,"column":18}},"39":{"start":{"line":84,"column":0},"end":{"line":84,"column":null}},"40":{"start":{"line":86,"column":31},"end":{"line":95,"column":2}},"41":{"start":{"line":89,"column":14},"end":{"line":89,"column":19}},"42":{"start":{"line":89,"column":24},"end":{"line":89,"column":28}},"43":{"start":{"line":89,"column":36},"end":{"line":95,"column":2}},"44":{"start":{"line":136,"column":2},"end":{"line":136,"column":24}},"45":{"start":{"line":96,"column":0},"end":{"line":97,"column":null}},"46":{"start":{"line":99,"column":26},"end":{"line":108,"column":2}},"47":{"start":{"line":102,"column":14},"end":{"line":102,"column":19}},"48":{"start":{"line":102,"column":24},"end":{"line":102,"column":28}},"49":{"start":{"line":102,"column":36},"end":{"line":108,"column":2}},"50":{"start":{"line":137,"column":2},"end":{"line":137,"column":19}},"51":{"start":{"line":109,"column":0},"end":{"line":109,"column":null}},"52":{"start":{"line":111,"column":26},"end":{"line":124,"column":2}},"53":{"start":{"line":114,"column":14},"end":{"line":114,"column":19}},"54":{"start":{"line":114,"column":24},"end":{"line":114,"column":28}},"55":{"start":{"line":114,"column":36},"end":{"line":124,"column":2}},"56":{"start":{"line":138,"column":2},"end":{"line":138,"column":19}},"57":{"start":{"line":125,"column":0},"end":{"line":125,"column":null}}},"fnMap":{"0":{"name":"(anonymous_7)","decl":{"start":{"line":16,"column":2},"end":{"line":16,"column":3}},"loc":{"start":{"line":16,"column":35},"end":{"line":25,"column":2}}},"1":{"name":"(anonymous_8)","decl":{"start":{"line":31,"column":2},"end":{"line":31,"column":3}},"loc":{"start":{"line":31,"column":35},"end":{"line":43,"column":2}}},"2":{"name":"(anonymous_9)","decl":{"start":{"line":46,"column":26},"end":{"line":46,"column":27}},"loc":{"start":{"line":49,"column":43},"end":{"line":57,"column":null}}},"3":{"name":"(anonymous_10)","decl":{"start":{"line":60,"column":26},"end":{"line":60,"column":27}},"loc":{"start":{"line":63,"column":43},"end":{"line":71,"column":null}}},"4":{"name":"(anonymous_11)","decl":{"start":{"line":77,"column":2},"end":{"line":77,"column":3}},"loc":{"start":{"line":77,"column":35},"end":{"line":83,"column":2}}},"5":{"name":"(anonymous_12)","decl":{"start":{"line":89,"column":2},"end":{"line":89,"column":3}},"loc":{"start":{"line":89,"column":35},"end":{"line":95,"column":2}}},"6":{"name":"(anonymous_13)","decl":{"start":{"line":102,"column":2},"end":{"line":102,"column":3}},"loc":{"start":{"line":102,"column":35},"end":{"line":108,"column":2}}},"7":{"name":"(anonymous_14)","decl":{"start":{"line":114,"column":2},"end":{"line":114,"column":3}},"loc":{"start":{"line":114,"column":35},"end":{"line":124,"column":2}}}},"branchMap":{},"s":{"0":0,"1":0,"2":0,"3":0,"4":0,"5":0,"6":0,"7":0,"8":0,"9":0,"10":0,"11":0,"12":0,"13":0,"14":0,"15":0,"16":0,"17":0,"18":0,"19":0,"20":0,"21":0,"22":0,"23":0,"24":0,"25":0,"26":0,"27":0,"28":0,"29":0,"30":0,"31":0,"32":0,"33":0,"34":0,"35":0,"36":0,"37":0,"38":0,"39":0,"40":0,"41":0,"42":0,"43":0,"44":0,"45":0,"46":0,"47":0,"48":0,"49":0,"50":0,"51":0,"52":0,"53":0,"54":0,"55":0,"56":0,"57":0},"f":{"0":0,"1":0,"2":0,"3":0,"4":0,"5":0,"6":0,"7":0},"b":{}}
,"C:\\Users\\tpiyu\\Downloads\\PastedPerfect\\PastedPerfect\\client\\src\\components\\ui\\alert.tsx": {"path":"C:\\Users\\tpiyu\\Downloads\\PastedPerfect\\PastedPerfect\\client\\src\\components\\ui\\alert.tsx","statementMap":{"0":{"start":{"line":1,"column":0},"end":{"line":1,"column":30}},"1":{"start":{"line":2,"column":0},"end":{"line":2,"column":65}},"2":{"start":{"line":4,"column":0},"end":{"line":4,"column":32}},"3":{"start":{"line":6,"column":22},"end":{"line":19,"column":null}},"4":{"start":{"line":22,"column":14},"end":{"line":32,"column":2}},"5":{"start":{"line":25,"column":23},"end":{"line":25,"column":28}},"6":{"start":{"line":25,"column":33},"end":{"line":25,"column":37}},"7":{"start":{"line":25,"column":45},"end":{"line":32,"column":2}},"8":{"start":{"line":59,"column":9},"end":{"line":59,"column":14}},"9":{"start":{"line":33,"column":0},"end":{"line":33,"column":null}},"10":{"start":{"line":35,"column":19},"end":{"line":44,"column":2}},"11":{"start":{"line":38,"column":14},"end":{"line":38,"column":19}},"12":{"start":{"line":38,"column":24},"end":{"line":38,"column":28}},"13":{"start":{"line":38,"column":36},"end":{"line":44,"column":2}},"14":{"start":{"line":59,"column":16},"end":{"line":59,"column":26}},"15":{"start":{"line":45,"column":0},"end":{"line":45,"column":null}},"16":{"start":{"line":47,"column":25},"end":{"line":56,"column":2}},"17":{"start":{"line":50,"column":14},"end":{"line":50,"column":19}},"18":{"start":{"line":50,"column":24},"end":{"line":50,"column":28}},"19":{"start":{"line":50,"column":36},"end":{"line":56,"column":2}},"20":{"start":{"line":59,"column":28},"end":{"line":59,"column":44}},"21":{"start":{"line":57,"column":0},"end":{"line":57,"column":null}}},"fnMap":{"0":{"name":"(anonymous_7)","decl":{"start":{"line":25,"column":2},"end":{"line":25,"column":3}},"loc":{"start":{"line":25,"column":44},"end":{"line":32,"column":2}}},"1":{"name":"(anonymous_8)","decl":{"start":{"line":38,"column":2},"end":{"line":38,"column":3}},"loc":{"start":{"line":38,"column":35},"end":{"line":44,"column":2}}},"2":{"name":"(anonymous_9)","decl":{"start":{"line":50,"column":2},"end":{"line":50,"column":3}},"loc":{"start":{"line":50,"column":35},"end":{"line":56,"column":2}}}},"branchMap":{},"s":{"0":0,"1":0,"2":0,"3":0,"4":0,"5":0,"6":0,"7":0,"8":0,"9":0,"10":0,"11":0,"12":0,"13":0,"14":0,"15":0,"16":0,"17":0,"18":0,"19":0,"20":0,"21":0},"f":{"0":0,"1":0,"2":0},"b":{}}
,"C:\\Users\\tpiyu\\Downloads\\PastedPerfect\\PastedPerfect\\client\\src\\components\\ui\\aspect-ratio.tsx": {"path":"C:\\Users\\tpiyu\\Downloads\\PastedPerfect\\PastedPerfect\\client\\src\\components\\ui\\aspect-ratio.tsx","statementMap":{"0":{"start":{"line":1,"column":0},"end":{"line":1,"column":68}},"1":{"start":{"line":3,"column":20},"end":{"line":3,"column":45}},"2":{"start":{"line":5,"column":9},"end":{"line":5,"column":20}}},"fnMap":{},"branchMap":{},"s":{"0":0,"1":0,"2":0},"f":{},"b":{}}
,"C:\\Users\\tpiyu\\Downloads\\PastedPerfect\\PastedPerfect\\client\\src\\components\\ui\\avatar.tsx": {"path":"C:\\Users\\tpiyu\\Downloads\\PastedPerfect\\PastedPerfect\\client\\src\\components\\ui\\avatar.tsx","statementMap":{"0":{"start":{"line":3,"column":0},"end":{"line":3,"column":30}},"1":{"start":{"line":4,"column":0},"end":{"line":4,"column":57}},"2":{"start":{"line":6,"column":0},"end":{"line":6,"column":32}},"3":{"start":{"line":8,"column":15},"end":{"line":21,"column":2}},"4":{"start":{"line":11,"column":14},"end":{"line":11,"column":19}},"5":{"start":{"line":11,"column":24},"end":{"line":11,"column":28}},"6":{"start":{"line":11,"column":36},"end":{"line":21,"column":2}},"7":{"start":{"line":51,"column":9},"end":{"line":51,"column":15}},"8":{"start":{"line":22,"column":0},"end":{"line":22,"column":null}},"9":{"start":{"line":24,"column":20},"end":{"line":33,"column":2}},"10":{"start":{"line":27,"column":14},"end":{"line":27,"column":19}},"11":{"start":{"line":27,"column":24},"end":{"line":27,"column":28}},"12":{"start":{"line":27,"column":36},"end":{"line":33,"column":2}},"13":{"start":{"line":51,"column":17},"end":{"line":51,"column":28}},"14":{"start":{"line":34,"column":0},"end":{"line":34,"column":null}},"15":{"start":{"line":36,"column":23},"end":{"line":48,"column":2}},"16":{"start":{"line":39,"column":14},"end":{"line":39,"column":19}},"17":{"start":{"line":39,"column":24},"end":{"line":39,"column":28}},"18":{"start":{"line":39,"column":36},"end":{"line":48,"column":2}},"19":{"start":{"line":51,"column":30},"end":{"line":51,"column":44}},"20":{"start":{"line":49,"column":0},"end":{"line":49,"column":null}}},"fnMap":{"0":{"name":"(anonymous_7)","decl":{"start":{"line":11,"column":2},"end":{"line":11,"column":3}},"loc":{"start":{"line":11,"column":35},"end":{"line":21,"column":2}}},"1":{"name":"(anonymous_8)","decl":{"start":{"line":27,"column":2},"end":{"line":27,"column":3}},"loc":{"start":{"line":27,"column":35},"end":{"line":33,"column":2}}},"2":{"name":"(anonymous_9)","decl":{"start":{"line":39,"column":2},"end":{"line":39,"column":3}},"loc":{"start":{"line":39,"column":35},"end":{"line":48,"column":2}}}},"branchMap":{},"s":{"0":0,"1":0,"2":0,"3":0,"4":0,"5":0,"6":0,"7":0,"8":0,"9":0,"10":0,"11":0,"12":0,"13":0,"14":0,"15":0,"16":0,"17":0,"18":0,"19":0,"20":0},"f":{"0":0,"1":0,"2":0},"b":{}}
,"C:\\Users\\tpiyu\\Downloads\\PastedPerfect\\PastedPerfect\\client\\src\\components\\ui\\badge.tsx": {"path":"C:\\Users\\tpiyu\\Downloads\\PastedPerfect\\PastedPerfect\\client\\src\\components\\ui\\badge.tsx","statementMap":{"0":{"start":{"line":38,"column":9},"end":{"line":38,"column":14}},"1":{"start":{"line":1,"column":0},"end":{"line":1,"column":30}},"2":{"start":{"line":2,"column":0},"end":{"line":2,"column":65}},"3":{"start":{"line":4,"column":0},"end":{"line":4,"column":32}},"4":{"start":{"line":6,"column":22},"end":{"line":25,"column":null}},"5":{"start":{"line":38,"column":16},"end":{"line":38,"column":29}},"6":{"start":{"line":32,"column":35},"end":{"line":32,"column":40}},"7":{"start":{"line":32,"column":45},"end":{"line":32,"column":59}},"8":{"start":{"line":33,"column":2},"end":{"line":35,"column":4}}},"fnMap":{"0":{"name":"Badge","decl":{"start":{"line":32,"column":9},"end":{"line":32,"column":14}},"loc":{"start":{"line":32,"column":59},"end":{"line":36,"column":1}}}},"branchMap":{},"s":{"0":1,"1":1,"2":1,"3":1,"4":1,"5":1,"6":0,"7":0,"8":0},"f":{"0":0},"b":{}}
,"C:\\Users\\tpiyu\\Downloads\\PastedPerfect\\PastedPerfect\\client\\src\\components\\ui\\breadcrumb.tsx": {"path":"C:\\Users\\tpiyu\\Downloads\\PastedPerfect\\PastedPerfect\\client\\src\\components\\ui\\breadcrumb.tsx","statementMap":{"0":{"start":{"line":1,"column":0},"end":{"line":1,"column":30}},"1":{"start":{"line":2,"column":0},"end":{"line":2,"column":43}},"2":{"start":{"line":3,"column":0},"end":{"line":3,"column":59}},"3":{"start":{"line":5,"column":0},"end":{"line":5,"column":32}},"4":{"start":{"line":7,"column":19},"end":{"line":12,"column":78}},"5":{"start":{"line":12,"column":13},"end":{"line":12,"column":17}},"6":{"start":{"line":12,"column":25},"end":{"line":12,"column":78}},"7":{"start":{"line":108,"column":2},"end":{"line":108,"column":12}},"8":{"start":{"line":13,"column":0},"end":{"line":13,"column":null}},"9":{"start":{"line":15,"column":23},"end":{"line":27,"column":2}},"10":{"start":{"line":18,"column":14},"end":{"line":18,"column":19}},"11":{"start":{"line":18,"column":24},"end":{"line":18,"column":28}},"12":{"start":{"line":18,"column":36},"end":{"line":27,"column":2}},"13":{"start":{"line":109,"column":2},"end":{"line":109,"column":16}},"14":{"start":{"line":28,"column":0},"end":{"line":28,"column":null}},"15":{"start":{"line":30,"column":23},"end":{"line":39,"column":2}},"16":{"start":{"line":33,"column":14},"end":{"line":33,"column":19}},"17":{"start":{"line":33,"column":24},"end":{"line":33,"column":28}},"18":{"start":{"line":33,"column":36},"end":{"line":39,"column":2}},"19":{"start":{"line":110,"column":2},"end":{"line":110,"column":16}},"20":{"start":{"line":40,"column":0},"end":{"line":40,"column":null}},"21":{"start":{"line":42,"column":23},"end":{"line":57,"column":2}},"22":{"start":{"line":47,"column":23},"end":{"line":47,"column":28}},"23":{"start":{"line":47,"column":33},"end":{"line":47,"column":37}},"24":{"start":{"line":48,"column":15},"end":{"line":48,"column":35}},"25":{"start":{"line":50,"column":2},"end":{"line":56,"column":null}},"26":{"start":{"line":111,"column":2},"end":{"line":111,"column":16}},"27":{"start":{"line":58,"column":0},"end":{"line":58,"column":null}},"28":{"start":{"line":60,"column":23},"end":{"line":72,"column":2}},"29":{"start":{"line":63,"column":14},"end":{"line":63,"column":19}},"30":{"start":{"line":63,"column":24},"end":{"line":63,"column":28}},"31":{"start":{"line":63,"column":36},"end":{"line":72,"column":2}},"32":{"start":{"line":112,"column":2},"end":{"line":112,"column":16}},"33":{"start":{"line":73,"column":0},"end":{"line":73,"column":null}},"34":{"start":{"line":75,"column":28},"end":{"line":88,"column":null}},"35":{"start":{"line":77,"column":11},"end":{"line":77,"column":null}},"36":{"start":{"line":78,"column":10},"end":{"line":79,"column":29}},"37":{"start":{"line":79,"column":34},"end":{"line":88,"column":null}},"38":{"start":{"line":113,"column":2},"end":{"line":113,"column":21}},"39":{"start":{"line":89,"column":0},"end":{"line":89,"column":null}},"40":{"start":{"line":91,"column":27},"end":{"line":104,"column":null}},"41":{"start":{"line":92,"column":11},"end":{"line":92,"column":null}},"42":{"start":{"line":93,"column":10},"end":{"line":94,"column":31}},"43":{"start":{"line":94,"column":36},"end":{"line":104,"column":null}},"44":{"start":{"line":114,"column":2},"end":{"line":114,"column":20}},"45":{"start":{"line":105,"column":0},"end":{"line":105,"column":null}}},"fnMap":{"0":{"name":"(anonymous_7)","decl":{"start":{"line":12,"column":2},"end":{"line":12,"column":3}},"loc":{"start":{"line":12,"column":24},"end":{"line":12,"column":78}}},"1":{"name":"(anonymous_8)","decl":{"start":{"line":18,"column":2},"end":{"line":18,"column":3}},"loc":{"start":{"line":18,"column":35},"end":{"line":27,"column":2}}},"2":{"name":"(anonymous_9)","decl":{"start":{"line":33,"column":2},"end":{"line":33,"column":3}},"loc":{"start":{"line":33,"column":35},"end":{"line":39,"column":2}}},"3":{"name":"(anonymous_10)","decl":{"start":{"line":47,"column":2},"end":{"line":47,"column":3}},"loc":{"start":{"line":47,"column":44},"end":{"line":57,"column":1}}},"4":{"name":"(anonymous_11)","decl":{"start":{"line":63,"column":2},"end":{"line":63,"column":3}},"loc":{"start":{"line":63,"column":35},"end":{"line":72,"column":2}}},"5":{"name":"(anonymous_12)","decl":{"start":{"line":75,"column":28},"end":{"line":75,"column":29}},"loc":{"start":{"line":79,"column":33},"end":{"line":88,"column":null}}},"6":{"name":"(anonymous_13)","decl":{"start":{"line":91,"column":27},"end":{"line":91,"column":28}},"loc":{"start":{"line":94,"column":35},"end":{"line":104,"column":null}}}},"branchMap":{"0":{"loc":{"start":{"line":48,"column":15},"end":{"line":48,"column":35}},"type":"cond-expr","locations":[{"start":{"line":48,"column":25},"end":{"line":48,"column":29}},{"start":{"line":48,"column":32},"end":{"line":48,"column":35}}]},"1":{"loc":{"start":{"line":86,"column":5},"end":{"line":86,"column":33}},"type":"cond-expr","locations":[{"start":{"line":86,"column":5},"end":{"line":86,"column":13}},{"start":{"line":86,"column":17},"end":{"line":86,"column":33}}]},"2":{"loc":{"start":{"line":86,"column":5},"end":{"line":86,"column":17}},"type":"binary-expr","locations":[{"start":{"line":86,"column":5},"end":{"line":86,"column":17}},{"start":{"line":86,"column":5},"end":{"line":86,"column":17}}]}},"s":{"0":0,"1":0,"2":0,"3":0,"4":0,"5":0,"6":0,"7":0,"8":0,"9":0,"10":0,"11":0,"12":0,"13":0,"14":0,"15":0,"16":0,"17":0,"18":0,"19":0,"20":0,"21":0,"22":0,"23":0,"24":0,"25":0,"26":0,"27":0,"28":0,"29":0,"30":0,"31":0,"32":0,"33":0,"34":0,"35":0,"36":0,"37":0,"38":0,"39":0,"40":0,"41":0,"42":0,"43":0,"44":0,"45":0},"f":{"0":0,"1":0,"2":0,"3":0,"4":0,"5":0,"6":0},"b":{"0":[0,0],"1":[0,0],"2":[0,0]}}
,"C:\\Users\\tpiyu\\Downloads\\PastedPerfect\\PastedPerfect\\client\\src\\components\\ui\\button.tsx": {"path":"C:\\Users\\tpiyu\\Downloads\\PastedPerfect\\PastedPerfect\\client\\src\\components\\ui\\button.tsx","statementMap":{"0":{"start":{"line":1,"column":0},"end":{"line":1,"column":30}},"1":{"start":{"line":2,"column":0},"end":{"line":2,"column":43}},"2":{"start":{"line":3,"column":0},"end":{"line":3,"column":65}},"3":{"start":{"line":5,"column":0},"end":{"line":5,"column":32}},"4":{"start":{"line":7,"column":23},"end":{"line":39,"column":null}},"5":{"start":{"line":62,"column":17},"end":{"line":62,"column":31}},"6":{"start":{"line":48,"column":15},"end":{"line":58,"column":null}},"7":{"start":{"line":49,"column":46},"end":{"line":49,"column":51}},"8":{"start":{"line":49,"column":56},"end":{"line":49,"column":60}},"9":{"start":{"line":50,"column":17},"end":{"line":50,"column":42}},"10":{"start":{"line":51,"column":4},"end":{"line":57,"column":null}},"11":{"start":{"line":62,"column":9},"end":{"line":62,"column":15}},"12":{"start":{"line":60,"column":0},"end":{"line":60,"column":null}}},"fnMap":{"0":{"name":"(anonymous_7)","decl":{"start":{"line":49,"column":2},"end":{"line":49,"column":3}},"loc":{"start":{"line":49,"column":67},"end":{"line":58,"column":3}}}},"branchMap":{"0":{"loc":{"start":{"line":49,"column":31},"end":{"line":49,"column":46}},"type":"default-arg","locations":[{"start":{"line":49,"column":41},"end":{"line":49,"column":46}}]},"1":{"loc":{"start":{"line":50,"column":17},"end":{"line":50,"column":42}},"type":"cond-expr","locations":[{"start":{"line":50,"column":27},"end":{"line":50,"column":31}},{"start":{"line":50,"column":34},"end":{"line":50,"column":42}}]}},"s":{"0":3,"1":3,"2":3,"3":3,"4":3,"5":3,"6":3,"7":58,"8":58,"9":58,"10":58,"11":3,"12":3},"f":{"0":58},"b":{"0":[58],"1":[0,58]}}
[...]
,"C:\\Users\\tpiyu\\Downloads\\PastedPerfect\\PastedPerfect\\client\\src\\pages\\mens\\pendant.tsx": {"path":"C:\\Users\\tpiyu\\Downloads\\PastedPerfect\\PastedPerfect\\client\\src\\pages\\mens\\pendant.tsx","statementMap":{"0":{"start":{"line":3,"column":0},"end":{"line":3,"column":24}},"1":{"start":{"line":1,"column":0},"end":{"line":1,"column":60}},"2":{"start":{"line":4,"column":4},"end":{"line":4,"column":106}}},"fnMap":{"0":{"name":"MensPendants","decl":{"start":{"line":3,"column":24},"end":{"line":3,"column":36}},"loc":{"start":{"line":3,"column":36},"end":{"line":5,"column":1}}}},"branchMap":{},"s":{"0":0,"1":0,"2":0},"f":{"0":0},"b":{}}
,"C:\\Users\\tpiyu\\Downloads\\PastedPerfect\\PastedPerfect\\client\\src\\pages\\mens\\rings.tsx": {"path":"C:\\Users\\tpiyu\\Downloads\\PastedPerfect\\PastedPerfect\\client\\src\\pages\\mens\\rings.tsx","statementMap":{"0":{"start":{"line":3,"column":0},"end":{"line":3,"column":24}},"1":{"start":{"line":1,"column":0},"end":{"line":1,"column":60}},"2":{"start":{"line":4,"column":4},"end":{"line":4,"column":101}}},"fnMap":{"0":{"name":"MensRings","decl":{"start":{"line":3,"column":24},"end":{"line":3,"column":33}},"loc":{"start":{"line":3,"column":33},"end":{"line":5,"column":1}}}},"branchMap":{},"s":{"0":0,"1":0,"2":0},"f":{"0":0},"b":{}}
,"C:\\Users\\tpiyu\\Downloads\\PastedPerfect\\PastedPerfect\\client\\src\\pages\\mens\\studs.tsx": {"path":"C:\\Users\\tpiyu\\Downloads\\PastedPerfect\\PastedPerfect\\client\\src\\pages\\mens\\studs.tsx","statementMap":{"0":{"start":{"line":3,"column":0},"end":{"line":3,"column":24}},"1":{"start":{"line":1,"column":0},"end":{"line":1,"column":60}},"2":{"start":{"line":4,"column":4},"end":{"line":4,"column":101}}},"fnMap":{"0":{"name":"MensStuds","decl":{"start":{"line":3,"column":24},"end":{"line":3,"column":33}},"loc":{"start":{"line":3,"column":33},"end":{"line":5,"column":1}}}},"branchMap":{},"s":{"0":0,"1":0,"2":0},"f":{"0":0},"b":{}}
,"C:\\Users\\tpiyu\\Downloads\\PastedPerfect\\PastedPerfect\\client\\src\\pages\\necklaces\\adjustable.tsx": {"path":"C:\\Users\\tpiyu\\Downloads\\PastedPerfect\\PastedPerfect\\client\\src\\pages\\necklaces\\adjustable.tsx","statementMap":{"0":{"start":{"line":3,"column":0},"end":{"line":3,"column":24}},"1":{"start":{"line":1,"column":0},"end":{"line":1,"column":60}},"2":{"start":{"line":4,"column":4},"end":{"line":4,"column":109}}},"fnMap":{"0":{"name":"AdjustableNecklaces","decl":{"start":{"line":3,"column":24},"end":{"line":3,"column":43}},"loc":{"start":{"line":3,"column":43},"end":{"line":5,"column":1}}}},"branchMap":{},"s":{"0":0,"1":0,"2":0},"f":{"0":0},"b":{}}
,"C:\\Users\\tpiyu\\Downloads\\PastedPerfect\\PastedPerfect\\client\\src\\pages\\necklaces\\bar.tsx": {"path":"C:\\Users\\tpiyu\\Downloads\\PastedPerfect\\PastedPerfect\\client\\src\\pages\\necklaces\\bar.tsx","statementMap":{"0":{"start":{"line":3,"column":0},"end":{"line":3,"column":24}},"1":{"start":{"line":1,"column":0},"end":{"line":1,"column":60}},"2":{"start":{"line":4,"column":4},"end":{"line":4,"column":95}}},"fnMap":{"0":{"name":"BarNecklaces","decl":{"start":{"line":3,"column":24},"end":{"line":3,"column":36}},"loc":{"start":{"line":3,"column":36},"end":{"line":5,"column":1}}}},"branchMap":{},"s":{"0":0,"1":0,"2":0},"f":{"0":0},"b":{}}
,"C:\\Users\\tpiyu\\Downloads\\PastedPerfect\\PastedPerfect\\client\\src\\pages\\necklaces\\bridal.tsx": {"path":"C:\\Users\\tpiyu\\Downloads\\PastedPerfect\\PastedPerfect\\client\\src\\pages\\necklaces\\bridal.tsx","statementMap":{"0":{"start":{"line":3,"column":0},"end":{"line":3,"column":24}},"1":{"start":{"line":1,"column":0},"end":{"line":1,"column":60}},"2":{"start":{"line":4,"column":4},"end":{"line":4,"column":101}}},"fnMap":{"0":{"name":"BridalNecklaces","decl":{"start":{"line":3,"column":24},"end":{"line":3,"column":39}},"loc":{"start":{"line":3,"column":39},"end":{"line":5,"column":1}}}},"branchMap":{},"s":{"0":0,"1":0,"2":0},"f":{"0":0},"b":{}}
,"C:\\Users\\tpiyu\\Downloads\\PastedPerfect\\PastedPerfect\\client\\src\\pages\\necklaces\\choker.tsx": {"path":"C:\\Users\\tpiyu\\Downloads\\PastedPerfect\\PastedPerfect\\client\\src\\pages\\necklaces\\choker.tsx","statementMap":{"0":{"start":{"line":3,"column":0},"end":{"line":3,"column":24}},"1":{"start":{"line":1,"column":0},"end":{"line":1,"column":60}},"2":{"start":{"line":4,"column":4},"end":{"line":4,"column":101}}},"fnMap":{"0":{"name":"ChokerNecklaces","decl":{"start":{"line":3,"column":24},"end":{"line":3,"column":39}},"loc":{"start":{"line":3,"column":39},"end":{"line":5,"column":1}}}},"branchMap":{},"s":{"0":0,"1":0,"2":0},"f":{"0":0},"b":{}}
,"C:\\Users\\tpiyu\\Downloads\\PastedPerfect\\PastedPerfect\\client\\src\\pages\\necklaces\\daily-wear.tsx": {"path":"C:\\Users\\tpiyu\\Downloads\\PastedPerfect\\PastedPerfect\\client\\src\\pages\\necklaces\\daily-wear.tsx","statementMap":{"0":{"start":{"line":3,"column":0},"end":{"line":3,"column":24}},"1":{"start":{"line":1,"column":0},"end":{"line":1,"column":60}},"2":{"start":{"line":4,"column":4},"end":{"line":4,"column":109}}},"fnMap":{"0":{"name":"DailyWearNecklaces","decl":{"start":{"line":3,"column":24},"end":{"line":3,"column":42}},"loc":{"start":{"line":3,"column":42},"end":{"line":5,"column":1}}}},"branchMap":{},"s":{"0":0,"1":0,"2":0},"f":{"0":0},"b":{}}
,"C:\\Users\\tpiyu\\Downloads\\PastedPerfect\\PastedPerfect\\client\\src\\pages\\necklaces\\index.tsx": {"path":"C:\\Users\\tpiyu\\Downloads\\PastedPerfect\\PastedPerfect\\client\\src\\pages\\necklaces\\index.tsx","statementMap":{"0":{"start":{"line":3,"column":0},"end":{"line":3,"column":24}},"1":{"start":{"line":1,"column":0},"end":{"line":1,"column":86}},"2":{"start":{"line":4,"column":43},"end":{"line":25,"column":4}},"3":{"start":{"line":27,"column":2},"end":{"line":34,"column":4}}},"fnMap":{"0":{"name":"NecklacesPage","decl":{"start":{"line":3,"column":24},"end":{"line":3,"column":37}},"loc":{"start":{"line":3,"column":37},"end":{"line":35,"column":1}}}},"branchMap":{},"s":{"0":0,"1":0,"2":0,"3":0},"f":{"0":0},"b":{}}
,"C:\\Users\\tpiyu\\Downloads\\PastedPerfect\\PastedPerfect\\client\\src\\pages\\necklaces\\solitaire.tsx": {"path":"C:\\Users\\tpiyu\\Downloads\\PastedPerfect\\PastedPerfect\\client\\src\\pages\\necklaces\\solitaire.tsx","statementMap":{"0":{"start":{"line":3,"column":0},"end":{"line":3,"column":24}},"1":{"start":{"line":1,"column":0},"end":{"line":1,"column":60}},"2":{"start":{"line":4,"column":4},"end":{"line":4,"column":107}}},"fnMap":{"0":{"name":"SolitaireNecklaces","decl":{"start":{"line":3,"column":24},"end":{"line":3,"column":42}},"loc":{"start":{"line":3,"column":42},"end":{"line":5,"column":1}}}},"branchMap":{},"s":{"0":0,"1":0,"2":0},"f":{"0":0},"b":{}}
,"C:\\Users\\tpiyu\\Downloads\\PastedPerfect\\PastedPerfect\\client\\src\\pages\\necklaces\\y.tsx": {"path":"C:\\Users\\tpiyu\\Downloads\\PastedPerfect\\PastedPerfect\\client\\src\\pages\\necklaces\\y.tsx","statementMap":{"0":{"start":{"line":3,"column":0},"end":{"line":3,"column":24}},"1":{"start":{"line":1,"column":0},"end":{"line":1,"column":60}},"2":{"start":{"line":4,"column":4},"end":{"line":4,"column":91}}},"fnMap":{"0":{"name":"YNecklaces","decl":{"start":{"line":3,"column":24},"end":{"line":3,"column":34}},"loc":{"start":{"line":3,"column":34},"end":{"line":5,"column":1}}}},"branchMap":{},"s":{"0":0,"1":0,"2":0},"f":{"0":0},"b":{}}
,"C:\\Users\\tpiyu\\Downloads\\PastedPerfect\\PastedPerfect\\client\\src\\pages\\nosepins\\designer.tsx": {"path":"C:\\Users\\tpiyu\\Downloads\\PastedPerfect\\PastedPerfect\\client\\src\\pages\\nosepins\\designer.tsx","statementMap":{"0":{"start":{"line":3,"column":0},"end":{"line":3,"column":24}},"1":{"start":{"line":1,"column":0},"end":{"line":1,"column":60}},"2":{"start":{"line":4,"column":4},"end":{"line":4,"column":103}}},"fnMap":{"0":{"name":"DesignerNosepins","decl":{"start":{"line":3,"column":24},"end":{"line":3,"column":40}},"loc":{"start":{"line":3,"column":40},"end":{"line":5,"column":1}}}},"branchMap":{},"s":{"0":0,"1":0,"2":0},"f":{"0":0},"b":{}}
,"C:\\Users\\tpiyu\\Downloads\\PastedPerfect\\PastedPerfect\\client\\src\\pages\\nosepins\\index.tsx": {"path":"C:\\Users\\tpiyu\\Downloads\\PastedPerfect\\PastedPerfect\\client\\src\\pages\\nosepins\\index.tsx","statementMap":{"0":{"start":{"line":3,"column":0},"end":{"line":3,"column":24}},"1":{"start":{"line":1,"column":0},"end":{"line":1,"column":86}},"2":{"start":{"line":4,"column":23},"end":{"line":4,"column":157}},"3":{"start":{"line":6,"column":43},"end":{"line":27,"column":4}},"4":{"start":{"line":29,"column":2},"end":{"line":36,"column":4}}},"fnMap":{"0":{"name":"NosepinsPage","decl":{"start":{"line":3,"column":24},"end":{"line":3,"column":36}},"loc":{"start":{"line":3,"column":36},"end":{"line":37,"column":1}}}},"branchMap":{},"s":{"0":0,"1":0,"2":0,"3":0,"4":0},"f":{"0":0},"b":{}}
,"C:\\Users\\tpiyu\\Downloads\\PastedPerfect\\PastedPerfect\\client\\src\\pages\\nosepins\\nathi.tsx": {"path":"C:\\Users\\tpiyu\\Downloads\\PastedPerfect\\PastedPerfect\\client\\src\\pages\\nosepins\\nathi.tsx","statementMap":{"0":{"start":{"line":3,"column":0},"end":{"line":3,"column":24}},"1":{"start":{"line":1,"column":0},"end":{"line":1,"column":60}},"2":{"start":{"line":4,"column":4},"end":{"line":4,"column":88}}},"fnMap":{"0":{"name":"NathiNosepins","decl":{"start":{"line":3,"column":24},"end":{"line":3,"column":37}},"loc":{"start":{"line":3,"column":37},"end":{"line":5,"column":1}}}},"branchMap":{},"s":{"0":0,"1":0,"2":0},"f":{"0":0},"b":{}}
,"C:\\Users\\tpiyu\\Downloads\\PastedPerfect\\PastedPerfect\\client\\src\\pages\\nosepins\\rings.tsx": {"path":"C:\\Users\\tpiyu\\Downloads\\PastedPerfect\\PastedPerfect\\client\\src\\pages\\nosepins\\rings.tsx","statementMap":{"0":{"start":{"line":3,"column":0},"end":{"line":3,"column":24}},"1":{"start":{"line":1,"column":0},"end":{"line":1,"column":60}},"2":{"start":{"line":4,"column":4},"end":{"line":4,"column":93}}},"fnMap":{"0":{"name":"NoseRings","decl":{"start":{"line":3,"column":24},"end":{"line":3,"column":33}},"loc":{"start":{"line":3,"column":33},"end":{"line":5,"column":1}}}},"branchMap":{},"s":{"0":0,"1":0,"2":0},"f":{"0":0},"b":{}}
,"C:\\Users\\tpiyu\\Downloads\\PastedPerfect\\PastedPerfect\\client\\src\\pages\\nosepins\\solitaire.tsx": {"path":"C:\\Users\\tpiyu\\Downloads\\PastedPerfect\\PastedPerfect\\client\\src\\pages\\nosepins\\solitaire.tsx","statementMap":{"0":{"start":{"line":3,"column":0},"end":{"line":3,"column":24}},"1":{"start":{"line":1,"column":0},"end":{"line":1,"column":60}},"2":{"start":{"line":4,"column":4},"end":{"line":4,"column":105}}},"fnMap":{"0":{"name":"SolitaireNosepins","decl":{"start":{"line":3,"column":24},"end":{"line":3,"column":41}},"loc":{"start":{"line":3,"column":41},"end":{"line":5,"column":1}}}},"branchMap":{},"s":{"0":0,"1":0,"2":0},"f":{"0":0},"b":{}}
,"C:\\Users\\tpiyu\\Downloads\\PastedPerfect\\PastedPerfect\\client\\src\\pages\\pendants\\alphabet.tsx": {"path":"C:\\Users\\tpiyu\\Downloads\\PastedPerfect\\PastedPerfect\\client\\src\\pages\\pendants\\alphabet.tsx","statementMap":{"0":{"start":{"line":3,"column":0},"end":{"line":3,"column":24}},"1":{"start":{"line":1,"column":0},"end":{"line":1,"column":60}},"2":{"start":{"line":4,"column":4},"end":{"line":4,"column":111}}},"fnMap":{"0":{"name":"AlphabetPendants","decl":{"start":{"line":3,"column":24},"end":{"line":3,"column":40}},"loc":{"start":{"line":3,"column":40},"end":{"line":5,"column":1}}}},"branchMap":{},"s":{"0":0,"1":0,"2":0},"f":{"0":0},"b":{}}
,"C:\\Users\\tpiyu\\Downloads\\PastedPerfect\\PastedPerfect\\client\\src\\pages\\pendants\\cluster.tsx": {"path":"C:\\Users\\tpiyu\\Downloads\\PastedPerfect\\PastedPerfect\\client\\src\\pages\\pendants\\cluster.tsx","statementMap":{"0":{"start":{"line":3,"column":0},"end":{"line":3,"column":24}},"1":{"start":{"line":1,"column":0},"end":{"line":1,"column":60}},"2":{"start":{"line":4,"column":4},"end":{"line":4,"column":109}}},"fnMap":{"0":{"name":"ClusterPendants","decl":{"start":{"line":3,"column":24},"end":{"line":3,"column":39}},"loc":{"start":{"line":3,"column":39},"end":{"line":5,"column":1}}}},"branchMap":{},"s":{"0":0,"1":0,"2":0},"f":{"0":0},"b":{}}
,"C:\\Users\\tpiyu\\Downloads\\PastedPerfect\\PastedPerfect\\client\\src\\pages\\pendants\\daily-wear.tsx": {"path":"C:\\Users\\tpiyu\\Downloads\\PastedPerfect\\PastedPerfect\\client\\src\\pages\\pendants\\daily-wear.tsx","statementMap":{"0":{"start":{"line":3,"column":0},"end":{"line":3,"column":24}},"1":{"start":{"line":1,"column":0},"end":{"line":1,"column":60}},"2":{"start":{"line":4,"column":4},"end":{"line":4,"column":115}}},"fnMap":{"0":{"name":"DailyWearPendants","decl":{"start":{"line":3,"column":24},"end":{"line":3,"column":41}},"loc":{"start":{"line":3,"column":41},"end":{"line":5,"column":1}}}},"branchMap":{},"s":{"0":0,"1":0,"2":0},"f":{"0":0},"b":{}}
,"C:\\Users\\tpiyu\\Downloads\\PastedPerfect\\PastedPerfect\\client\\src\\pages\\pendants\\index.tsx": {"path":"C:\\Users\\tpiyu\\Downloads\\PastedPerfect\\PastedPerfect\\client\\src\\pages\\pendants\\index.tsx","statementMap":{"0":{"start":{"line":3,"column":0},"end":{"line":3,"column":24}},"1":{"start":{"line":1,"column":0},"end":{"line":1,"column":86}},"2":{"start":{"line":4,"column":43},"end":{"line":26,"column":4}},"3":{"start":{"line":40,"column":23},"end":{"line":40,"column":157}},"4":{"start":{"line":42,"column":30},"end":{"line":47,"column":4}},"5":{"start":{"line":49,"column":2},"end":{"line":56,"column":4}}},"fnMap":{"0":{"name":"PendantsPage","decl":{"start":{"line":3,"column":24},"end":{"line":3,"column":36}},"loc":{"start":{"line":3,"column":36},"end":{"line":57,"column":1}}}},"branchMap":{},"s":{"0":0,"1":0,"2":0,"3":0,"4":0,"5":0},"f":{"0":0},"b":{}}
,"C:\\Users\\tpiyu\\Downloads\\PastedPerfect\\PastedPerfect\\client\\src\\pages\\pendants\\solitaire.tsx": {"path":"C:\\Users\\tpiyu\\Downloads\\PastedPerfect\\PastedPerfect\\client\\src\\pages\\pendants\\solitaire.tsx","statementMap":{"0":{"start":{"line":3,"column":0},"end":{"line":3,"column":24}},"1":{"start":{"line":1,"column":0},"end":{"line":1,"column":60}},"2":{"start":{"line":4,"column":4},"end":{"line":4,"column":113}}},"fnMap":{"0":{"name":"SolitairePendants","decl":{"start":{"line":3,"column":24},"end":{"line":3,"column":41}},"loc":{"start":{"line":3,"column":41},"end":{"line":5,"column":1}}}},"branchMap":{},"s":{"0":0,"1":0,"2":0},"f":{"0":0},"b":{}}
,"C:\\Users\\tpiyu\\Downloads\\PastedPerfect\\PastedPerfect\\client\\src\\pages\\rings\\bands.tsx": {"path":"C:\\Users\\tpiyu\\Downloads\\PastedPerfect\\PastedPerfect\\client\\src\\pages\\rings\\bands.tsx","statementMap":{"0":{"start":{"line":3,"column":0},"end":{"line":3,"column":24}},"1":{"start":{"line":1,"column":0},"end":{"line":1,"column":51}},"2":{"start":{"line":4,"column":2},"end":{"line":4,"column":60}}},"fnMap":{"0":{"name":"BandsPage","decl":{"start":{"line":3,"column":24},"end":{"line":3,"column":33}},"loc":{"start":{"line":3,"column":33},"end":{"line":5,"column":1}}}},"branchMap":{},"s":{"0":0,"1":0,"2":0},"f":{"0":0},"b":{}}
,"C:\\Users\\tpiyu\\Downloads\\PastedPerfect\\PastedPerfect\\client\\src\\pages\\rings\\cocktail.tsx": {"path":"C:\\Users\\tpiyu\\Downloads\\PastedPerfect\\PastedPerfect\\client\\src\\pages\\rings\\cocktail.tsx","statementMap":{"0":{"start":{"line":3,"column":0},"end":{"line":3,"column":24}},"1":{"start":{"line":1,"column":0},"end":{"line":1,"column":51}},"2":{"start":{"line":4,"column":2},"end":{"line":4,"column":64}}},"fnMap":{"0":{"name":"CocktailRings","decl":{"start":{"line":3,"column":24},"end":{"line":3,"column":37}},"loc":{"start":{"line":3,"column":37},"end":{"line":5,"column":1}}}},"branchMap":{},"s":{"0":0,"1":0,"2":0},"f":{"0":0},"b":{}}
,"C:\\Users\\tpiyu\\Downloads\\PastedPerfect\\PastedPerfect\\client\\src\\pages\\rings\\daily-wear.tsx": {"path":"C:\\Users\\tpiyu\\Downloads\\PastedPerfect\\PastedPerfect\\client\\src\\pages\\rings\\daily-wear.tsx","statementMap":{"0":{"start":{"line":7,"column":0},"end":{"line":7,"column":24}},"1":{"start":{"line":1,"column":0},"end":{"line":1,"column":49}},"2":{"start":{"line":2,"column":0},"end":{"line":2,"column":63}},"3":{"start":{"line":3,"column":0},"end":{"line":3,"column":55}},"4":{"start":{"line":4,"column":0},"end":{"line":4,"column":45}},"5":{"start":{"line":8,"column":40},"end":{"line":11,"column":4}},"6":{"start":{"line":10,"column":19},"end":{"line":10,"column":69}},"7":{"start":{"line":13,"column":2},"end":{"line":13,"column":38}},"8":{"start":{"line":13,"column":17},"end":{"line":13,"column":38}},"9":{"start":{"line":15,"column":2},"end":{"line":31,"column":4}},"10":{"start":{"line":22,"column":12},"end":{"line":22,"column":42}}},"fnMap":{"0":{"name":"DailyWearRings","decl":{"start":{"line":7,"column":24},"end":{"line":7,"column":38}},"loc":{"start":{"line":7,"column":38},"end":{"line":32,"column":1}}},"1":{"name":"(anonymous_1)","decl":{"start":{"line":10,"column":13},"end":{"line":10,"column":16}},"loc":{"start":{"line":10,"column":19},"end":{"line":10,"column":69}}},"2":{"name":"(anonymous_2)","decl":{"start":{"line":21,"column":24},"end":{"line":21,"column":25}},"loc":{"start":{"line":22,"column":12},"end":{"line":22,"column":42}}}},"branchMap":{"0":{"loc":{"start":{"line":13,"column":2},"end":{"line":13,"column":38}},"type":"if","locations":[{"start":{"line":13,"column":2},"end":{"line":13,"column":38}}]},"1":{"loc":{"start":{"line":19,"column":7},"end":{"line":28,"column":null}},"type":"cond-expr","locations":[{"start":{"line":20,"column":8},"end":{"line":23,"column":null}},{"start":{"line":26,"column":8},"end":{"line":26,"column":null}}]},"2":{"loc":{"start":{"line":19,"column":7},"end":{"line":19,"column":38}},"type":"binary-expr","locations":[{"start":{"line":19,"column":7},"end":{"line":19,"column":15}},{"start":{"line":19,"column":19},"end":{"line":19,"column":38}}]}},"s":{"0":0,"1":0,"2":0,"3":0,"4":0,"5":0,"6":0,"7":0,"8":0,"9":0,"10":0},"f":{"0":0,"1":0,"2":0},"b":{"0":[0],"1":[0,0],"2":[0,0]}}
,"C:\\Users\\tpiyu\\Downloads\\PastedPerfect\\PastedPerfect\\client\\src\\pages\\rings\\index.tsx": {"path":"C:\\Users\\tpiyu\\Downloads\\PastedPerfect\\PastedPerfect\\client\\src\\pages\\rings\\index.tsx","statementMap":{"0":{"start":{"line":3,"column":0},"end":{"line":3,"column":24}},"1":{"start":{"line":1,"column":0},"end":{"line":1,"column":86}},"2":{"start":{"line":4,"column":43},"end":{"line":30,"column":4}},"3":{"start":{"line":32,"column":2},"end":{"line":39,"column":4}}},"fnMap":{"0":{"name":"RingsPage","decl":{"start":{"line":3,"column":24},"end":{"line":3,"column":33}},"loc":{"start":{"line":3,"column":33},"end":{"line":40,"column":1}}}},"branchMap":{},"s":{"0":0,"1":0,"2":0,"3":0},"f":{"0":0},"b":{}}
,"C:\\Users\\tpiyu\\Downloads\\PastedPerfect\\PastedPerfect\\client\\src\\pages\\rings\\platinum.tsx": {"path":"C:\\Users\\tpiyu\\Downloads\\PastedPerfect\\PastedPerfect\\client\\src\\pages\\rings\\platinum.tsx","statementMap":{"0":{"start":{"line":3,"column":0},"end":{"line":3,"column":24}},"1":{"start":{"line":1,"column":0},"end":{"line":1,"column":51}},"2":{"start":{"line":4,"column":2},"end":{"line":4,"column":64}}},"fnMap":{"0":{"name":"PlatinumRings","decl":{"start":{"line":3,"column":24},"end":{"line":3,"column":37}},"loc":{"start":{"line":3,"column":37},"end":{"line":5,"column":1}}}},"branchMap":{},"s":{"0":0,"1":0,"2":0},"f":{"0":0},"b":{}}
,"C:\\Users\\tpiyu\\Downloads\\PastedPerfect\\PastedPerfect\\client\\src\\pages\\rings\\solitaire.tsx": {"path":"C:\\Users\\tpiyu\\Downloads\\PastedPerfect\\PastedPerfect\\client\\src\\pages\\rings\\solitaire.tsx","statementMap":{"0":{"start":{"line":3,"column":0},"end":{"line":3,"column":24}},"1":{"start":{"line":1,"column":0},"end":{"line":1,"column":51}},"2":{"start":{"line":4,"column":2},"end":{"line":4,"column":65}}},"fnMap":{"0":{"name":"SolitaireRings","decl":{"start":{"line":3,"column":24},"end":{"line":3,"column":38}},"loc":{"start":{"line":3,"column":38},"end":{"line":5,"column":1}}}},"branchMap":{},"s":{"0":0,"1":0,"2":0},"f":{"0":0},"b":{}}
}
