TN:
SF:client\src\App.tsx
FN:40,Router
FN:79,(anonymous_2)
FN:101,App
FNF:3
FNH:0
FNDA:0,Router
FNDA:0,(anonymous_2)
FNDA:0,App
DA:2,0
DA:3,0
DA:4,0
DA:5,0
DA:6,0
DA:7,0
DA:8,0
DA:9,0
DA:12,0
DA:13,0
DA:14,0
DA:15,0
DA:16,0
DA:17,0
DA:18,0
DA:19,0
DA:22,0
DA:26,0
DA:27,0
DA:30,0
DA:31,0
DA:32,0
DA:33,0
DA:34,0
DA:35,0
DA:36,0
DA:37,0
DA:41,0
DA:80,0
DA:102,0
DA:120,0
LF:31
LH:0
BRF:0
BRH:0
end_of_record
TN:
SF:client\src\test-utils.tsx
FN:6,(anonymous_5)
FN:23,renderWithProviders
FN:30,Wrapper
FNF:3
FNH:0
FNDA:0,(anonymous_5)
FNDA:0,renderWithProviders
FNDA:0,Wrapper
DA:1,0
DA:2,0
DA:6,0
DA:7,0
DA:23,0
DA:26,0
DA:27,0
DA:31,0
DA:38,0
DA:45,0
DA:46,0
LF:11
LH:0
BRDA:25,0,0,0
BRDA:26,1,0,0
BRF:2
BRH:0
end_of_record
TN:
SF:client\src\components\CartDrawer.tsx
FN:14,(anonymous_0)
FN:16,CartDrawer
FN:20,(anonymous_2)
FN:46,(anonymous_3)
FN:54,(anonymous_4)
FN:64,(anonymous_5)
FN:80,(anonymous_6)
FN:95,(anonymous_7)
FN:111,(anonymous_8)
FN:164,(anonymous_9)
FN:173,(anonymous_10)
FNF:11
FNH:0
FNDA:0,(anonymous_0)
FNDA:0,CartDrawer
FNDA:0,(anonymous_2)
FNDA:0,(anonymous_3)
FNDA:0,(anonymous_4)
FNDA:0,(anonymous_5)
FNDA:0,(anonymous_6)
FNDA:0,(anonymous_7)
FNDA:0,(anonymous_8)
FNDA:0,(anonymous_9)
FNDA:0,(anonymous_10)
DA:1,0
DA:2,0
DA:3,0
DA:4,0
DA:5,0
DA:6,0
DA:14,0
DA:16,0
DA:17,0
DA:19,0
DA:20,0
DA:24,0
DA:25,0
DA:27,0
DA:46,0
DA:55,0
DA:57,0
DA:65,0
DA:80,0
DA:96,0
DA:112,0
DA:164,0
DA:173,0
LF:23
LH:0
BRDA:14,0,0,0
BRDA:14,0,1,0
BRDA:14,1,0,0
BRDA:14,1,1,0
BRDA:24,2,0,0
BRDA:24,2,1,0
BRDA:38,3,0,0
BRDA:38,3,1,0
BRDA:138,4,0,0
BRDA:138,4,1,0
BRDA:142,5,0,0
BRDA:142,5,1,0
BRF:12
BRH:0
end_of_record
TN:
SF:client\src\components\CategoryGrid.tsx
FN:5,CategoryGrid
FN:19,(anonymous_2)
FN:33,(anonymous_3)
FNF:3
FNH:0
FNDA:0,CategoryGrid
FNDA:0,(anonymous_2)
FNDA:0,(anonymous_3)
DA:2,0
DA:3,0
DA:5,0
DA:6,0
DA:8,0
DA:20,0
DA:34,0
LF:7
LH:0
BRDA:24,0,0,0
BRDA:24,0,1,0
BRF:2
BRH:0
end_of_record
TN:
SF:client\src\components\CategoryPageLayout.tsx
FN:23,CategoryPageLayout
FN:38,(anonymous_1)
FN:44,(anonymous_2)
FN:48,(anonymous_3)
FN:55,(anonymous_4)
FN:57,(anonymous_5)
FN:65,(anonymous_6)
FN:73,(anonymous_7)
FN:78,(anonymous_8)
FN:79,(anonymous_9)
FN:86,(anonymous_10)
FN:89,(anonymous_11)
FN:90,(anonymous_12)
FN:135,(anonymous_13)
FN:169,(anonymous_14)
FN:176,(anonymous_15)
FN:185,(anonymous_16)
FNF:17
FNH:0
FNDA:0,CategoryPageLayout
FNDA:0,(anonymous_1)
FNDA:0,(anonymous_2)
FNDA:0,(anonymous_3)
FNDA:0,(anonymous_4)
FNDA:0,(anonymous_5)
FNDA:0,(anonymous_6)
FNDA:0,(anonymous_7)
FNDA:0,(anonymous_8)
FNDA:0,(anonymous_9)
FNDA:0,(anonymous_10)
FNDA:0,(anonymous_11)
FNDA:0,(anonymous_12)
FNDA:0,(anonymous_13)
FNDA:0,(anonymous_14)
FNDA:0,(anonymous_15)
FNDA:0,(anonymous_16)
DA:1,0
DA:2,0
DA:3,0
DA:4,0
DA:5,0
DA:6,0
DA:7,0
DA:23,0
DA:31,0
DA:32,0
DA:36,0
DA:38,0
DA:42,0
DA:44,0
DA:48,0
DA:49,0
DA:55,0
DA:56,0
DA:57,0
DA:58,0
DA:65,0
DA:66,0
DA:67,0
DA:68,0
DA:73,0
DA:74,0
DA:78,0
DA:79,0
DA:80,0
DA:81,0
DA:86,0
DA:87,0
DA:88,0
DA:89,0
DA:92,0
DA:101,0
DA:103,0
DA:136,0
DA:170,0
DA:177,0
DA:185,0
LF:41
LH:0
BRDA:36,0,0,0
BRDA:49,1,0,0
BRDA:49,1,1,0
BRDA:56,2,0,0
BRDA:66,3,0,0
BRDA:66,4,0,0
BRDA:66,4,1,0
BRDA:81,5,0,0
BRDA:81,5,1,0
BRDA:87,6,0,0
BRDA:95,7,0,0
BRDA:95,7,1,0
BRDA:101,8,0,0
BRDA:101,8,1,0
BRDA:109,9,0,0
BRDA:109,9,1,0
BRDA:133,10,0,0
BRDA:133,10,1,0
BRDA:133,10,2,0
BRDA:168,11,0,0
BRDA:168,11,1,0
BRDA:175,12,0,0
BRDA:175,12,1,0
BRF:23
BRH:0
end_of_record
TN:
SF:client\src\components\CategoryRail.tsx
FN:6,CategoryRail
FN:7,(anonymous_2)
FN:16,(anonymous_3)
FN:40,ImageWithFallback
FN:51,(anonymous_5)
FNF:5
FNH:0
FNDA:0,CategoryRail
FNDA:0,(anonymous_2)
FNDA:0,(anonymous_3)
FNDA:0,ImageWithFallback
FNDA:0,(anonymous_5)
DA:1,0
DA:2,0
DA:3,0
DA:6,0
DA:7,0
DA:12,0
DA:17,0
DA:41,0
DA:44,0
DA:46,0
DA:51,0
LF:11
LH:0
BRDA:17,0,0,0
BRDA:17,0,1,0
BRDA:48,1,0,0
BRDA:48,1,1,0
BRF:4
BRH:0
end_of_record
TN:
SF:client\src\components\Footer.tsx
FN:6,Footer
FN:49,(anonymous_1)
FN:73,(anonymous_2)
FNF:3
FNH:3
FNDA:5,Footer
FNDA:20,(anonymous_1)
FNDA:25,(anonymous_2)
DA:1,1
DA:2,1
DA:3,1
DA:4,1
DA:6,1
DA:7,5
DA:50,20
DA:74,25
LF:8
LH:8
BRF:0
BRH:0
end_of_record
TN:
SF:client\src\components\Header.tsx
FN:34,Header
FN:50,(anonymous_1)
FN:55,(anonymous_2)
FN:57,(anonymous_3)
FN:58,(anonymous_4)
FN:60,(anonymous_5)
FN:62,(anonymous_6)
FN:66,(anonymous_7)
FN:73,(anonymous_8)
FN:100,(anonymous_9)
FN:108,(anonymous_10)
FN:110,(anonymous_11)
FN:118,(anonymous_12)
FN:119,(anonymous_13)
FN:153,(anonymous_14)
FN:158,(anonymous_15)
FN:165,(anonymous_16)
FN:212,(anonymous_17)
FN:231,(anonymous_18)
FN:255,(anonymous_19)
FNF:20
FNH:0
FNDA:0,Header
FNDA:0,(anonymous_1)
FNDA:0,(anonymous_2)
FNDA:0,(anonymous_3)
FNDA:0,(anonymous_4)
FNDA:0,(anonymous_5)
FNDA:0,(anonymous_6)
FNDA:0,(anonymous_7)
FNDA:0,(anonymous_8)
FNDA:0,(anonymous_9)
FNDA:0,(anonymous_10)
FNDA:0,(anonymous_11)
FNDA:0,(anonymous_12)
FNDA:0,(anonymous_13)
FNDA:0,(anonymous_14)
FNDA:0,(anonymous_15)
FNDA:0,(anonymous_16)
FNDA:0,(anonymous_17)
FNDA:0,(anonymous_18)
FNDA:0,(anonymous_19)
DA:1,0
DA:2,0
DA:3,0
DA:4,0
DA:5,0
DA:6,0
DA:7,0
DA:8,0
DA:17,0
DA:25,0
DA:26,0
DA:27,0
DA:28,0
DA:29,0
DA:30,0
DA:34,0
DA:35,0
DA:36,0
DA:37,0
DA:38,0
DA:39,0
DA:40,0
DA:41,0
DA:44,0
DA:45,0
DA:48,0
DA:50,0
DA:55,0
DA:56,0
DA:57,0
DA:58,0
DA:60,0
DA:62,0
DA:66,0
DA:67,0
DA:68,0
DA:69,0
DA:73,0
DA:74,0
DA:75,0
DA:79,0
DA:100,0
DA:109,0
DA:110,0
DA:119,0
DA:153,0
DA:158,0
DA:165,0
DA:212,0
DA:232,0
DA:256,0
LF:51
LH:0
BRDA:48,0,0,0
BRDA:57,1,0,0
BRDA:57,1,1,0
BRDA:67,2,0,0
BRDA:68,3,0,0
BRDA:74,4,0,0
BRDA:116,5,0,0
BRDA:116,5,1,0
BRDA:172,6,0,0
BRDA:172,6,1,0
BRDA:181,7,0,0
BRDA:181,7,1,0
BRDA:215,8,0,0
BRDA:215,8,1,0
BRDA:253,9,0,0
BRDA:253,9,1,0
BRDA:273,10,0,0
BRDA:273,10,1,0
BRDA:273,10,2,0
BRF:19
BRH:0
end_of_record
TN:
SF:client\src\components\Hero.tsx
FN:4,Hero
FNF:1
FNH:0
FNDA:0,Hero
DA:4,0
DA:5,0
LF:2
LH:0
BRF:0
BRH:0
end_of_record
TN:
SF:client\src\components\InstagramFeed.tsx
FN:4,InstagramFeed
FN:25,(anonymous_1)
FNF:2
FNH:0
FNDA:0,InstagramFeed
FNDA:0,(anonymous_1)
DA:1,0
DA:2,0
DA:4,0
DA:6,0
DA:13,0
DA:26,0
LF:6
LH:0
BRF:0
BRH:0
end_of_record
TN:
SF:client\src\components\Pre.tsx
FN:3,Preloader
FN:6,(anonymous_1)
FN:7,(anonymous_2)
FN:8,(anonymous_3)
FNF:4
FNH:0
FNDA:0,Preloader
FNDA:0,(anonymous_1)
FNDA:0,(anonymous_2)
FNDA:0,(anonymous_3)
DA:1,0
DA:3,0
DA:4,0
DA:6,0
DA:7,0
DA:8,0
DA:11,0
LF:7
LH:0
BRDA:17,0,0,0
BRDA:17,0,1,0
BRF:2
BRH:0
end_of_record
TN:
SF:client\src\components\ProductCard.tsx
FN:12,ProductCard
FN:28,(anonymous_7)
FN:47,(anonymous_8)
FN:68,(anonymous_9)
FNF:4
FNH:1
FNDA:7,ProductCard
FNDA:0,(anonymous_7)
FNDA:0,(anonymous_8)
FNDA:0,(anonymous_9)
DA:1,1
DA:2,1
DA:3,1
DA:4,1
DA:5,1
DA:6,1
DA:7,1
DA:8,1
DA:10,1
DA:12,1
DA:13,7
DA:14,7
DA:15,7
DA:16,7
DA:17,7
DA:20,7
DA:21,7
DA:22,7
DA:23,7
DA:24,7
DA:25,7
DA:26,7
DA:28,7
DA:29,0
DA:30,0
DA:31,0
DA:32,0
DA:38,7
DA:40,7
DA:47,0
DA:69,0
DA:70,0
DA:71,0
DA:72,0
DA:73,0
DA:75,0
DA:76,0
LF:37
LH:25
BRDA:20,0,0,1
BRDA:20,0,1,6
BRDA:20,1,0,7
BRDA:20,1,1,7
BRDA:20,2,0,0
BRDA:20,2,1,7
BRDA:20,3,0,7
BRDA:20,3,1,7
BRDA:22,4,0,7
BRDA:22,4,1,0
BRDA:24,5,0,7
BRDA:24,5,1,0
BRDA:24,6,0,7
BRDA:24,6,1,7
BRDA:26,7,0,7
BRDA:26,7,1,0
BRDA:46,8,0,0
BRDA:46,8,1,7
BRDA:71,9,0,0
BRDA:71,9,1,0
BRDA:80,10,0,0
BRDA:80,10,1,7
BRDA:86,11,0,7
BRDA:86,11,1,0
BRDA:100,12,0,7
BRDA:100,12,1,0
BRDA:100,12,2,0
BRF:27
BRH:16
end_of_record
TN:
SF:client\src\components\ProductGrid.tsx
FN:12,ProductGrid
FN:16,(anonymous_8)
FN:20,(anonymous_9)
FN:20,(anonymous_10)
FN:42,(anonymous_11)
FNF:5
FNH:0
FNDA:0,ProductGrid
FNDA:0,(anonymous_8)
FNDA:0,(anonymous_9)
FNDA:0,(anonymous_10)
FNDA:0,(anonymous_11)
DA:2,0
DA:3,0
DA:12,0
DA:13,0
DA:14,0
DA:16,0
DA:17,0
DA:20,0
DA:21,0
DA:22,0
DA:23,0
DA:24,0
DA:25,0
DA:26,0
DA:29,0
DA:30,0
DA:32,0
DA:34,0
DA:38,0
DA:40,0
DA:42,0
LF:21
LH:0
BRDA:23,0,0,0
BRDA:23,0,1,0
BRDA:25,1,0,0
BRDA:38,2,0,0
BRDA:45,3,0,0
BRDA:45,3,1,0
BRDA:45,4,0,0
BRDA:45,4,1,0
BRDA:45,5,0,0
BRDA:45,5,1,0
BRDA:45,6,0,0
BRDA:45,6,1,0
BRDA:45,7,0,0
BRDA:45,7,1,0
BRF:14
BRH:0
end_of_record
TN:
SF:client\src\components\SectionDivider.tsx
FN:3,SectionDivider
FNF:1
FNH:0
FNDA:0,SectionDivider
DA:1,0
DA:3,0
DA:4,0
DA:5,0
DA:15,0
LF:5
LH:0
BRDA:3,0,0,0
BRDA:4,1,0,0
BRF:2
BRH:0
end_of_record
TN:
SF:client\src\components\SidebarFilter.tsx
FN:20,SidebarFilter
FN:29,(anonymous_1)
FN:43,(anonymous_2)
FN:80,(anonymous_3)
FNF:4
FNH:0
FNDA:0,SidebarFilter
FNDA:0,(anonymous_1)
FNDA:0,(anonymous_2)
FNDA:0,(anonymous_3)
DA:1,0
DA:2,0
DA:3,0
DA:4,0
DA:20,0
DA:29,0
DA:30,0
DA:37,0
DA:44,0
DA:80,0
LF:10
LH:0
BRDA:48,0,0,0
BRDA:48,0,1,0
BRDA:55,1,0,0
BRDA:55,1,1,0
BRDA:88,2,0,0
BRDA:88,2,1,0
BRF:6
BRH:0
end_of_record
TN:
SF:client\src\components\Testimonials.tsx
FN:11,Testimonials
FN:64,(anonymous_1)
FNF:2
FNH:0
FNDA:0,Testimonials
FNDA:0,(anonymous_1)
DA:1,0
DA:2,0
DA:3,0
DA:11,0
DA:12,0
DA:35,0
DA:65,0
LF:7
LH:0
BRF:0
BRH:0
end_of_record
TN:
SF:client\src\components\TrustBadges.tsx
FN:3,TrustBadges
FN:31,(anonymous_1)
FNF:2
FNH:0
FNDA:0,TrustBadges
FNDA:0,(anonymous_1)
DA:1,0
DA:3,0
DA:4,0
DA:27,0
DA:32,0
LF:5
LH:0
BRF:0
BRH:0
end_of_record
TN:
SF:client\src\components\ui\accordion.tsx
FN:12,(anonymous_7)
FN:24,(anonymous_8)
FN:44,(anonymous_9)
FNF:3
FNH:0
FNDA:0,(anonymous_7)
FNDA:0,(anonymous_8)
FNDA:0,(anonymous_9)
DA:1,0
DA:2,0
DA:3,0
DA:5,0
DA:7,0
DA:9,0
DA:12,0
DA:19,0
DA:21,0
DA:24,0
DA:39,0
DA:41,0
DA:44,0
DA:54,0
DA:56,0
LF:15
LH:0
BRF:0
BRH:0
end_of_record
TN:
SF:client\src\components\ui\alert-dialog.tsx
FN:16,(anonymous_7)
FN:31,(anonymous_8)
FN:46,(anonymous_9)
FN:60,(anonymous_10)
FN:77,(anonymous_11)
FN:89,(anonymous_12)
FN:102,(anonymous_13)
FN:114,(anonymous_14)
FNF:8
FNH:0
FNDA:0,(anonymous_7)
FNDA:0,(anonymous_8)
FNDA:0,(anonymous_9)
FNDA:0,(anonymous_10)
FNDA:0,(anonymous_11)
FNDA:0,(anonymous_12)
FNDA:0,(anonymous_13)
FNDA:0,(anonymous_14)
DA:1,0
DA:2,0
DA:4,0
DA:5,0
DA:7,0
DA:9,0
DA:11,0
DA:13,0
DA:16,0
DA:26,0
DA:28,0
DA:31,0
DA:44,0
DA:46,0
DA:47,0
DA:48,0
DA:49,0
DA:58,0
DA:60,0
DA:61,0
DA:62,0
DA:63,0
DA:72,0
DA:74,0
DA:77,0
DA:84,0
DA:86,0
DA:89,0
DA:96,0
DA:99,0
DA:102,0
DA:109,0
DA:111,0
DA:114,0
DA:125,0
DA:128,0
DA:129,0
DA:130,0
DA:131,0
DA:132,0
DA:133,0
DA:134,0
DA:135,0
DA:136,0
DA:137,0
DA:138,0
LF:46
LH:0
BRF:0
BRH:0
end_of_record
TN:
SF:client\src\components\ui\alert.tsx
FN:25,(anonymous_7)
FN:38,(anonymous_8)
FN:50,(anonymous_9)
FNF:3
FNH:0
FNDA:0,(anonymous_7)
FNDA:0,(anonymous_8)
FNDA:0,(anonymous_9)
DA:1,0
DA:2,0
DA:4,0
DA:6,0
DA:22,0
DA:25,0
DA:33,0
DA:35,0
DA:38,0
DA:45,0
DA:47,0
DA:50,0
DA:57,0
DA:59,0
LF:14
LH:0
BRF:0
BRH:0
end_of_record
TN:
SF:client\src\components\ui\aspect-ratio.tsx
FNF:0
FNH:0
DA:1,0
DA:3,0
DA:5,0
LF:3
LH:0
BRF:0
BRH:0
end_of_record
TN:
SF:client\src\components\ui\avatar.tsx
FN:11,(anonymous_7)
FN:27,(anonymous_8)
FN:39,(anonymous_9)
FNF:3
FNH:0
FNDA:0,(anonymous_7)
FNDA:0,(anonymous_8)
FNDA:0,(anonymous_9)
DA:3,0
DA:4,0
DA:6,0
DA:8,0
DA:11,0
DA:22,0
DA:24,0
DA:27,0
DA:34,0
DA:36,0
DA:39,0
DA:49,0
DA:51,0
LF:13
LH:0
BRF:0
BRH:0
end_of_record
TN:
SF:client\src\components\ui\badge.tsx
FN:32,Badge
FNF:1
FNH:0
FNDA:0,Badge
DA:1,1
DA:2,1
DA:4,1
DA:6,1
DA:32,0
DA:33,0
DA:38,1
LF:7
LH:5
BRF:0
BRH:0
end_of_record
TN:
SF:client\src\components\ui\breadcrumb.tsx
FN:12,(anonymous_7)
FN:18,(anonymous_8)
FN:33,(anonymous_9)
FN:47,(anonymous_10)
FN:63,(anonymous_11)
FN:75,(anonymous_12)
FN:91,(anonymous_13)
FNF:7
FNH:0
FNDA:0,(anonymous_7)
FNDA:0,(anonymous_8)
FNDA:0,(anonymous_9)
FNDA:0,(anonymous_10)
FNDA:0,(anonymous_11)
FNDA:0,(anonymous_12)
FNDA:0,(anonymous_13)
DA:1,0
DA:2,0
DA:3,0
DA:5,0
DA:7,0
DA:12,0
DA:13,0
DA:15,0
DA:18,0
DA:28,0
DA:30,0
DA:33,0
DA:40,0
DA:42,0
DA:47,0
DA:48,0
DA:50,0
DA:58,0
DA:60,0
DA:63,0
DA:73,0
DA:75,0
DA:77,0
DA:78,0
DA:79,0
DA:89,0
DA:91,0
DA:92,0
DA:93,0
DA:94,0
DA:105,0
DA:108,0
DA:109,0
DA:110,0
DA:111,0
DA:112,0
DA:113,0
DA:114,0
LF:38
LH:0
BRDA:48,0,0,0
BRDA:48,0,1,0
BRDA:86,1,0,0
BRDA:86,1,1,0
BRDA:86,2,0,0
BRDA:86,2,1,0
BRF:6
BRH:0
end_of_record
TN:
SF:client\src\components\ui\button.tsx
FN:49,(anonymous_7)
FNF:1
FNH:1
FNDA:58,(anonymous_7)
DA:1,3
DA:2,3
DA:3,3
DA:5,3
DA:7,3
DA:48,3
DA:49,58
DA:50,58
DA:51,58
DA:60,3
DA:62,3
LF:11
LH:11
BRDA:49,0,0,58
BRDA:50,1,0,0
BRDA:50,1,1,58
BRF:3
BRH:2
end_of_record
TN:
SF:client\src\components\ui\calendar.tsx
FN:10,Calendar
FN:55,(anonymous_8)
FN:58,(anonymous_9)
FNF:3
FNH:0
FNDA:0,Calendar
FNDA:0,(anonymous_8)
FNDA:0,(anonymous_9)
DA:1,0
DA:2,0
DA:3,0
DA:5,0
DA:6,0
DA:13,0
DA:14,0
DA:16,0
DA:55,0
DA:58,0
DA:66,0
DA:68,0
LF:12
LH:0
BRDA:13,0,0,0
BRF:1
BRH:0
end_of_record
TN:
SF:client\src\components\ui\card.tsx
FN:8,(anonymous_7)
FN:23,(anonymous_8)
FN:35,(anonymous_9)
FN:50,(anonymous_10)
FN:62,(anonymous_11)
FN:70,(anonymous_12)
FNF:6
FNH:2
FNDA:7,(anonymous_7)
FNDA:0,(anonymous_8)
FNDA:0,(anonymous_9)
FNDA:0,(anonymous_10)
FNDA:7,(anonymous_11)
FNDA:0,(anonymous_12)
DA:1,1
DA:3,1
DA:5,1
DA:8,7
DA:18,1
DA:20,1
DA:23,0
DA:30,1
DA:32,1
DA:35,0
DA:45,1
DA:47,1
DA:50,0
DA:57,1
DA:59,1
DA:62,7
DA:65,1
DA:67,1
DA:70,0
DA:77,1
DA:79,1
DA:80,1
DA:81,1
DA:82,1
DA:83,1
DA:84,1
LF:26
LH:22
BRF:0
BRH:0
end_of_record
TN:
SF:client\src\components\ui\carousel.tsx
FN:33,useCarousel
FN:47,(anonymous_9)
FN:69,(anonymous_10)
FN:78,(anonymous_11)
FN:82,(anonymous_12)
FN:87,(anonymous_13)
FN:99,(anonymous_14)
FN:107,(anonymous_15)
FN:116,(anonymous_16)
FN:154,(anonymous_17)
FN:176,(anonymous_18)
FN:198,(anonymous_19)
FN:227,(anonymous_20)
FNF:13
FNH:0
FNDA:0,useCarousel
FNDA:0,(anonymous_9)
FNDA:0,(anonymous_10)
FNDA:0,(anonymous_11)
FNDA:0,(anonymous_12)
FNDA:0,(anonymous_13)
FNDA:0,(anonymous_14)
FNDA:0,(anonymous_15)
FNDA:0,(anonymous_16)
FNDA:0,(anonymous_17)
FNDA:0,(anonymous_18)
FNDA:0,(anonymous_19)
FNDA:0,(anonymous_20)
DA:1,0
DA:2,0
DA:5,0
DA:7,0
DA:8,0
DA:31,0
DA:34,0
DA:36,0
DA:37,0
DA:40,0
DA:43,0
DA:54,0
DA:55,0
DA:59,0
DA:66,0
DA:67,0
DA:69,0
DA:70,0
DA:71,0
DA:74,0
DA:75,0
DA:78,0
DA:79,0
DA:82,0
DA:83,0
DA:86,0
DA:88,0
DA:89,0
DA:90,0
DA:91,0
DA:92,0
DA:93,0
DA:99,0
DA:100,0
DA:101,0
DA:104,0
DA:107,0
DA:108,0
DA:109,0
DA:112,0
DA:113,0
DA:114,0
DA:116,0
DA:117,0
DA:121,0
DA:149,0
DA:151,0
DA:154,0
DA:155,0
DA:157,0
DA:171,0
DA:173,0
DA:176,0
DA:177,0
DA:179,0
DA:193,0
DA:195,0
DA:198,0
DA:199,0
DA:201,0
DA:222,0
DA:224,0
DA:227,0
DA:228,0
DA:230,0
DA:251,0
DA:255,0
DA:256,0
DA:257,0
DA:258,0
DA:259,0
LF:71
LH:0
BRDA:36,0,0,0
BRDA:49,1,0,0
BRDA:62,2,0,0
BRDA:62,2,1,0
BRDA:70,3,0,0
BRDA:79,4,0,0
BRDA:79,4,1,0
BRDA:79,5,0,0
BRDA:79,5,1,0
BRDA:83,6,0,0
BRDA:83,6,1,0
BRDA:83,7,0,0
BRDA:83,7,1,0
BRDA:88,8,0,0
BRDA:88,8,1,0
BRDA:91,9,0,0
BRDA:100,10,0,0
BRDA:100,11,0,0
BRDA:100,11,1,0
BRDA:108,12,0,0
BRDA:117,13,0,0
BRDA:117,13,1,0
BRDA:117,14,0,0
BRDA:117,14,1,0
BRDA:128,15,0,0
BRDA:128,15,1,0
BRDA:128,16,0,0
BRDA:128,16,1,0
BRDA:128,17,0,0
BRDA:128,17,1,0
BRDA:128,18,0,0
BRDA:128,18,1,0
BRDA:163,19,0,0
BRDA:163,19,1,0
BRDA:186,20,0,0
BRDA:186,20,1,0
BRDA:198,21,0,0
BRDA:198,22,0,0
BRDA:208,23,0,0
BRDA:208,23,1,0
BRDA:227,24,0,0
BRDA:227,25,0,0
BRDA:237,26,0,0
BRDA:237,26,1,0
BRF:44
BRH:0
end_of_record
TN:
SF:client\src\components\ui\chart.tsx
FN:27,useChart
FN:45,(anonymous_8)
FN:70,(anonymous_9)
FN:72,(anonymous_10)
FN:84,(anonymous_11)
FN:87,(anonymous_12)
FN:116,(anonymous_13)
FN:136,(anonymous_14)
FN:188,(anonymous_15)
FN:269,(anonymous_16)
FN:288,(anonymous_17)
FN:320,getPayloadConfigFromPayload
FNF:12
FNH:0
FNDA:0,useChart
FNDA:0,(anonymous_8)
FNDA:0,(anonymous_9)
FNDA:0,(anonymous_10)
FNDA:0,(anonymous_11)
FNDA:0,(anonymous_12)
FNDA:0,(anonymous_13)
FNDA:0,(anonymous_14)
FNDA:0,(anonymous_15)
FNDA:0,(anonymous_16)
FNDA:0,(anonymous_17)
FNDA:0,getPayloadConfigFromPayload
DA:3,0
DA:4,0
DA:6,0
DA:9,0
DA:25,0
DA:28,0
DA:30,0
DA:31,0
DA:34,0
DA:37,0
DA:45,0
DA:46,0
DA:47,0
DA:49,0
DA:68,0
DA:70,0
DA:71,0
DA:72,0
DA:75,0
DA:76,0
DA:79,0
DA:84,0
DA:89,0
DA:91,0
DA:103,0
DA:105,0
DA:134,0
DA:136,0
DA:137,0
DA:138,0
DA:141,0
DA:142,0
DA:143,0
DA:145,0
DA:149,0
DA:150,0
DA:157,0
DA:158,0
DA:161,0
DA:172,0
DA:173,0
DA:176,0
DA:178,0
DA:189,0
DA:190,0
DA:191,0
DA:193,0
DA:257,0
DA:259,0
DA:261,0
DA:273,0
DA:275,0
DA:276,0
DA:279,0
DA:289,0
DA:290,0
DA:292,0
DA:317,0
DA:325,0
DA:326,0
DA:330,0
DA:336,0
DA:338,0
DA:342,0
DA:343,0
DA:348,0
DA:353,0
DA:359,0
DA:360,0
DA:361,0
DA:362,0
DA:363,0
DA:364,0
LF:73
LH:0
BRDA:30,0,0,0
BRDA:47,1,0,0
BRDA:47,1,1,0
BRDA:72,2,0,0
BRDA:72,2,1,0
BRDA:75,3,0,0
BRDA:89,4,0,0
BRDA:89,4,1,0
BRDA:89,5,0,0
BRDA:89,5,1,0
BRDA:89,6,0,0
BRDA:89,6,1,0
BRDA:91,7,0,0
BRDA:91,7,1,0
BRDA:121,8,0,0
BRDA:122,9,0,0
BRDA:123,10,0,0
BRDA:137,11,0,0
BRDA:137,12,0,0
BRDA:137,12,1,0
BRDA:137,13,0,0
BRDA:137,13,1,0
BRDA:137,14,0,0
BRDA:137,14,1,0
BRDA:142,15,0,0
BRDA:142,15,1,0
BRDA:142,15,2,0
BRDA:142,15,3,0
BRDA:142,16,0,0
BRDA:142,16,1,0
BRDA:142,17,0,0
BRDA:142,17,1,0
BRDA:142,18,0,0
BRDA:142,18,1,0
BRDA:142,19,0,0
BRDA:142,19,1,0
BRDA:145,20,0,0
BRDA:145,20,1,0
BRDA:145,21,0,0
BRDA:145,21,1,0
BRDA:146,22,0,0
BRDA:146,22,1,0
BRDA:146,23,0,0
BRDA:146,23,1,0
BRDA:146,24,0,0
BRDA:146,24,1,0
BRDA:147,25,0,0
BRDA:147,25,1,0
BRDA:147,26,0,0
BRDA:147,26,1,0
BRDA:149,27,0,0
BRDA:157,28,0,0
BRDA:172,29,0,0
BRDA:172,30,0,0
BRDA:172,30,1,0
BRDA:172,31,0,0
BRDA:172,31,1,0
BRDA:172,32,0,0
BRDA:172,32,1,0
BRDA:176,33,0,0
BRDA:176,33,1,0
BRDA:186,34,0,0
BRDA:186,34,1,0
BRDA:189,35,0,0
BRDA:189,35,1,0
BRDA:189,35,2,0
BRDA:189,35,3,0
BRDA:191,36,0,0
BRDA:191,36,1,0
BRDA:191,36,2,0
BRDA:198,37,0,0
BRDA:198,37,1,0
BRDA:201,38,0,0
BRDA:201,38,1,0
BRDA:201,39,0,0
BRDA:201,39,1,0
BRDA:201,39,2,0
BRDA:201,40,0,0
BRDA:201,40,1,0
BRDA:201,41,0,0
BRDA:201,41,1,0
BRDA:205,42,0,0
BRDA:205,42,1,0
BRDA:205,43,0,0
BRDA:205,43,1,0
BRDA:205,44,0,0
BRDA:205,44,1,0
BRDA:208,45,0,0
BRDA:208,45,1,0
BRDA:217,46,0,0
BRDA:217,46,1,0
BRDA:232,47,0,0
BRDA:232,47,1,0
BRDA:236,48,0,0
BRDA:236,48,1,0
BRDA:238,49,0,0
BRDA:238,49,1,0
BRDA:238,50,0,0
BRDA:238,50,1,0
BRDA:238,51,0,0
BRDA:238,51,1,0
BRDA:241,52,0,0
BRDA:241,52,1,0
BRDA:270,53,0,0
BRDA:270,54,0,0
BRDA:275,55,0,0
BRDA:275,56,0,0
BRDA:275,56,1,0
BRDA:275,57,0,0
BRDA:275,57,1,0
BRDA:284,58,0,0
BRDA:284,58,1,0
BRDA:289,59,0,0
BRDA:289,59,1,0
BRDA:289,59,2,0
BRDA:299,60,0,0
BRDA:299,60,1,0
BRDA:299,61,0,0
BRDA:299,61,1,0
BRDA:299,62,0,0
BRDA:299,62,1,0
BRDA:299,63,0,0
BRDA:299,63,1,0
BRDA:309,64,0,0
BRDA:309,64,1,0
BRDA:309,65,0,0
BRDA:309,65,1,0
BRDA:325,66,0,0
BRDA:325,67,0,0
BRDA:325,67,1,0
BRDA:330,68,0,0
BRDA:330,68,1,0
BRDA:330,69,0,0
BRDA:330,69,1,0
BRDA:330,69,2,0
BRDA:338,70,0,0
BRDA:338,70,1,0
BRDA:339,71,0,0
BRDA:339,71,1,0
BRDA:343,72,0,0
BRDA:344,73,0,0
BRDA:344,73,1,0
BRDA:344,73,2,0
BRDA:353,74,0,0
BRDA:353,74,1,0
BRF:145
BRH:0
end_of_record
TN:
SF:client\src\components\ui\checkbox.tsx
FN:10,(anonymous_7)
FNF:1
FNH:0
FNDA:0,(anonymous_7)
DA:1,0
DA:2,0
DA:3,0
DA:5,0
DA:7,0
DA:10,0
DA:26,0
DA:28,0
LF:8
LH:0
BRF:0
BRH:0
end_of_record
TN:
SF:client\src\components\ui\collapsible.tsx
FNF:0
FNH:0
DA:3,0
DA:5,0
DA:7,0
DA:9,0
DA:11,0
LF:5
LH:0
BRF:0
BRH:0
end_of_record
TN:
SF:client\src\components\ui\command.tsx
FN:12,(anonymous_7)
FN:24,(anonymous_8)
FN:39,(anonymous_9)
FN:58,(anonymous_10)
FN:71,(anonymous_11)
FN:84,(anonymous_12)
FN:100,(anonymous_13)
FN:112,(anonymous_14)
FN:125,(anonymous_15)
FNF:9
FNH:0
FNDA:0,(anonymous_7)
FNDA:0,(anonymous_8)
FNDA:0,(anonymous_9)
FNDA:0,(anonymous_10)
FNDA:0,(anonymous_11)
FNDA:0,(anonymous_12)
FNDA:0,(anonymous_13)
FNDA:0,(anonymous_14)
FNDA:0,(anonymous_15)
DA:1,0
DA:3,0
DA:4,0
DA:6,0
DA:7,0
DA:9,0
DA:12,0
DA:22,0
DA:24,0
DA:25,0
DA:36,0
DA:39,0
DA:53,0
DA:55,0
DA:58,0
DA:66,0
DA:68,0
DA:72,0
DA:79,0
DA:81,0
DA:84,0
DA:95,0
DA:97,0
DA:100,0
DA:107,0
DA:109,0
DA:112,0
DA:123,0
DA:125,0
DA:126,0
DA:127,0
DA:129,0
DA:139,0
DA:142,0
DA:143,0
DA:144,0
DA:145,0
DA:146,0
DA:147,0
DA:148,0
DA:149,0
DA:150,0
LF:42
LH:0
BRF:0
BRH:0
end_of_record
TN:
SF:client\src\components\ui\context-menu.tsx
FN:24,(anonymous_7)
FN:43,(anonymous_8)
FN:58,(anonymous_9)
FN:77,(anonymous_10)
FN:93,(anonymous_11)
FN:117,(anonymous_12)
FN:141,(anonymous_13)
FN:157,(anonymous_14)
FN:166,(anonymous_15)
FNF:9
FNH:0
FNDA:0,(anonymous_7)
FNDA:0,(anonymous_8)
FNDA:0,(anonymous_9)
FNDA:0,(anonymous_10)
FNDA:0,(anonymous_11)
FNDA:0,(anonymous_12)
FNDA:0,(anonymous_13)
FNDA:0,(anonymous_14)
FNDA:0,(anonymous_15)
DA:1,0
DA:2,0
DA:3,0
DA:5,0
DA:7,0
DA:9,0
DA:11,0
DA:13,0
DA:15,0
DA:17,0
DA:19,0
DA:24,0
DA:38,0
DA:40,0
DA:43,0
DA:53,0
DA:55,0
DA:58,0
DA:70,0
DA:72,0
DA:77,0
DA:88,0
DA:90,0
DA:93,0
DA:111,0
DA:114,0
DA:117,0
DA:134,0
DA:136,0
DA:141,0
DA:152,0
DA:154,0
DA:157,0
DA:164,0
DA:166,0
DA:167,0
DA:168,0
DA:170,0
DA:180,0
DA:183,0
DA:184,0
DA:185,0
DA:186,0
DA:187,0
DA:188,0
DA:189,0
DA:190,0
DA:191,0
DA:192,0
DA:193,0
DA:194,0
DA:195,0
DA:196,0
DA:197,0
LF:54
LH:0
BRDA:29,0,0,0
BRDA:29,0,1,0
BRDA:82,1,0,0
BRDA:82,1,1,0
BRDA:146,2,0,0
BRDA:146,2,1,0
BRF:6
BRH:0
end_of_record
TN:
SF:client\src\components\ui\dialog.tsx
FN:20,(anonymous_7)
FN:35,(anonymous_8)
FN:56,(anonymous_9)
FN:70,(anonymous_10)
FN:87,(anonymous_11)
FN:102,(anonymous_12)
FNF:6
FNH:0
FNDA:0,(anonymous_7)
FNDA:0,(anonymous_8)
FNDA:0,(anonymous_9)
FNDA:0,(anonymous_10)
FNDA:0,(anonymous_11)
FNDA:0,(anonymous_12)
DA:3,0
DA:4,0
DA:5,0
DA:7,0
DA:9,0
DA:11,0
DA:13,0
DA:15,0
DA:17,0
DA:20,0
DA:30,0
DA:32,0
DA:35,0
DA:54,0
DA:56,0
DA:57,0
DA:58,0
DA:59,0
DA:68,0
DA:70,0
DA:71,0
DA:72,0
DA:73,0
DA:82,0
DA:84,0
DA:87,0
DA:97,0
DA:99,0
DA:102,0
DA:109,0
DA:112,0
DA:113,0
DA:114,0
DA:115,0
DA:116,0
DA:117,0
DA:118,0
DA:119,0
DA:120,0
DA:121,0
LF:40
LH:0
BRF:0
BRH:0
end_of_record
TN:
SF:client\src\components\ui\drawer.tsx
FN:8,(anonymous_7)
FN:28,(anonymous_8)
FN:40,(anonymous_9)
FN:58,(anonymous_10)
FN:69,(anonymous_11)
FN:83,(anonymous_12)
FN:98,(anonymous_13)
FNF:7
FNH:0
FNDA:0,(anonymous_7)
FNDA:0,(anonymous_8)
FNDA:0,(anonymous_9)
FNDA:0,(anonymous_10)
FNDA:0,(anonymous_11)
FNDA:0,(anonymous_12)
FNDA:0,(anonymous_13)
DA:3,0
DA:4,0
DA:6,0
DA:8,0
DA:9,0
DA:10,0
DA:11,0
DA:17,0
DA:19,0
DA:21,0
DA:23,0
DA:25,0
DA:28,0
DA:35,0
DA:37,0
DA:40,0
DA:56,0
DA:58,0
DA:59,0
DA:60,0
DA:61,0
DA:67,0
DA:69,0
DA:70,0
DA:71,0
DA:72,0
DA:78,0
DA:80,0
DA:83,0
DA:93,0
DA:95,0
DA:98,0
DA:105,0
DA:108,0
DA:109,0
DA:110,0
DA:111,0
DA:112,0
DA:113,0
DA:114,0
DA:115,0
DA:116,0
DA:117,0
LF:43
LH:0
BRDA:9,0,0,0
BRF:1
BRH:0
end_of_record
TN:
SF:client\src\components\ui\dropdown-menu.tsx
FN:24,(anonymous_7)
FN:44,(anonymous_8)
FN:60,(anonymous_9)
FN:80,(anonymous_10)
FN:96,(anonymous_11)
FN:120,(anonymous_12)
FN:144,(anonymous_13)
FN:160,(anonymous_14)
FN:169,(anonymous_15)
FNF:9
FNH:0
FNDA:0,(anonymous_7)
FNDA:0,(anonymous_8)
FNDA:0,(anonymous_9)
FNDA:0,(anonymous_10)
FNDA:0,(anonymous_11)
FNDA:0,(anonymous_12)
FNDA:0,(anonymous_13)
FNDA:0,(anonymous_14)
FNDA:0,(anonymous_15)
DA:1,0
DA:2,0
DA:3,0
DA:5,0
DA:7,0
DA:9,0
DA:11,0
DA:13,0
DA:15,0
DA:17,0
DA:19,0
DA:24,0
DA:38,0
DA:41,0
DA:44,0
DA:54,0
DA:57,0
DA:60,0
DA:73,0
DA:75,0
DA:80,0
DA:91,0
DA:93,0
DA:96,0
DA:114,0
DA:117,0
DA:120,0
DA:137,0
DA:139,0
DA:144,0
DA:155,0
DA:157,0
DA:160,0
DA:167,0
DA:169,0
DA:170,0
DA:171,0
DA:173,0
DA:180,0
DA:183,0
DA:184,0
DA:185,0
DA:186,0
DA:187,0
DA:188,0
DA:189,0
DA:190,0
DA:191,0
DA:192,0
DA:193,0
DA:194,0
DA:195,0
DA:196,0
DA:197,0
LF:54
LH:0
BRDA:29,0,0,0
BRDA:29,0,1,0
BRDA:60,1,0,0
BRDA:85,2,0,0
BRDA:85,2,1,0
BRDA:149,3,0,0
BRDA:149,3,1,0
BRF:7
BRH:0
end_of_record
TN:
SF:client\src\components\ui\form.tsx
FN:31,(anonymous_7)
FN:44,(anonymous_8)
FN:78,(anonymous_9)
FN:92,(anonymous_10)
FN:109,(anonymous_11)
FN:131,(anonymous_12)
FN:148,(anonymous_13)
FNF:7
FNH:0
FNDA:0,(anonymous_7)
FNDA:0,(anonymous_8)
FNDA:0,(anonymous_9)
FNDA:0,(anonymous_10)
FNDA:0,(anonymous_11)
FNDA:0,(anonymous_12)
FNDA:0,(anonymous_13)
DA:3,0
DA:5,0
DA:6,0
DA:15,0
DA:16,0
DA:18,0
DA:27,0
DA:31,0
DA:35,0
DA:37,0
DA:44,0
DA:45,0
DA:46,0
DA:47,0
DA:49,0
DA:51,0
DA:52,0
DA:55,0
DA:57,0
DA:71,0
DA:75,0
DA:78,0
DA:79,0
DA:81,0
DA:87,0
DA:89,0
DA:92,0
DA:93,0
DA:95,0
DA:104,0
DA:106,0
DA:109,0
DA:110,0
DA:112,0
DA:126,0
DA:128,0
DA:131,0
DA:132,0
DA:134,0
DA:143,0
DA:145,0
DA:148,0
DA:149,0
DA:150,0
DA:152,0
DA:153,0
DA:156,0
DA:167,0
DA:170,0
DA:171,0
DA:172,0
DA:173,0
DA:174,0
DA:175,0
DA:176,0
DA:177,0
LF:56
LH:0
BRDA:51,0,0,0
BRDA:98,1,0,0
BRDA:98,1,1,0
BRDA:117,2,0,0
BRDA:117,2,1,0
BRDA:150,3,0,0
BRDA:150,3,1,0
BRDA:150,4,0,0
BRDA:150,4,1,0
BRDA:150,5,0,0
BRDA:150,5,1,0
BRDA:150,6,0,0
BRDA:150,6,1,0
BRDA:150,7,0,0
BRDA:150,7,1,0
BRDA:152,8,0,0
BRF:16
BRH:0
end_of_record
TN:
SF:client\src\components\ui\hover-card.tsx
FN:15,(anonymous_7)
FNF:1
FNH:0
FNDA:0,(anonymous_7)
DA:3,0
DA:4,0
DA:6,0
DA:8,0
DA:10,0
DA:12,0
DA:15,0
DA:27,0
DA:29,0
LF:9
LH:0
BRDA:15,0,0,0
BRDA:15,1,0,0
BRF:2
BRH:0
end_of_record
TN:
SF:client\src\components\ui\input-otp.tsx
FN:10,(anonymous_7)
FN:26,(anonymous_8)
FN:34,(anonymous_9)
FN:62,(anonymous_10)
FNF:4
FNH:0
FNDA:0,(anonymous_7)
FNDA:0,(anonymous_8)
FNDA:0,(anonymous_9)
FNDA:0,(anonymous_10)
DA:1,0
DA:2,0
DA:3,0
DA:5,0
DA:7,0
DA:10,0
DA:21,0
DA:23,0
DA:26,0
DA:29,0
DA:31,0
DA:34,0
DA:35,0
DA:36,0
DA:38,0
DA:57,0
DA:59,0
DA:62,0
DA:67,0
DA:69,0
LF:20
LH:0
BRDA:43,0,0,0
BRDA:43,0,1,0
BRDA:49,1,0,0
BRDA:49,1,1,0
BRF:4
BRH:0
end_of_record
TN:
SF:client\src\components\ui\input.tsx
FN:6,(anonymous_7)
FNF:1
FNH:0
FNDA:0,(anonymous_7)
DA:1,0
DA:3,0
DA:5,0
DA:6,0
DA:8,0
DA:21,0
DA:23,0
LF:7
LH:0
BRF:0
BRH:0
end_of_record
TN:
SF:client\src\components\ui\label.tsx
FN:15,(anonymous_7)
FNF:1
FNH:0
FNDA:0,(anonymous_7)
DA:1,0
DA:2,0
DA:3,0
DA:5,0
DA:7,0
DA:11,0
DA:15,0
DA:22,0
DA:24,0
LF:9
LH:0
BRF:0
BRH:0
end_of_record
TN:
SF:client\src\components\ui\menubar.tsx
FN:9,MenubarMenu
FN:15,MenubarGroup
FN:21,MenubarPortal
FN:27,MenubarRadioGroup
FN:33,MenubarSub
FN:42,(anonymous_12)
FN:57,(anonymous_13)
FN:74,(anonymous_14)
FN:93,(anonymous_15)
FN:109,(anonymous_16)
FN:135,(anonymous_17)
FN:151,(anonymous_18)
FN:174,(anonymous_19)
FN:198,(anonymous_20)
FN:214,(anonymous_21)
FN:223,(anonymous_22)
FNF:16
FNH:0
FNDA:0,MenubarMenu
FNDA:0,MenubarGroup
FNDA:0,MenubarPortal
FNDA:0,MenubarRadioGroup
FNDA:0,MenubarSub
FNDA:0,(anonymous_12)
FNDA:0,(anonymous_13)
FNDA:0,(anonymous_14)
FNDA:0,(anonymous_15)
FNDA:0,(anonymous_16)
FNDA:0,(anonymous_17)
FNDA:0,(anonymous_18)
FNDA:0,(anonymous_19)
FNDA:0,(anonymous_20)
FNDA:0,(anonymous_21)
FNDA:0,(anonymous_22)
DA:3,0
DA:4,0
DA:5,0
DA:7,0
DA:10,0
DA:12,0
DA:16,0
DA:18,0
DA:22,0
DA:24,0
DA:28,0
DA:30,0
DA:34,0
DA:36,0
DA:39,0
DA:42,0
DA:52,0
DA:54,0
DA:57,0
DA:67,0
DA:69,0
DA:74,0
DA:88,0
DA:90,0
DA:93,0
DA:103,0
DA:105,0
DA:110,0
DA:112,0
DA:128,0
DA:130,0
DA:135,0
DA:146,0
DA:148,0
DA:151,0
DA:169,0
DA:171,0
DA:174,0
DA:191,0
DA:193,0
DA:198,0
DA:209,0
DA:211,0
DA:214,0
DA:221,0
DA:223,0
DA:224,0
DA:225,0
DA:227,0
DA:237,0
DA:240,0
DA:241,0
DA:242,0
DA:243,0
DA:244,0
DA:245,0
DA:246,0
DA:247,0
DA:248,0
DA:249,0
DA:250,0
DA:251,0
DA:252,0
DA:253,0
DA:254,0
DA:255,0
LF:66
LH:0
BRDA:79,0,0,0
BRDA:79,0,1,0
BRDA:110,1,0,0
BRDA:110,2,0,0
BRDA:110,3,0,0
BRDA:140,4,0,0
BRDA:140,4,1,0
BRDA:203,5,0,0
BRDA:203,5,1,0
BRF:9
BRH:0
end_of_record
TN:
SF:client\src\components\ui\navigation-menu.tsx
FN:11,(anonymous_7)
FN:28,(anonymous_8)
FN:43,(anonymous_9)
FN:59,(anonymous_10)
FN:77,(anonymous_11)
FN:94,(anonymous_12)
FN:112,(anonymous_13)
FNF:7
FNH:0
FNDA:0,(anonymous_7)
FNDA:0,(anonymous_8)
FNDA:0,(anonymous_9)
FNDA:0,(anonymous_10)
FNDA:0,(anonymous_11)
FNDA:0,(anonymous_12)
FNDA:0,(anonymous_13)
DA:1,0
DA:2,0
DA:3,0
DA:4,0
DA:6,0
DA:8,0
DA:11,0
DA:23,0
DA:25,0
DA:28,0
DA:38,0
DA:40,0
DA:43,0
DA:50,0
DA:52,0
DA:56,0
DA:59,0
DA:72,0
DA:74,0
DA:77,0
DA:87,0
DA:89,0
DA:91,0
DA:94,0
DA:106,0
DA:109,0
DA:112,0
DA:124,0
DA:128,0
DA:129,0
DA:130,0
DA:131,0
DA:132,0
DA:133,0
DA:134,0
DA:135,0
DA:136,0
LF:37
LH:0
BRF:0
BRH:0
end_of_record
TN:
SF:client\src\components\ui\pagination.tsx
FN:7,(anonymous_7)
FN:20,(anonymous_8)
FN:32,(anonymous_9)
FN:42,(anonymous_10)
FN:62,(anonymous_11)
FN:78,(anonymous_12)
FN:94,(anonymous_13)
FNF:7
FNH:0
FNDA:0,(anonymous_7)
FNDA:0,(anonymous_8)
FNDA:0,(anonymous_9)
FNDA:0,(anonymous_10)
FNDA:0,(anonymous_11)
FNDA:0,(anonymous_12)
FNDA:0,(anonymous_13)
DA:1,0
DA:2,0
DA:4,0
DA:5,0
DA:7,0
DA:15,0
DA:17,0
DA:20,0
DA:27,0
DA:29,0
DA:32,0
DA:35,0
DA:42,0
DA:45,0
DA:46,0
DA:47,0
DA:60,0
DA:62,0
DA:63,0
DA:64,0
DA:65,0
DA:76,0
DA:78,0
DA:79,0
DA:80,0
DA:81,0
DA:92,0
DA:94,0
DA:95,0
DA:96,0
DA:97,0
DA:107,0
DA:110,0
DA:111,0
DA:112,0
DA:113,0
DA:114,0
DA:115,0
DA:116,0
LF:39
LH:0
BRDA:45,0,0,0
BRDA:49,1,0,0
BRDA:49,1,1,0
BRDA:52,2,0,0
BRDA:52,2,1,0
BRF:5
BRH:0
end_of_record
TN:
SF:client\src\components\ui\popover.tsx
FN:13,(anonymous_7)
FNF:1
FNH:0
FNDA:0,(anonymous_7)
DA:1,0
DA:2,0
DA:4,0
DA:6,0
DA:8,0
DA:10,0
DA:13,0
DA:27,0
DA:29,0
LF:9
LH:0
BRDA:13,0,0,0
BRDA:13,1,0,0
BRF:2
BRH:0
end_of_record
TN:
SF:client\src\components\ui\progress.tsx
FN:11,(anonymous_7)
FNF:1
FNH:0
FNDA:0,(anonymous_7)
DA:3,0
DA:4,0
DA:6,0
DA:8,0
DA:11,0
DA:26,0
DA:28,0
LF:7
LH:0
BRDA:22,0,0,0
BRDA:22,0,1,0
BRF:2
BRH:0
end_of_record
TN:
SF:client\src\components\ui\radio-group.tsx
FN:10,(anonymous_7)
FN:24,(anonymous_8)
FNF:2
FNH:0
FNDA:0,(anonymous_7)
FNDA:0,(anonymous_8)
DA:1,0
DA:2,0
DA:3,0
DA:5,0
DA:7,0
DA:10,0
DA:11,0
DA:19,0
DA:21,0
DA:24,0
DA:25,0
DA:40,0
DA:42,0
LF:13
LH:0
BRF:0
BRH:0
end_of_record
TN:
SF:client\src\components\ui\resizable.tsx
FN:8,(anonymous_7)
FN:23,(anonymous_8)
FNF:2
FNH:0
FNDA:0,(anonymous_7)
FNDA:0,(anonymous_8)
DA:3,0
DA:4,0
DA:6,0
DA:8,0
DA:9,0
DA:10,0
DA:11,0
DA:21,0
DA:23,0
DA:25,0
DA:26,0
DA:29,0
DA:45,0
LF:13
LH:0
BRDA:37,0,0,0
BRDA:37,0,1,0
BRF:2
BRH:0
end_of_record
TN:
SF:client\src\components\ui\scroll-area.tsx
FN:9,(anonymous_7)
FN:27,(anonymous_8)
FNF:2
FNH:0
FNDA:0,(anonymous_7)
FNDA:0,(anonymous_8)
DA:1,0
DA:2,0
DA:4,0
DA:6,0
DA:9,0
DA:22,0
DA:24,0
DA:27,0
DA:44,0
DA:46,0
LF:10
LH:0
BRDA:27,0,0,0
BRDA:33,1,0,0
BRDA:33,1,1,0
BRDA:35,2,0,0
BRDA:35,2,1,0
BRF:5
BRH:0
end_of_record
TN:
SF:client\src\components\ui\select.tsx
FN:18,(anonymous_7)
FN:38,(anonymous_8)
FN:55,(anonymous_9)
FN:73,(anonymous_10)
FN:105,(anonymous_11)
FN:117,(anonymous_12)
FN:140,(anonymous_13)
FNF:7
FNH:0
FNDA:0,(anonymous_7)
FNDA:0,(anonymous_8)
FNDA:0,(anonymous_9)
FNDA:0,(anonymous_10)
FNDA:0,(anonymous_11)
FNDA:0,(anonymous_12)
FNDA:0,(anonymous_13)
DA:3,0
DA:4,0
DA:5,0
DA:7,0
DA:9,0
DA:11,0
DA:13,0
DA:15,0
DA:18,0
DA:33,0
DA:35,0
DA:38,0
DA:50,0
DA:52,0
DA:55,0
DA:67,0
DA:70,0
DA:73,0
DA:100,0
DA:102,0
DA:105,0
DA:112,0
DA:114,0
DA:117,0
DA:135,0
DA:137,0
DA:140,0
DA:147,0
DA:150,0
DA:151,0
DA:152,0
DA:153,0
DA:154,0
DA:155,0
DA:156,0
DA:157,0
DA:158,0
DA:159,0
LF:38
LH:0
BRDA:73,0,0,0
BRDA:79,1,0,0
BRDA:79,1,1,0
BRDA:90,2,0,0
BRDA:90,2,1,0
BRF:5
BRH:0
end_of_record
TN:
SF:client\src\components\ui\separator.tsx
FN:10,(anonymous_7)
FNF:1
FNH:0
FNDA:0,(anonymous_7)
DA:1,0
DA:2,0
DA:4,0
DA:6,0
DA:11,0
DA:13,0
DA:27,0
DA:29,0
LF:8
LH:0
BRDA:11,0,0,0
BRDA:11,1,0,0
BRDA:20,2,0,0
BRDA:20,2,1,0
BRF:4
BRH:0
end_of_record
TN:
SF:client\src\components\ui\sheet.tsx
FN:21,(anonymous_7)
FN:59,(anonymous_8)
FN:77,(anonymous_9)
FN:91,(anonymous_10)
FN:108,(anonymous_11)
FN:120,(anonymous_12)
FNF:6
FNH:0
FNDA:0,(anonymous_7)
FNDA:0,(anonymous_8)
FNDA:0,(anonymous_9)
FNDA:0,(anonymous_10)
FNDA:0,(anonymous_11)
FNDA:0,(anonymous_12)
DA:3,0
DA:4,0
DA:5,0
DA:6,0
DA:8,0
DA:10,0
DA:12,0
DA:14,0
DA:16,0
DA:18,0
DA:21,0
DA:31,0
DA:33,0
DA:56,0
DA:59,0
DA:75,0
DA:77,0
DA:78,0
DA:79,0
DA:80,0
DA:89,0
DA:91,0
DA:92,0
DA:93,0
DA:94,0
DA:103,0
DA:105,0
DA:108,0
DA:115,0
DA:117,0
DA:120,0
DA:127,0
DA:130,0
DA:131,0
DA:132,0
DA:133,0
DA:134,0
DA:135,0
DA:136,0
DA:137,0
DA:138,0
DA:139,0
LF:42
LH:0
BRDA:59,0,0,0
BRF:1
BRH:0
end_of_record
TN:
SF:client\src\components\ui\sidebar.tsx
FN:47,useSidebar
FN:56,SidebarProvider
FN:77,(anonymous_9)
FN:92,(anonymous_10)
FN:93,(anonymous_11)
FN:93,(anonymous_12)
FN:97,(anonymous_13)
FN:98,(anonymous_14)
FN:109,(anonymous_15)
FN:117,(anonymous_16)
FN:154,Sidebar
FN:256,SidebarTrigger
FN:270,(anonymous_19)
FN:282,SidebarRail
FN:308,SidebarInset
FN:322,SidebarInput
FN:336,SidebarHeader
FN:347,SidebarFooter
FN:358,SidebarSeparator
FN:372,SidebarContent
FN:386,SidebarGroup
FN:397,SidebarGroupLabel
FN:418,SidebarGroupAction
FN:441,SidebarGroupContent
FN:455,SidebarMenu
FN:466,SidebarMenuItem
FN:499,SidebarMenuButton
FN:549,SidebarMenuAction
FN:581,SidebarMenuBadge
FN:603,SidebarMenuSkeleton
FN:611,(anonymous_37)
FN:641,SidebarMenuSub
FN:656,SidebarMenuSubItem
FN:670,SidebarMenuSubButton
FNF:34
FNH:0
FNDA:0,useSidebar
FNDA:0,SidebarProvider
FNDA:0,(anonymous_9)
FNDA:0,(anonymous_10)
FNDA:0,(anonymous_11)
FNDA:0,(anonymous_12)
FNDA:0,(anonymous_13)
FNDA:0,(anonymous_14)
FNDA:0,(anonymous_15)
FNDA:0,(anonymous_16)
FNDA:0,Sidebar
FNDA:0,SidebarTrigger
FNDA:0,(anonymous_19)
FNDA:0,SidebarRail
FNDA:0,SidebarInset
FNDA:0,SidebarInput
FNDA:0,SidebarHeader
FNDA:0,SidebarFooter
FNDA:0,SidebarSeparator
FNDA:0,SidebarContent
FNDA:0,SidebarGroup
FNDA:0,SidebarGroupLabel
FNDA:0,SidebarGroupAction
FNDA:0,SidebarGroupContent
FNDA:0,SidebarMenu
FNDA:0,SidebarMenuItem
FNDA:0,SidebarMenuButton
FNDA:0,SidebarMenuAction
FNDA:0,SidebarMenuBadge
FNDA:0,SidebarMenuSkeleton
FNDA:0,(anonymous_37)
FNDA:0,SidebarMenuSub
FNDA:0,SidebarMenuSubItem
FNDA:0,SidebarMenuSubButton
DA:3,0
DA:4,0
DA:5,0
DA:6,0
DA:8,0
DA:9,0
DA:10,0
DA:11,0
DA:12,0
DA:13,0
DA:20,0
DA:21,0
DA:28,0
DA:29,0
DA:30,0
DA:31,0
DA:32,0
DA:33,0
DA:45,0
DA:48,0
DA:49,0
DA:50,0
DA:53,0
DA:62,0
DA:63,0
DA:69,0
DA:70,0
DA:74,0
DA:75,0
DA:76,0
DA:78,0
DA:79,0
DA:80,0
DA:82,0
DA:86,0
DA:92,0
DA:93,0
DA:97,0
DA:98,0
DA:99,0
DA:103,0
DA:104,0
DA:108,0
DA:109,0
DA:114,0
DA:116,0
DA:117,0
DA:129,0
DA:159,0
DA:160,0
DA:166,0
DA:168,0
DA:169,0
DA:183,0
DA:184,0
DA:208,0
DA:258,0
DA:259,0
DA:261,0
DA:263,0
DA:271,0
DA:272,0
DA:282,0
DA:283,0
DA:286,0
DA:308,0
DA:309,0
DA:323,0
DA:324,0
DA:326,0
DA:336,0
DA:337,0
DA:347,0
DA:348,0
DA:359,0
DA:360,0
DA:362,0
DA:372,0
DA:373,0
DA:386,0
DA:387,0
DA:399,0
DA:400,0
DA:402,0
DA:404,0
DA:420,0
DA:421,0
DA:423,0
DA:425,0
DA:442,0
DA:443,0
DA:445,0
DA:455,0
DA:456,0
DA:466,0
DA:467,0
DA:477,0
DA:505,0
DA:506,0
DA:512,0
DA:513,0
DA:516,0
DA:526,0
DA:527,0
DA:530,0
DA:531,0
DA:536,0
DA:552,0
DA:553,0
DA:558,0
DA:560,0
DA:582,0
DA:583,0
DA:585,0
DA:605,0
DA:606,0
DA:611,0
DA:612,0
DA:615,0
DA:641,0
DA:642,0
DA:657,0
DA:658,0
DA:660,0
DA:674,0
DA:675,0
DA:681,0
DA:683,0
DA:703,0
DA:704,0
DA:705,0
DA:706,0
DA:707,0
DA:708,0
DA:709,0
DA:710,0
DA:711,0
DA:712,0
DA:713,0
DA:714,0
DA:715,0
DA:716,0
DA:717,0
DA:718,0
DA:719,0
DA:720,0
DA:721,0
DA:722,0
DA:723,0
DA:724,0
DA:725,0
DA:726,0
LF:152
LH:0
BRDA:49,0,0,0
BRDA:57,1,0,0
BRDA:75,2,0,0
BRDA:75,2,1,0
BRDA:75,3,0,0
BRDA:75,3,1,0
BRDA:78,4,0,0
BRDA:78,4,1,0
BRDA:79,5,0,0
BRDA:79,5,1,0
BRDA:93,6,0,0
BRDA:93,6,1,0
BRDA:99,7,0,0
BRDA:100,8,0,0
BRDA:100,8,1,0
BRDA:100,8,2,0
BRDA:114,9,0,0
BRDA:114,9,1,0
BRDA:155,10,0,0
BRDA:156,11,0,0
BRDA:157,12,0,0
BRDA:168,13,0,0
BRDA:183,14,0,0
BRDA:212,15,0,0
BRDA:212,15,1,0
BRDA:224,16,0,0
BRDA:224,16,1,0
BRDA:224,17,0,0
BRDA:224,17,1,0
BRDA:233,18,0,0
BRDA:233,18,1,0
BRDA:237,19,0,0
BRDA:237,19,1,0
BRDA:237,20,0,0
BRDA:237,20,1,0
BRDA:271,21,0,0
BRDA:271,21,1,0
BRDA:271,22,0,0
BRDA:271,22,1,0
BRDA:399,23,0,0
BRDA:402,24,0,0
BRDA:402,24,1,0
BRDA:420,25,0,0
BRDA:423,26,0,0
BRDA:423,26,1,0
BRDA:500,27,0,0
BRDA:501,28,0,0
BRDA:502,29,0,0
BRDA:503,30,0,0
BRDA:512,31,0,0
BRDA:512,31,1,0
BRDA:526,32,0,0
BRDA:530,33,0,0
BRDA:542,34,0,0
BRDA:542,34,1,0
BRDA:551,35,0,0
BRDA:552,36,0,0
BRDA:558,37,0,0
BRDA:558,37,1,0
BRDA:572,38,0,0
BRDA:572,38,1,0
BRDA:605,39,0,0
BRDA:622,40,0,0
BRDA:622,40,1,0
BRDA:671,41,0,0
BRDA:672,42,0,0
BRDA:673,43,0,0
BRDA:681,44,0,0
BRDA:681,44,1,0
BRDA:692,45,0,0
BRDA:692,45,1,0
BRDA:693,46,0,0
BRDA:693,46,1,0
BRF:73
BRH:0
end_of_record
TN:
SF:client\src\components\ui\skeleton.tsx
FN:3,Skeleton
FNF:1
FNH:1
FNDA:144,Skeleton
DA:1,1
DA:4,144
DA:5,144
DA:7,144
DA:15,1
LF:5
LH:5
BRF:0
BRH:0
end_of_record
TN:
SF:client\src\components\ui\slider.tsx
FN:9,(anonymous_7)
FNF:1
FNH:0
FNDA:0,(anonymous_7)
DA:1,0
DA:2,0
DA:4,0
DA:6,0
DA:9,0
DA:24,0
DA:26,0
LF:7
LH:0
BRF:0
BRH:0
end_of_record
TN:
SF:client\src\components\ui\switch.tsx
FN:9,(anonymous_7)
FNF:1
FNH:0
FNDA:0,(anonymous_7)
DA:1,0
DA:2,0
DA:4,0
DA:6,0
DA:9,0
DA:25,0
DA:27,0
LF:7
LH:0
BRF:0
BRH:0
end_of_record
TN:
SF:client\src\components\ui\table.tsx
FN:8,(anonymous_7)
FN:22,(anonymous_8)
FN:30,(anonymous_9)
FN:42,(anonymous_10)
FN:57,(anonymous_11)
FN:72,(anonymous_12)
FN:87,(anonymous_13)
FN:99,(anonymous_14)
FNF:8
FNH:0
FNDA:0,(anonymous_7)
FNDA:0,(anonymous_8)
FNDA:0,(anonymous_9)
FNDA:0,(anonymous_10)
FNDA:0,(anonymous_11)
FNDA:0,(anonymous_12)
FNDA:0,(anonymous_13)
FNDA:0,(anonymous_14)
DA:1,0
DA:3,0
DA:5,0
DA:8,0
DA:17,0
DA:19,0
DA:22,0
DA:25,0
DA:27,0
DA:30,0
DA:37,0
DA:39,0
DA:42,0
DA:52,0
DA:54,0
DA:57,0
DA:67,0
DA:69,0
DA:72,0
DA:82,0
DA:84,0
DA:87,0
DA:94,0
DA:96,0
DA:99,0
DA:106,0
DA:109,0
DA:110,0
DA:111,0
DA:112,0
DA:113,0
DA:114,0
DA:115,0
DA:116,0
LF:34
LH:0
BRF:0
BRH:0
end_of_record
TN:
SF:client\src\components\ui\tabs.tsx
FN:11,(anonymous_7)
FN:26,(anonymous_8)
FN:41,(anonymous_9)
FNF:3
FNH:0
FNDA:0,(anonymous_7)
FNDA:0,(anonymous_8)
FNDA:0,(anonymous_9)
DA:1,0
DA:2,0
DA:4,0
DA:6,0
DA:8,0
DA:11,0
DA:21,0
DA:23,0
DA:26,0
DA:36,0
DA:38,0
DA:41,0
DA:51,0
DA:53,0
LF:14
LH:0
BRF:0
BRH:0
end_of_record
TN:
SF:client\src\components\ui\textarea.tsx
FN:8,(anonymous_7)
FNF:1
FNH:0
FNDA:0,(anonymous_7)
DA:1,0
DA:3,0
DA:5,0
DA:8,0
DA:9,0
DA:20,0
DA:22,0
LF:7
LH:0
BRF:0
BRH:0
end_of_record
TN:
SF:client\src\components\ui\toast.tsx
FN:13,(anonymous_7)
FN:45,(anonymous_8)
FN:59,(anonymous_9)
FN:74,(anonymous_10)
FN:92,(anonymous_11)
FN:104,(anonymous_12)
FNF:6
FNH:0
FNDA:0,(anonymous_7)
FNDA:0,(anonymous_8)
FNDA:0,(anonymous_9)
FNDA:0,(anonymous_10)
FNDA:0,(anonymous_11)
FNDA:0,(anonymous_12)
DA:1,0
DA:2,0
DA:3,0
DA:4,0
DA:6,0
DA:8,0
DA:10,0
DA:13,0
DA:23,0
DA:25,0
DA:41,0
DA:45,0
DA:46,0
DA:54,0
DA:56,0
DA:59,0
DA:69,0
DA:71,0
DA:74,0
DA:87,0
DA:89,0
DA:92,0
DA:99,0
DA:101,0
DA:104,0
DA:111,0
DA:120,0
DA:121,0
DA:122,0
DA:123,0
DA:124,0
DA:125,0
DA:126,0
LF:33
LH:0
BRF:0
BRH:0
end_of_record
TN:
SF:client\src\components\ui\toaster.tsx
FN:11,Toaster
FN:16,(anonymous_2)
FNF:2
FNH:0
FNDA:0,Toaster
FNDA:0,(anonymous_2)
DA:1,0
DA:2,0
DA:11,0
DA:12,0
DA:14,0
DA:16,0
DA:17,0
LF:7
LH:0
BRDA:20,0,0,0
BRDA:20,0,1,0
BRDA:21,1,0,0
BRDA:21,1,1,0
BRF:4
BRH:0
end_of_record
TN:
SF:client\src\components\ui\toggle-group.tsx
FN:21,(anonymous_7)
FN:39,(anonymous_8)
FNF:2
FNH:0
FNDA:0,(anonymous_7)
FNDA:0,(anonymous_8)
DA:3,0
DA:4,0
DA:7,0
DA:8,0
DA:10,0
DA:17,0
DA:21,0
DA:33,0
DA:35,0
DA:39,0
DA:40,0
DA:42,0
DA:59,0
DA:61,0
LF:14
LH:0
BRDA:47,0,0,0
BRDA:47,0,1,0
BRDA:48,1,0,0
BRDA:48,1,1,0
BRF:4
BRH:0
end_of_record
TN:
SF:client\src\components\ui\toggle.tsx
FN:33,(anonymous_7)
FNF:1
FNH:0
FNDA:0,(anonymous_7)
DA:1,0
DA:2,0
DA:3,0
DA:5,0
DA:7,0
DA:29,0
DA:33,0
DA:41,0
DA:43,0
LF:9
LH:0
BRF:0
BRH:0
end_of_record
TN:
SF:client\src\components\ui\tooltip.tsx
FN:17,(anonymous_7)
FNF:1
FNH:0
FNDA:0,(anonymous_7)
DA:3,0
DA:4,0
DA:6,0
DA:8,0
DA:10,0
DA:12,0
DA:14,0
DA:17,0
DA:28,0
DA:30,0
LF:10
LH:0
BRDA:17,0,0,0
BRF:1
BRH:0
end_of_record
TN:
SF:client\src\hooks\use-mobile.tsx
FN:5,useIsMobile
FN:8,(anonymous_7)
FN:10,(anonymous_8)
FN:15,(anonymous_9)
FNF:4
FNH:0
FNDA:0,useIsMobile
FNDA:0,(anonymous_7)
FNDA:0,(anonymous_8)
FNDA:0,(anonymous_9)
DA:1,0
DA:3,0
DA:5,0
DA:6,0
DA:8,0
DA:9,0
DA:10,0
DA:11,0
DA:13,0
DA:14,0
DA:15,0
DA:18,0
LF:12
LH:0
BRF:0
BRH:0
end_of_record
TN:
SF:client\src\hooks\use-toast.ts
FN:27,genId
FN:58,(anonymous_8)
FN:63,(anonymous_9)
FN:74,(anonymous_10)
FN:85,(anonymous_11)
FN:98,(anonymous_12)
FN:105,(anonymous_13)
FN:124,(anonymous_14)
FN:133,dispatch
FN:135,(anonymous_16)
FN:142,toast
FN:145,(anonymous_18)
FN:150,(anonymous_19)
FN:158,(anonymous_20)
FN:171,useToast
FN:174,(anonymous_22)
FN:176,(anonymous_23)
FN:187,(anonymous_24)
FNF:18
FNH:3
FNDA:0,genId
FNDA:0,(anonymous_8)
FNDA:0,(anonymous_9)
FNDA:0,(anonymous_10)
FNDA:0,(anonymous_11)
FNDA:0,(anonymous_12)
FNDA:0,(anonymous_13)
FNDA:0,(anonymous_14)
FNDA:0,dispatch
FNDA:0,(anonymous_16)
FNDA:0,toast
FNDA:0,(anonymous_18)
FNDA:0,(anonymous_19)
FNDA:0,(anonymous_20)
FNDA:7,useToast
FNDA:7,(anonymous_22)
FNDA:7,(anonymous_23)
FNDA:0,(anonymous_24)
DA:1,1
DA:8,1
DA:9,1
DA:18,1
DA:25,1
DA:28,0
DA:29,0
DA:56,1
DA:58,1
DA:59,0
DA:60,0
DA:63,0
DA:64,0
DA:65,0
DA:71,0
DA:74,1
DA:75,0
DA:77,0
DA:83,0
DA:86,0
DA:91,0
DA:95,0
DA:96,0
DA:98,0
DA:99,0
DA:103,0
DA:106,0
DA:116,0
DA:117,0
DA:122,0
DA:124,0
DA:129,1
DA:131,1
DA:134,0
DA:135,0
DA:136,0
DA:142,0
DA:143,0
DA:145,0
DA:146,0
DA:150,0
DA:152,0
DA:159,0
DA:164,0
DA:172,7
DA:174,7
DA:175,7
DA:176,7
DA:177,7
DA:178,7
DA:179,7
DA:184,7
DA:187,0
DA:191,1
LF:54
LH:19
BRDA:59,0,0,0
BRDA:75,1,0,0
BRDA:75,1,1,0
BRDA:75,1,2,0
BRDA:75,1,3,0
BRDA:86,2,0,0
BRDA:86,2,1,0
BRDA:95,3,0,0
BRDA:95,3,1,0
BRDA:106,4,0,0
BRDA:106,4,1,0
BRDA:106,5,0,0
BRDA:106,5,1,0
BRDA:116,6,0,0
BRDA:159,7,0,0
BRDA:178,8,0,7
BRF:16
BRH:1
end_of_record
TN:
SF:client\src\lib\CATEGORY_TREE.ts
FNF:0
FNH:0
DA:1,0
LF:1
LH:0
BRF:0
BRH:0
end_of_record
TN:
SF:client\src\lib\auth-context.tsx
FN:18,AuthProvider
FN:21,(anonymous_7)
FN:29,(anonymous_8)
FN:35,(anonymous_9)
FN:47,useAuth
FNF:5
FNH:0
FNDA:0,AuthProvider
FNDA:0,(anonymous_7)
FNDA:0,(anonymous_8)
FNDA:0,(anonymous_9)
FNDA:0,useAuth
DA:1,0
DA:16,0
DA:18,0
DA:19,0
DA:21,0
DA:23,0
DA:24,0
DA:25,0
DA:29,0
DA:30,0
DA:31,0
DA:32,0
DA:35,0
DA:36,0
DA:37,0
DA:40,0
DA:47,0
DA:48,0
DA:49,0
DA:50,0
DA:52,0
LF:21
LH:0
BRDA:24,0,0,0
BRDA:49,1,0,0
BRF:2
BRH:0
end_of_record
TN:
SF:client\src\lib\cart-store.ts
FN:29,(anonymous_0)
FN:32,(anonymous_1)
FN:34,(anonymous_2)
FN:38,(anonymous_3)
FN:69,(anonymous_4)
FN:71,(anonymous_5)
FN:75,(anonymous_6)
FN:82,(anonymous_7)
FN:88,(anonymous_8)
FN:92,(anonymous_9)
FN:93,(anonymous_10)
FN:96,(anonymous_11)
FN:97,(anonymous_12)
FNF:13
FNH:13
FNDA:1,(anonymous_0)
FNDA:18,(anonymous_1)
FNDA:7,(anonymous_2)
FNDA:1,(anonymous_3)
FNDA:3,(anonymous_4)
FNDA:4,(anonymous_5)
FNDA:2,(anonymous_6)
FNDA:1,(anonymous_7)
FNDA:15,(anonymous_8)
FNDA:2,(anonymous_9)
FNDA:2,(anonymous_10)
FNDA:3,(anonymous_11)
FNDA:3,(anonymous_12)
DA:1,1
DA:2,1
DA:27,1
DA:29,1
DA:33,18
DA:34,18
DA:36,18
DA:37,1
DA:39,1
DA:45,17
DA:46,17
DA:50,17
DA:70,3
DA:71,4
DA:76,2
DA:77,1
DA:78,1
DA:81,1
DA:83,1
DA:89,15
DA:93,2
DA:97,3
LF:22
LH:22
BRDA:32,0,0,8
BRDA:36,1,0,1
BRDA:36,1,1,17
BRDA:39,2,0,1
BRDA:39,2,1,0
BRDA:45,3,0,17
BRDA:45,3,1,0
BRDA:46,4,0,17
BRDA:46,4,1,0
BRDA:59,5,0,17
BRDA:59,5,1,0
BRDA:59,6,0,0
BRDA:59,6,1,17
BRDA:59,7,0,17
BRDA:59,7,1,17
BRDA:76,8,0,1
BRDA:83,9,0,1
BRDA:83,9,1,0
BRF:18
BRH:12
end_of_record
TN:
SF:client\src\lib\categoryBuckets.ts
FNF:0
FNH:0
DA:3,0
LF:1
LH:0
BRF:0
BRH:0
end_of_record
TN:
SF:client\src\lib\mapCategory.ts
FN:5,mapCategory
FN:15,(anonymous_1)
FNF:2
FNH:0
FNDA:0,mapCategory
FNDA:0,(anonymous_1)
DA:1,0
DA:5,0
DA:6,0
DA:8,0
DA:10,0
DA:12,0
DA:13,0
DA:15,0
DA:16,0
DA:20,0
LF:10
LH:0
BRDA:6,0,0,0
BRDA:15,1,0,0
BRF:2
BRH:0
end_of_record
TN:
SF:client\src\lib\queryClient.ts
FN:3,throwIfResNotOk
FN:10,apiRequest
FN:30,(anonymous_11)
FN:31,(anonymous_12)
FN:31,(anonymous_13)
FNF:5
FNH:0
FNDA:0,throwIfResNotOk
FNDA:0,apiRequest
FNDA:0,(anonymous_11)
FNDA:0,(anonymous_12)
FNDA:0,(anonymous_13)
DA:1,0
DA:4,0
DA:5,0
DA:6,0
DA:10,0
DA:15,0
DA:22,0
DA:23,0
DA:27,0
DA:30,0
DA:31,0
DA:32,0
DA:36,0
DA:37,0
DA:40,0
DA:41,0
DA:44,0
LF:17
LH:0
BRDA:4,0,0,0
BRDA:5,1,0,0
BRDA:5,1,1,0
BRDA:17,2,0,0
BRDA:17,2,1,0
BRDA:18,3,0,0
BRDA:18,3,1,0
BRDA:36,4,0,0
BRDA:36,5,0,0
BRDA:36,5,1,0
BRF:10
BRH:0
end_of_record
TN:
SF:client\src\lib\strict-api.ts
FN:7,getProductsByStrictCategory
FNF:1
FNH:0
FNDA:0,getProductsByStrictCategory
DA:1,0
DA:7,0
DA:8,0
DA:10,0
DA:14,0
DA:16,0
DA:17,0
DA:18,0
DA:22,0
LF:9
LH:0
BRDA:10,0,0,0
BRDA:16,1,0,0
BRF:2
BRH:0
end_of_record
TN:
SF:client\src\lib\utils.ts
FN:4,cn
FNF:1
FNH:1
FNDA:216,cn
DA:1,3
DA:2,3
DA:4,3
DA:5,216
LF:4
LH:4
BRF:0
BRH:0
end_of_record
TN:
SF:client\src\lib\wishlist-store.ts
FN:15,(anonymous_0)
FN:17,(anonymous_1)
FN:19,(anonymous_2)
FN:23,(anonymous_3)
FN:24,(anonymous_4)
FN:26,(anonymous_5)
FN:27,(anonymous_6)
FN:29,(anonymous_7)
FN:33,(anonymous_8)
FNF:9
FNH:3
FNDA:1,(anonymous_0)
FNDA:0,(anonymous_1)
FNDA:0,(anonymous_2)
FNDA:0,(anonymous_3)
FNDA:0,(anonymous_4)
FNDA:7,(anonymous_5)
FNDA:0,(anonymous_6)
FNDA:0,(anonymous_7)
FNDA:1,(anonymous_8)
DA:1,1
DA:2,1
DA:13,1
DA:15,1
DA:18,0
DA:19,0
DA:20,0
DA:24,0
DA:27,7
DA:29,0
DA:33,1
LF:11
LH:6
BRDA:19,0,0,0
BRF:1
BRH:0
end_of_record
TN:
SF:client\src\lib\woocommerce.ts
FN:12,(anonymous_7)
FN:41,getProducts
FN:41,(anonymous_9)
FN:91,getProduct
FN:107,getCategories
FN:123,getCategoryBySlug
FN:141,getSubcategories
FN:157,getSubcategoriesBySlug
FN:166,resolveCategoryPath
FN:195,createOrder
FNF:10
FNH:0
FNDA:0,(anonymous_7)
FNDA:0,getProducts
FNDA:0,(anonymous_9)
FNDA:0,getProduct
FNDA:0,getCategories
FNDA:0,getCategoryBySlug
FNDA:0,getSubcategories
FNDA:0,getSubcategoriesBySlug
FNDA:0,resolveCategoryPath
FNDA:0,createOrder
DA:6,0
DA:8,0
DA:9,0
DA:12,0
DA:13,0
DA:41,0
DA:42,0
DA:59,0
DA:61,0
DA:62,0
DA:63,0
DA:66,0
DA:67,0
DA:71,0
DA:72,0
DA:76,0
DA:77,0
DA:80,0
DA:81,0
DA:83,0
DA:84,0
DA:91,0
DA:92,0
DA:93,0
DA:96,0
DA:97,0
DA:99,0
DA:100,0
DA:107,0
DA:108,0
DA:109,0
DA:112,0
DA:113,0
DA:115,0
DA:116,0
DA:123,0
DA:125,0
DA:126,0
DA:129,0
DA:130,0
DA:131,0
DA:133,0
DA:134,0
DA:141,0
DA:142,0
DA:143,0
DA:146,0
DA:147,0
DA:149,0
DA:150,0
DA:157,0
DA:158,0
DA:159,0
DA:160,0
DA:166,0
DA:176,0
DA:177,0
DA:179,0
DA:182,0
DA:183,0
DA:184,0
DA:186,0
DA:188,0
DA:195,0
DA:196,0
DA:197,0
DA:209,0
DA:210,0
DA:211,0
DA:214,0
DA:216,0
DA:218,0
DA:219,0
LF:73
LH:0
BRDA:8,0,0,0
BRDA:8,0,1,0
BRDA:9,1,0,0
BRDA:9,1,1,0
BRDA:41,2,0,0
BRDA:59,3,0,0
BRDA:59,4,0,0
BRDA:59,4,1,0
BRDA:59,4,2,0
BRDA:62,5,0,0
BRDA:62,5,1,0
BRDA:76,6,0,0
BRDA:96,7,0,0
BRDA:112,8,0,0
BRDA:129,9,0,0
BRDA:131,10,0,0
BRDA:131,10,1,0
BRDA:146,11,0,0
BRDA:159,12,0,0
BRDA:176,13,0,0
BRDA:184,14,0,0
BRDA:209,15,0,0
BRDA:211,16,0,0
BRDA:211,16,1,0
BRDA:216,17,0,0
BRDA:216,17,1,0
BRF:26
BRH:0
end_of_record
TN:
SF:client\src\pages\Category.tsx
FN:10,Category
FN:20,(anonymous_1)
FN:26,(anonymous_2)
FN:30,(anonymous_3)
FN:38,(anonymous_4)
FN:40,(anonymous_5)
FN:40,(anonymous_6)
FN:43,(anonymous_7)
FN:45,(anonymous_8)
FN:53,(anonymous_9)
FN:61,(anonymous_10)
FN:67,(anonymous_11)
FN:75,(anonymous_12)
FN:76,(anonymous_13)
FN:77,(anonymous_14)
FN:77,(anonymous_15)
FN:89,(anonymous_16)
FN:90,(anonymous_17)
FN:97,(anonymous_18)
FN:145,(anonymous_19)
FN:153,(anonymous_20)
FN:162,(anonymous_21)
FNF:22
FNH:0
FNDA:0,Category
FNDA:0,(anonymous_1)
FNDA:0,(anonymous_2)
FNDA:0,(anonymous_3)
FNDA:0,(anonymous_4)
FNDA:0,(anonymous_5)
FNDA:0,(anonymous_6)
FNDA:0,(anonymous_7)
FNDA:0,(anonymous_8)
FNDA:0,(anonymous_9)
FNDA:0,(anonymous_10)
FNDA:0,(anonymous_11)
FNDA:0,(anonymous_12)
FNDA:0,(anonymous_13)
FNDA:0,(anonymous_14)
FNDA:0,(anonymous_15)
FNDA:0,(anonymous_16)
FNDA:0,(anonymous_17)
FNDA:0,(anonymous_18)
FNDA:0,(anonymous_19)
FNDA:0,(anonymous_20)
FNDA:0,(anonymous_21)
DA:1,0
DA:2,0
DA:3,0
DA:4,0
DA:5,0
DA:6,0
DA:7,0
DA:10,0
DA:11,0
DA:14,0
DA:15,0
DA:18,0
DA:20,0
DA:24,0
DA:26,0
DA:30,0
DA:31,0
DA:38,0
DA:39,0
DA:40,0
DA:43,0
DA:44,0
DA:45,0
DA:46,0
DA:53,0
DA:54,0
DA:55,0
DA:56,0
DA:61,0
DA:62,0
DA:67,0
DA:68,0
DA:74,0
DA:75,0
DA:77,0
DA:78,0
DA:89,0
DA:90,0
DA:91,0
DA:92,0
DA:97,0
DA:98,0
DA:101,0
DA:103,0
DA:146,0
DA:154,0
DA:162,0
LF:47
LH:0
BRDA:31,0,0,0
BRDA:31,0,1,0
BRDA:39,1,0,0
BRDA:39,2,0,0
BRDA:39,2,1,0
BRDA:40,3,0,0
BRDA:40,3,1,0
BRDA:40,4,0,0
BRDA:40,4,1,0
BRDA:44,5,0,0
BRDA:54,6,0,0
BRDA:54,7,0,0
BRDA:54,7,1,0
BRDA:68,8,0,0
BRDA:68,9,0,0
BRDA:68,9,1,0
BRDA:77,10,0,0
BRDA:77,10,1,0
BRDA:77,11,0,0
BRDA:77,11,1,0
BRDA:92,12,0,0
BRDA:92,12,1,0
BRDA:101,13,0,0
BRDA:101,13,1,0
BRDA:110,14,0,0
BRDA:110,14,1,0
BRDA:110,15,0,0
BRDA:110,15,1,0
BRDA:135,16,0,0
BRDA:135,16,1,0
BRDA:135,17,0,0
BRDA:135,17,1,0
BRDA:144,18,0,0
BRDA:144,18,1,0
BRDA:152,19,0,0
BRDA:152,19,1,0
BRF:36
BRH:0
end_of_record
TN:
SF:client\src\pages\Checkout.tsx
FN:9,Checkout
FN:16,(anonymous_8)
FN:16,(anonymous_9)
FN:30,(anonymous_10)
FN:81,(anonymous_11)
FN:102,(anonymous_12)
FNF:6
FNH:0
FNDA:0,Checkout
FNDA:0,(anonymous_8)
FNDA:0,(anonymous_9)
FNDA:0,(anonymous_10)
FNDA:0,(anonymous_11)
FNDA:0,(anonymous_12)
DA:2,0
DA:3,0
DA:4,0
DA:5,0
DA:6,0
DA:7,0
DA:9,0
DA:10,0
DA:11,0
DA:12,0
DA:14,0
DA:16,0
DA:17,0
DA:18,0
DA:23,0
DA:26,0
DA:28,0
DA:30,0
DA:36,0
DA:37,0
DA:38,0
DA:40,0
DA:44,0
DA:45,0
DA:49,0
DA:50,0
DA:55,0
DA:61,0
DA:63,0
DA:66,0
DA:67,0
DA:72,0
DA:76,0
DA:77,0
DA:81,0
DA:88,0
DA:103,0
LF:37
LH:0
BRDA:17,0,0,0
BRDA:45,1,0,0
BRDA:55,2,0,0
BRDA:55,2,1,0
BRDA:76,3,0,0
BRDA:136,4,0,0
BRDA:136,4,1,0
BRF:7
BRH:0
end_of_record
TN:
SF:client\src\pages\Collection.tsx
FN:52,Collection
FN:63,(anonymous_2)
FN:66,(anonymous_3)
FN:101,(anonymous_4)
FN:109,(anonymous_5)
FNF:5
FNH:0
FNDA:0,Collection
FNDA:0,(anonymous_2)
FNDA:0,(anonymous_3)
FNDA:0,(anonymous_4)
FNDA:0,(anonymous_5)
DA:1,0
DA:2,0
DA:3,0
DA:4,0
DA:5,0
DA:6,0
DA:7,0
DA:9,0
DA:52,0
DA:53,0
DA:54,0
DA:55,0
DA:61,0
DA:63,0
DA:66,0
DA:67,0
DA:70,0
DA:102,0
DA:110,0
LF:19
LH:0
BRDA:54,0,0,0
BRDA:54,0,1,0
BRDA:55,1,0,0
BRDA:55,1,1,0
BRDA:90,2,0,0
BRDA:90,2,1,0
BRDA:90,3,0,0
BRDA:90,3,1,0
BRDA:90,4,0,0
BRDA:90,4,1,0
BRDA:100,5,0,0
BRDA:100,5,1,0
BRDA:109,6,0,0
BRDA:109,6,1,0
BRDA:109,7,0,0
BRDA:109,7,1,0
BRDA:115,8,0,0
BRDA:115,8,1,0
BRDA:115,8,2,0
BRDA:115,8,3,0
BRF:20
BRH:0
end_of_record
TN:
SF:client\src\pages\ComingSoonFallback.tsx
FN:1,ComingSoonFallback
FNF:1
FNH:0
FNDA:0,ComingSoonFallback
DA:1,0
DA:2,0
LF:2
LH:0
BRF:0
BRH:0
end_of_record
TN:
SF:client\src\pages\DynamicCategory.tsx
FN:9,DynamicCategoryWrapper
FN:23,(anonymous_2)
FN:29,(anonymous_3)
FN:47,(anonymous_4)
FNF:4
FNH:0
FNDA:0,DynamicCategoryWrapper
FNDA:0,(anonymous_2)
FNDA:0,(anonymous_3)
FNDA:0,(anonymous_4)
DA:1,0
DA:2,0
DA:3,0
DA:5,0
DA:9,0
DA:18,0
DA:19,0
DA:21,0
DA:23,0
DA:27,0
DA:29,0
DA:33,0
DA:34,0
DA:37,0
DA:38,0
DA:47,0
DA:53,0
LF:17
LH:0
BRDA:19,0,0,0
BRDA:19,0,1,0
BRDA:27,1,0,0
BRDA:28,2,0,0
BRDA:28,2,1,0
BRDA:28,3,0,0
BRDA:28,3,1,0
BRDA:29,4,0,0
BRDA:29,4,1,0
BRDA:33,5,0,0
BRDA:33,6,0,0
BRDA:33,6,1,0
BRDA:37,7,0,0
BRDA:50,8,0,0
BRDA:50,8,1,0
BRDA:50,9,0,0
BRDA:50,9,1,0
BRDA:50,10,0,0
BRDA:50,10,1,0
BRDA:56,11,0,0
BRDA:56,11,1,0
BRF:21
BRH:0
end_of_record
TN:
SF:client\src\pages\Home.tsx
FN:19,Home
FN:20,(anonymous_1)
FN:27,(anonymous_2)
FN:32,(anonymous_3)
FN:80,(anonymous_4)
FN:87,(anonymous_5)
FN:140,(anonymous_6)
FN:147,(anonymous_7)
FNF:8
FNH:8
FNDA:8,Home
FNDA:6,(anonymous_1)
FNDA:6,(anonymous_2)
FNDA:6,(anonymous_3)
FNDA:24,(anonymous_4)
FNDA:4,(anonymous_5)
FNDA:24,(anonymous_6)
FNDA:4,(anonymous_7)
DA:1,1
DA:2,1
DA:3,1
DA:4,1
DA:5,1
DA:6,1
DA:7,1
DA:8,1
DA:9,1
DA:10,1
DA:11,1
DA:12,1
DA:13,1
DA:14,1
DA:19,1
DA:20,8
DA:21,6
DA:25,8
DA:27,6
DA:30,8
DA:32,6
DA:35,8
DA:81,24
DA:88,4
DA:141,24
DA:148,4
LF:26
LH:26
BRDA:79,0,0,6
BRDA:79,0,1,2
BRDA:87,1,0,0
BRDA:87,1,1,2
BRDA:87,2,0,2
BRDA:87,2,1,2
BRDA:139,3,0,6
BRDA:139,3,1,2
BRDA:147,4,0,0
BRDA:147,4,1,2
BRDA:147,5,0,2
BRDA:147,5,1,2
BRF:12
BRH:10
end_of_record
TN:
SF:client\src\pages\Login.tsx
FN:9,Login
FN:16,(anonymous_1)
FN:52,(anonymous_2)
FN:63,(anonymous_3)
FNF:4
FNH:0
FNDA:0,Login
FNDA:0,(anonymous_1)
FNDA:0,(anonymous_2)
FNDA:0,(anonymous_3)
DA:1,0
DA:2,0
DA:3,0
DA:4,0
DA:5,0
DA:6,0
DA:7,0
DA:9,0
DA:10,0
DA:11,0
DA:12,0
DA:13,0
DA:14,0
DA:16,0
DA:17,0
DA:18,0
DA:20,0
DA:21,0
DA:25,0
DA:27,0
DA:35,0
DA:52,0
DA:63,0
LF:23
LH:0
BRDA:18,0,0,0
BRDA:18,0,1,0
BRDA:18,1,0,0
BRDA:18,1,1,0
BRF:4
BRH:0
end_of_record
TN:
SF:client\src\pages\ProductDetail.tsx
FN:15,ProductDetail
FN:25,(anonymous_1)
FN:28,(anonymous_2)
FN:31,(anonymous_3)
FN:38,(anonymous_4)
FN:41,(anonymous_5)
FN:49,(anonymous_6)
FN:55,(anonymous_7)
FN:71,(anonymous_8)
FN:128,(anonymous_9)
FN:131,(anonymous_10)
FN:179,(anonymous_11)
FN:183,(anonymous_12)
FN:199,(anonymous_13)
FN:209,(anonymous_14)
FN:274,(anonymous_15)
FN:322,(anonymous_16)
FNF:17
FNH:0
FNDA:0,ProductDetail
FNDA:0,(anonymous_1)
FNDA:0,(anonymous_2)
FNDA:0,(anonymous_3)
FNDA:0,(anonymous_4)
FNDA:0,(anonymous_5)
FNDA:0,(anonymous_6)
FNDA:0,(anonymous_7)
FNDA:0,(anonymous_8)
FNDA:0,(anonymous_9)
FNDA:0,(anonymous_10)
FNDA:0,(anonymous_11)
FNDA:0,(anonymous_12)
FNDA:0,(anonymous_13)
FNDA:0,(anonymous_14)
FNDA:0,(anonymous_15)
FNDA:0,(anonymous_16)
DA:1,0
DA:2,0
DA:3,0
DA:4,0
DA:5,0
DA:6,0
DA:7,0
DA:8,0
DA:9,0
DA:10,0
DA:11,0
DA:12,0
DA:13,0
DA:15,0
DA:16,0
DA:17,0
DA:18,0
DA:19,0
DA:20,0
DA:21,0
DA:23,0
DA:25,0
DA:28,0
DA:31,0
DA:32,0
DA:33,0
DA:34,0
DA:38,0
DA:39,0
DA:41,0
DA:42,0
DA:43,0
DA:44,0
DA:45,0
DA:49,0
DA:50,0
DA:51,0
DA:55,0
DA:56,0
DA:57,0
DA:58,0
DA:64,0
DA:65,0
DA:72,0
DA:86,0
DA:87,0
DA:101,0
DA:105,0
DA:129,0
DA:131,0
DA:180,0
DA:184,0
DA:199,0
DA:209,0
DA:275,0
DA:323,0
LF:56
LH:0
BRDA:17,0,0,0
BRDA:17,0,1,0
BRDA:28,1,0,0
BRDA:28,1,1,0
BRDA:28,2,0,0
BRDA:28,2,1,0
BRDA:32,3,0,0
BRDA:33,4,0,0
BRDA:33,4,1,0
BRDA:34,5,0,0
BRDA:34,5,1,0
BRDA:34,6,0,0
BRDA:34,6,1,0
BRDA:34,7,0,0
BRDA:34,7,1,0
BRDA:39,8,0,0
BRDA:39,9,0,0
BRDA:39,9,1,0
BRDA:42,10,0,0
BRDA:43,11,0,0
BRDA:43,11,1,0
BRDA:44,12,0,0
BRDA:44,12,1,0
BRDA:44,13,0,0
BRDA:44,13,1,0
BRDA:44,14,0,0
BRDA:44,14,1,0
BRDA:50,15,0,0
BRDA:56,16,0,0
BRDA:64,17,0,0
BRDA:86,18,0,0
BRDA:101,19,0,0
BRDA:101,19,1,0
BRDA:120,20,0,0
BRDA:120,20,1,0
BRDA:120,21,0,0
BRDA:120,21,1,0
BRDA:121,22,0,0
BRDA:121,22,1,0
BRDA:121,23,0,0
BRDA:121,23,1,0
BRDA:121,24,0,0
BRDA:121,24,1,0
BRDA:126,25,0,0
BRDA:126,25,1,0
BRDA:133,26,0,0
BRDA:133,26,1,0
BRDA:140,27,0,0
BRDA:140,27,1,0
BRDA:160,28,0,0
BRDA:160,28,1,0
BRDA:160,28,2,0
BRDA:170,29,0,0
BRDA:170,29,1,0
BRDA:177,30,0,0
BRDA:177,30,1,0
BRDA:177,31,0,0
BRDA:177,31,1,0
BRDA:177,32,0,0
BRDA:177,32,1,0
BRDA:245,33,0,0
BRDA:245,33,1,0
BRDA:265,34,0,0
BRDA:265,34,1,0
BRDA:265,34,2,0
BRDA:274,35,0,0
BRDA:274,35,1,0
BRDA:274,36,0,0
BRDA:274,36,1,0
BRDA:316,37,0,0
BRDA:316,37,1,0
BRF:71
BRH:0
end_of_record
TN:
SF:client\src\pages\Register.tsx
FN:9,Register
FN:17,(anonymous_1)
FN:46,(anonymous_2)
FN:57,(anonymous_3)
FN:68,(anonymous_4)
FNF:5
FNH:0
FNDA:0,Register
FNDA:0,(anonymous_1)
FNDA:0,(anonymous_2)
FNDA:0,(anonymous_3)
FNDA:0,(anonymous_4)
DA:1,0
DA:2,0
DA:3,0
DA:4,0
DA:5,0
DA:6,0
DA:7,0
DA:9,0
DA:10,0
DA:11,0
DA:12,0
DA:13,0
DA:14,0
DA:15,0
DA:17,0
DA:18,0
DA:19,0
DA:21,0
DA:22,0
DA:26,0
DA:30,0
DA:46,0
DA:57,0
DA:68,0
LF:24
LH:0
BRDA:19,0,0,0
BRDA:19,1,0,0
BRDA:19,1,1,0
BRDA:19,1,2,0
BRF:4
BRH:0
end_of_record
TN:
SF:client\src\pages\Shop.tsx
FN:13,Shop
FN:24,(anonymous_1)
FN:30,(anonymous_2)
FN:35,(anonymous_3)
FN:38,(anonymous_4)
FN:43,(anonymous_5)
FN:48,(anonymous_6)
FN:56,(anonymous_7)
FN:58,(anonymous_8)
FN:65,(anonymous_9)
FN:73,(anonymous_10)
FN:74,(anonymous_11)
FN:81,(anonymous_12)
FN:85,(anonymous_13)
FN:86,(anonymous_14)
FN:87,(anonymous_15)
FN:87,(anonymous_16)
FN:97,(anonymous_17)
FN:125,(anonymous_18)
FN:147,(anonymous_19)
FN:156,(anonymous_20)
FN:167,(anonymous_21)
FNF:22
FNH:0
FNDA:0,Shop
FNDA:0,(anonymous_1)
FNDA:0,(anonymous_2)
FNDA:0,(anonymous_3)
FNDA:0,(anonymous_4)
FNDA:0,(anonymous_5)
FNDA:0,(anonymous_6)
FNDA:0,(anonymous_7)
FNDA:0,(anonymous_8)
FNDA:0,(anonymous_9)
FNDA:0,(anonymous_10)
FNDA:0,(anonymous_11)
FNDA:0,(anonymous_12)
FNDA:0,(anonymous_13)
FNDA:0,(anonymous_14)
FNDA:0,(anonymous_15)
FNDA:0,(anonymous_16)
FNDA:0,(anonymous_17)
FNDA:0,(anonymous_18)
FNDA:0,(anonymous_19)
FNDA:0,(anonymous_20)
FNDA:0,(anonymous_21)
DA:1,0
DA:2,0
DA:3,0
DA:4,0
DA:6,0
DA:7,0
DA:8,0
DA:9,0
DA:10,0
DA:11,0
DA:13,0
DA:14,0
DA:15,0
DA:16,0
DA:17,0
DA:19,0
DA:20,0
DA:21,0
DA:24,0
DA:25,0
DA:28,0
DA:30,0
DA:33,0
DA:35,0
DA:38,0
DA:39,0
DA:43,0
DA:44,0
DA:45,0
DA:47,0
DA:48,0
DA:49,0
DA:56,0
DA:57,0
DA:58,0
DA:59,0
DA:65,0
DA:66,0
DA:67,0
DA:68,0
DA:73,0
DA:74,0
DA:75,0
DA:76,0
DA:81,0
DA:82,0
DA:84,0
DA:85,0
DA:87,0
DA:88,0
DA:97,0
DA:98,0
DA:99,0
DA:100,0
DA:101,0
DA:103,0
DA:105,0
DA:108,0
DA:110,0
DA:125,0
DA:148,0
DA:157,0
DA:168,0
DA:169,0
DA:170,0
LF:65
LH:0
BRDA:17,0,0,0
BRDA:17,0,1,0
BRDA:39,1,0,0
BRDA:39,1,1,0
BRDA:44,2,0,0
BRDA:45,3,0,0
BRDA:49,4,0,0
BRDA:49,4,1,0
BRDA:49,4,2,0
BRDA:50,5,0,0
BRDA:50,5,1,0
BRDA:50,6,0,0
BRDA:50,6,1,0
BRDA:51,7,0,0
BRDA:51,7,1,0
BRDA:51,8,0,0
BRDA:51,8,1,0
BRDA:57,9,0,0
BRDA:66,10,0,0
BRDA:66,11,0,0
BRDA:66,11,1,0
BRDA:76,12,0,0
BRDA:76,12,1,0
BRDA:82,13,0,0
BRDA:82,14,0,0
BRDA:82,14,1,0
BRDA:87,15,0,0
BRDA:87,15,1,0
BRDA:87,16,0,0
BRDA:87,16,1,0
BRDA:100,17,0,0
BRDA:100,17,1,0
BRDA:108,18,0,0
BRDA:108,18,1,0
BRDA:115,19,0,0
BRDA:115,19,1,0
BRDA:118,20,0,0
BRDA:118,20,1,0
BRDA:118,21,0,0
BRDA:118,21,1,0
BRDA:145,22,0,0
BRDA:145,22,1,0
BRDA:154,23,0,0
BRDA:154,23,1,0
BRDA:154,24,0,0
BRDA:154,24,1,0
BRF:46
BRH:0
end_of_record
TN:
SF:client\src\pages\SubCategoryGeneric.tsx
FN:17,SubCategoryGeneric
FN:25,(anonymous_1)
FN:31,(anonymous_2)
FN:34,(anonymous_3)
FN:39,(anonymous_4)
FN:41,(anonymous_5)
FN:48,(anonymous_6)
FN:56,(anonymous_7)
FN:61,(anonymous_8)
FN:63,(anonymous_9)
FN:70,(anonymous_10)
FN:73,(anonymous_11)
FN:74,(anonymous_12)
FN:127,(anonymous_13)
FN:135,(anonymous_14)
FN:145,(anonymous_15)
FNF:16
FNH:0
FNDA:0,SubCategoryGeneric
FNDA:0,(anonymous_1)
FNDA:0,(anonymous_2)
FNDA:0,(anonymous_3)
FNDA:0,(anonymous_4)
FNDA:0,(anonymous_5)
FNDA:0,(anonymous_6)
FNDA:0,(anonymous_7)
FNDA:0,(anonymous_8)
FNDA:0,(anonymous_9)
FNDA:0,(anonymous_10)
FNDA:0,(anonymous_11)
FNDA:0,(anonymous_12)
FNDA:0,(anonymous_13)
FNDA:0,(anonymous_14)
FNDA:0,(anonymous_15)
DA:1,0
DA:2,0
DA:3,0
DA:4,0
DA:5,0
DA:6,0
DA:8,0
DA:9,0
DA:17,0
DA:19,0
DA:20,0
DA:23,0
DA:25,0
DA:29,0
DA:31,0
DA:34,0
DA:35,0
DA:39,0
DA:40,0
DA:41,0
DA:42,0
DA:48,0
DA:49,0
DA:50,0
DA:51,0
DA:56,0
DA:57,0
DA:61,0
DA:62,0
DA:63,0
DA:64,0
DA:65,0
DA:70,0
DA:71,0
DA:72,0
DA:73,0
DA:76,0
DA:85,0
DA:87,0
DA:128,0
DA:136,0
DA:145,0
LF:42
LH:0
BRDA:35,0,0,0
BRDA:35,0,1,0
BRDA:40,1,0,0
BRDA:40,2,0,0
BRDA:40,2,1,0
BRDA:49,3,0,0
BRDA:49,4,0,0
BRDA:49,4,1,0
BRDA:49,4,2,0
BRDA:62,5,0,0
BRDA:65,6,0,0
BRDA:65,6,1,0
BRDA:71,7,0,0
BRDA:79,8,0,0
BRDA:79,8,1,0
BRDA:85,9,0,0
BRDA:85,9,1,0
BRDA:126,10,0,0
BRDA:126,10,1,0
BRDA:134,11,0,0
BRDA:134,11,1,0
BRDA:134,12,0,0
BRDA:134,12,1,0
BRF:23
BRH:0
end_of_record
TN:
SF:client\src\pages\ThankYou.tsx
FN:6,ThankYou
FNF:1
FNH:0
FNDA:0,ThankYou
DA:2,0
DA:3,0
DA:4,0
DA:6,0
DA:7,0
LF:5
LH:0
BRF:0
BRH:0
end_of_record
TN:
SF:client\src\pages\Wishlist.tsx
FN:7,Wishlist
FN:33,(anonymous_1)
FNF:2
FNH:0
FNDA:0,Wishlist
FNDA:0,(anonymous_1)
DA:1,0
DA:2,0
DA:3,0
DA:4,0
DA:5,0
DA:7,0
DA:8,0
DA:10,0
DA:34,0
LF:9
LH:0
BRDA:16,0,0,0
BRDA:16,0,1,0
BRF:2
BRH:0
end_of_record
TN:
SF:client\src\pages\not-found.tsx
FN:4,NotFound
FNF:1
FNH:0
FNDA:0,NotFound
DA:1,0
DA:2,0
DA:4,0
DA:5,0
LF:4
LH:0
BRF:0
BRH:0
end_of_record
TN:
SF:client\src\pages\page.tsx
FN:5,Shop
FN:9,(anonymous_1)
FN:11,(anonymous_2)
FN:15,(anonymous_3)
FN:35,(anonymous_4)
FNF:5
FNH:0
FNDA:0,Shop
FNDA:0,(anonymous_1)
FNDA:0,(anonymous_2)
FNDA:0,(anonymous_3)
FNDA:0,(anonymous_4)
DA:1,0
DA:2,0
DA:3,0
DA:5,0
DA:6,0
DA:7,0
DA:9,0
DA:10,0
DA:12,0
DA:13,0
DA:16,0
DA:17,0
DA:21,0
DA:22,0
DA:30,0
DA:36,0
LF:16
LH:0
BRDA:21,0,0,0
BRF:1
BRH:0
end_of_record
TN:
SF:client\src\pages\bangles\bridal-bangles.tsx
FN:3,BridalBangles
FNF:1
FNH:0
FNDA:0,BridalBangles
DA:1,0
DA:3,0
DA:4,0
LF:3
LH:0
BRF:0
BRH:0
end_of_record
TN:
SF:client\src\pages\bangles\daily-wear-bangles.tsx
FN:3,DailyWearBangles
FNF:1
FNH:0
FNDA:0,DailyWearBangles
DA:1,0
DA:3,0
DA:4,0
LF:3
LH:0
BRF:0
BRH:0
end_of_record
TN:
SF:client\src\pages\bangles\index.tsx
FN:3,BanglesPage
FNF:1
FNH:0
FNDA:0,BanglesPage
DA:1,0
DA:3,0
DA:4,0
DA:42,0
LF:4
LH:0
BRF:0
BRH:0
end_of_record
TN:
SF:client\src\pages\bangles\noya.tsx
FN:3,NoyaBangles
FNF:1
FNH:0
FNDA:0,NoyaBangles
DA:1,0
DA:3,0
DA:4,0
LF:3
LH:0
BRF:0
BRH:0
end_of_record
TN:
SF:client\src\pages\bracelets\adjustable-bracelet.tsx
FN:3,AdjustableBracelets
FNF:1
FNH:0
FNDA:0,AdjustableBracelets
DA:1,0
DA:3,0
DA:4,0
LF:3
LH:0
BRF:0
BRH:0
end_of_record
TN:
SF:client\src\pages\bracelets\chain-bracelet.tsx
FN:3,ChainBracelets
FNF:1
FNH:0
FNDA:0,ChainBracelets
DA:1,0
DA:3,0
DA:4,0
LF:3
LH:0
BRF:0
BRH:0
end_of_record
TN:
SF:client\src\pages\bracelets\flexible-bracelet.tsx
FN:3,FlexibleBracelets
FNF:1
FNH:0
FNDA:0,FlexibleBracelets
DA:1,0
DA:3,0
DA:4,0
LF:3
LH:0
BRF:0
BRH:0
end_of_record
TN:
SF:client\src\pages\bracelets\index.tsx
FN:3,BraceletsPage
FNF:1
FNH:0
FNDA:0,BraceletsPage
DA:1,0
DA:3,0
DA:4,0
DA:27,0
LF:4
LH:0
BRF:0
BRH:0
end_of_record
TN:
SF:client\src\pages\bracelets\tennis-bracelet.tsx
FN:3,TennisBracelets
FNF:1
FNH:0
FNDA:0,TennisBracelets
DA:1,0
DA:3,0
DA:4,0
LF:3
LH:0
BRF:0
BRH:0
end_of_record
TN:
SF:client\src\pages\earrings\drop-jhumka.tsx
FN:3,DropJhumkaEarrings
FNF:1
FNH:0
FNDA:0,DropJhumkaEarrings
DA:1,0
DA:3,0
DA:4,0
LF:3
LH:0
BRF:0
BRH:0
end_of_record
TN:
SF:client\src\pages\earrings\hoops.tsx
FN:3,HoopEarrings
FNF:1
FNH:0
FNDA:0,HoopEarrings
DA:1,0
DA:3,0
DA:4,0
LF:3
LH:0
BRF:0
BRH:0
end_of_record
TN:
SF:client\src\pages\earrings\index.tsx
FN:3,EarringsPage
FNF:1
FNH:0
FNDA:0,EarringsPage
DA:1,0
DA:3,0
DA:4,0
DA:22,0
LF:4
LH:0
BRF:0
BRH:0
end_of_record
TN:
SF:client\src\pages\earrings\studs.tsx
FN:3,StudEarrings
FNF:1
FNH:0
FNDA:0,StudEarrings
DA:1,0
DA:3,0
DA:4,0
LF:3
LH:0
BRF:0
BRH:0
end_of_record
TN:
SF:client\src\pages\info\blog.tsx
FN:1,BlogPage
FN:91,(anonymous_1)
FNF:2
FNH:0
FNDA:0,BlogPage
FNDA:0,(anonymous_1)
DA:1,0
DA:2,0
DA:77,0
DA:92,0
LF:4
LH:0
BRF:0
BRH:0
end_of_record
TN:
SF:client\src\pages\info\delivery.tsx
FN:1,DeliveryInformationPage
FN:49,(anonymous_1)
FNF:2
FNH:0
FNDA:0,DeliveryInformationPage
FNDA:0,(anonymous_1)
DA:1,0
DA:2,0
DA:35,0
DA:50,0
LF:4
LH:0
BRF:0
BRH:0
end_of_record
TN:
SF:client\src\pages\info\faqs.tsx
FN:1,FAQsPage
FN:51,(anonymous_1)
FNF:2
FNH:0
FNDA:0,FAQsPage
FNDA:0,(anonymous_1)
DA:1,0
DA:2,0
DA:37,0
DA:52,0
LF:4
LH:0
BRF:0
BRH:0
end_of_record
TN:
SF:client\src\pages\info\find-store.tsx
FN:1,FindStorePage
FNF:1
FNH:0
FNDA:0,FindStorePage
DA:1,0
DA:2,0
DA:10,0
LF:3
LH:0
BRF:0
BRH:0
end_of_record
TN:
SF:client\src\pages\info\privacy.tsx
FN:1,PrivacyPolicyPage
FN:54,(anonymous_1)
FNF:2
FNH:0
FNDA:0,PrivacyPolicyPage
FNDA:0,(anonymous_1)
DA:1,0
DA:2,0
DA:40,0
DA:55,0
LF:4
LH:0
BRF:0
BRH:0
end_of_record
TN:
SF:client\src\pages\info\returns-exchange.tsx
FN:1,ReturnsExchangePage
FN:49,(anonymous_1)
FNF:2
FNH:0
FNDA:0,ReturnsExchangePage
FNDA:0,(anonymous_1)
DA:1,0
DA:2,0
DA:35,0
DA:50,0
LF:4
LH:0
BRF:0
BRH:0
end_of_record
TN:
SF:client\src\pages\info\terms.tsx
FN:1,TermsConditionsPage
FN:69,(anonymous_1)
FNF:2
FNH:0
FNDA:0,TermsConditionsPage
FNDA:0,(anonymous_1)
DA:1,0
DA:2,0
DA:55,0
DA:70,0
LF:4
LH:0
BRF:0
BRH:0
end_of_record
TN:
SF:client\src\pages\info\track-order.tsx
FN:1,TrackOrderPage
FNF:1
FNH:0
FNDA:0,TrackOrderPage
DA:1,0
DA:2,0
LF:2
LH:0
BRF:0
BRH:0
end_of_record
TN:
SF:client\src\pages\kids\bracelets-bangles.tsx
FN:3,KidsBracelets
FNF:1
FNH:0
FNDA:0,KidsBracelets
DA:1,0
DA:3,0
DA:4,0
LF:3
LH:0
BRF:0
BRH:0
end_of_record
TN:
SF:client\src\pages\kids\earrings.tsx
FN:3,KidsEarrings
FNF:1
FNH:0
FNDA:0,KidsEarrings
DA:1,0
DA:3,0
DA:4,0
LF:3
LH:0
BRF:0
BRH:0
end_of_record
TN:
SF:client\src\pages\kids\index.tsx
FN:3,KidsPage
FNF:1
FNH:0
FNDA:0,KidsPage
DA:1,0
DA:3,0
DA:4,0
DA:27,0
LF:4
LH:0
BRF:0
BRH:0
end_of_record
TN:
SF:client\src\pages\kids\pendants.tsx
FN:3,KidsPendants
FNF:1
FNH:0
FNDA:0,KidsPendants
DA:1,0
DA:3,0
DA:4,0
LF:3
LH:0
BRF:0
BRH:0
end_of_record
TN:
SF:client\src\pages\kids\rings.tsx
FN:3,KidsRings
FNF:1
FNH:0
FNDA:0,KidsRings
DA:1,0
DA:3,0
DA:4,0
LF:3
LH:0
BRF:0
BRH:0
end_of_record
TN:
SF:client\src\pages\mangalsutra\index.tsx
FN:3,MangalsutraPage
FNF:1
FNH:0
FNDA:0,MangalsutraPage
DA:1,0
DA:3,0
DA:4,0
DA:27,0
LF:4
LH:0
BRF:0
BRH:0
end_of_record
TN:
SF:client\src\pages\mangalsutra\mangalsutra-bracelet.tsx
FN:3,MangalsutraBracelets
FNF:1
FNH:0
FNDA:0,MangalsutraBracelets
DA:1,0
DA:3,0
DA:4,0
LF:3
LH:0
BRF:0
BRH:0
end_of_record
TN:
SF:client\src\pages\mangalsutra\mangalsutra-chain.tsx
FN:3,MangalsutraChains
FNF:1
FNH:0
FNDA:0,MangalsutraChains
DA:1,0
DA:3,0
DA:4,0
LF:3
LH:0
BRF:0
BRH:0
end_of_record
TN:
SF:client\src\pages\mangalsutra\mangalsutra-pendant.tsx
FN:3,MangalsutraPendants
FNF:1
FNH:0
FNDA:0,MangalsutraPendants
DA:1,0
DA:3,0
DA:4,0
LF:3
LH:0
BRF:0
BRH:0
end_of_record
TN:
SF:client\src\pages\mangalsutra\solitaire-mangalsutra.tsx
FN:3,SolitaireMangalsutra
FNF:1
FNH:0
FNDA:0,SolitaireMangalsutra
DA:1,0
DA:3,0
DA:4,0
LF:3
LH:0
BRF:0
BRH:0
end_of_record
TN:
SF:client\src\pages\mens\bracelet.tsx
FN:3,MensBracelets
FNF:1
FNH:0
FNDA:0,MensBracelets
DA:1,0
DA:3,0
DA:4,0
LF:3
LH:0
BRF:0
BRH:0
end_of_record
TN:
SF:client\src\pages\mens\chains.tsx
FN:3,MensChains
FNF:1
FNH:0
FNDA:0,MensChains
DA:1,0
DA:3,0
DA:4,0
LF:3
LH:0
BRF:0
BRH:0
end_of_record
TN:
SF:client\src\pages\mens\index.tsx
FN:3,MensPage
FNF:1
FNH:0
FNDA:0,MensPage
DA:1,0
DA:3,0
DA:4,0
DA:37,0
LF:4
LH:0
BRF:0
BRH:0
end_of_record
TN:
SF:client\src\pages\mens\kada.tsx
FN:3,MensKada
FNF:1
FNH:0
FNDA:0,MensKada
DA:1,0
DA:3,0
DA:4,0
LF:3
LH:0
BRF:0
BRH:0
end_of_record
TN:
SF:client\src\pages\mens\pendant.tsx
FN:3,MensPendants
FNF:1
FNH:0
FNDA:0,MensPendants
DA:1,0
DA:3,0
DA:4,0
LF:3
LH:0
BRF:0
BRH:0
end_of_record
TN:
SF:client\src\pages\mens\rings.tsx
FN:3,MensRings
FNF:1
FNH:0
FNDA:0,MensRings
DA:1,0
DA:3,0
DA:4,0
LF:3
LH:0
BRF:0
BRH:0
end_of_record
TN:
SF:client\src\pages\mens\studs.tsx
FN:3,MensStuds
FNF:1
FNH:0
FNDA:0,MensStuds
DA:1,0
DA:3,0
DA:4,0
LF:3
LH:0
BRF:0
BRH:0
end_of_record
TN:
SF:client\src\pages\necklaces\adjustable.tsx
FN:3,AdjustableNecklaces
FNF:1
FNH:0
FNDA:0,AdjustableNecklaces
DA:1,0
DA:3,0
DA:4,0
LF:3
LH:0
BRF:0
BRH:0
end_of_record
TN:
SF:client\src\pages\necklaces\bar.tsx
FN:3,BarNecklaces
FNF:1
FNH:0
FNDA:0,BarNecklaces
DA:1,0
DA:3,0
DA:4,0
LF:3
LH:0
BRF:0
BRH:0
end_of_record
TN:
SF:client\src\pages\necklaces\bridal.tsx
FN:3,BridalNecklaces
FNF:1
FNH:0
FNDA:0,BridalNecklaces
DA:1,0
DA:3,0
DA:4,0
LF:3
LH:0
BRF:0
BRH:0
end_of_record
TN:
SF:client\src\pages\necklaces\choker.tsx
FN:3,ChokerNecklaces
FNF:1
FNH:0
FNDA:0,ChokerNecklaces
DA:1,0
DA:3,0
DA:4,0
LF:3
LH:0
BRF:0
BRH:0
end_of_record
TN:
SF:client\src\pages\necklaces\daily-wear.tsx
FN:3,DailyWearNecklaces
FNF:1
FNH:0
FNDA:0,DailyWearNecklaces
DA:1,0
DA:3,0
DA:4,0
LF:3
LH:0
BRF:0
BRH:0
end_of_record
TN:
SF:client\src\pages\necklaces\index.tsx
FN:3,NecklacesPage
FNF:1
FNH:0
FNDA:0,NecklacesPage
DA:1,0
DA:3,0
DA:4,0
DA:27,0
LF:4
LH:0
BRF:0
BRH:0
end_of_record
TN:
SF:client\src\pages\necklaces\solitaire.tsx
FN:3,SolitaireNecklaces
FNF:1
FNH:0
FNDA:0,SolitaireNecklaces
DA:1,0
DA:3,0
DA:4,0
LF:3
LH:0
BRF:0
BRH:0
end_of_record
TN:
SF:client\src\pages\necklaces\y.tsx
FN:3,YNecklaces
FNF:1
FNH:0
FNDA:0,YNecklaces
DA:1,0
DA:3,0
DA:4,0
LF:3
LH:0
BRF:0
BRH:0
end_of_record
TN:
SF:client\src\pages\nosepins\designer.tsx
FN:3,DesignerNosepins
FNF:1
FNH:0
FNDA:0,DesignerNosepins
DA:1,0
DA:3,0
DA:4,0
LF:3
LH:0
BRF:0
BRH:0
end_of_record
TN:
SF:client\src\pages\nosepins\index.tsx
FN:3,NosepinsPage
FNF:1
FNH:0
FNDA:0,NosepinsPage
DA:1,0
DA:3,0
DA:4,0
DA:6,0
DA:29,0
LF:5
LH:0
BRF:0
BRH:0
end_of_record
TN:
SF:client\src\pages\nosepins\nathi.tsx
FN:3,NathiNosepins
FNF:1
FNH:0
FNDA:0,NathiNosepins
DA:1,0
DA:3,0
DA:4,0
LF:3
LH:0
BRF:0
BRH:0
end_of_record
TN:
SF:client\src\pages\nosepins\rings.tsx
FN:3,NoseRings
FNF:1
FNH:0
FNDA:0,NoseRings
DA:1,0
DA:3,0
DA:4,0
LF:3
LH:0
BRF:0
BRH:0
end_of_record
TN:
SF:client\src\pages\nosepins\solitaire.tsx
FN:3,SolitaireNosepins
FNF:1
FNH:0
FNDA:0,SolitaireNosepins
DA:1,0
DA:3,0
DA:4,0
LF:3
LH:0
BRF:0
BRH:0
end_of_record
TN:
SF:client\src\pages\pendants\alphabet.tsx
FN:3,AlphabetPendants
FNF:1
FNH:0
FNDA:0,AlphabetPendants
DA:1,0
DA:3,0
DA:4,0
LF:3
LH:0
BRF:0
BRH:0
end_of_record
TN:
SF:client\src\pages\pendants\cluster.tsx
FN:3,ClusterPendants
FNF:1
FNH:0
FNDA:0,ClusterPendants
DA:1,0
DA:3,0
DA:4,0
LF:3
LH:0
BRF:0
BRH:0
end_of_record
TN:
SF:client\src\pages\pendants\daily-wear.tsx
FN:3,DailyWearPendants
FNF:1
FNH:0
FNDA:0,DailyWearPendants
DA:1,0
DA:3,0
DA:4,0
LF:3
LH:0
BRF:0
BRH:0
end_of_record
TN:
SF:client\src\pages\pendants\index.tsx
FN:3,PendantsPage
FNF:1
FNH:0
FNDA:0,PendantsPage
DA:1,0
DA:3,0
DA:4,0
DA:40,0
DA:42,0
DA:49,0
LF:6
LH:0
BRF:0
BRH:0
end_of_record
TN:
SF:client\src\pages\pendants\solitaire.tsx
FN:3,SolitairePendants
FNF:1
FNH:0
FNDA:0,SolitairePendants
DA:1,0
DA:3,0
DA:4,0
LF:3
LH:0
BRF:0
BRH:0
end_of_record
TN:
SF:client\src\pages\rings\bands.tsx
FN:3,BandsPage
FNF:1
FNH:0
FNDA:0,BandsPage
DA:1,0
DA:3,0
DA:4,0
LF:3
LH:0
BRF:0
BRH:0
end_of_record
TN:
SF:client\src\pages\rings\cocktail.tsx
FN:3,CocktailRings
FNF:1
FNH:0
FNDA:0,CocktailRings
DA:1,0
DA:3,0
DA:4,0
LF:3
LH:0
BRF:0
BRH:0
end_of_record
TN:
SF:client\src\pages\rings\daily-wear.tsx
FN:7,DailyWearRings
FN:10,(anonymous_1)
FN:21,(anonymous_2)
FNF:3
FNH:0
FNDA:0,DailyWearRings
FNDA:0,(anonymous_1)
FNDA:0,(anonymous_2)
DA:1,0
DA:2,0
DA:3,0
DA:4,0
DA:7,0
DA:8,0
DA:10,0
DA:13,0
DA:15,0
DA:22,0
LF:10
LH:0
BRDA:13,0,0,0
BRDA:19,1,0,0
BRDA:19,1,1,0
BRDA:19,2,0,0
BRDA:19,2,1,0
BRF:5
BRH:0
end_of_record
TN:
SF:client\src\pages\rings\index.tsx
FN:3,RingsPage
FNF:1
FNH:0
FNDA:0,RingsPage
DA:1,0
DA:3,0
DA:4,0
DA:32,0
LF:4
LH:0
BRF:0
BRH:0
end_of_record
TN:
SF:client\src\pages\rings\platinum.tsx
FN:3,PlatinumRings
FNF:1
FNH:0
FNDA:0,PlatinumRings
DA:1,0
DA:3,0
DA:4,0
LF:3
LH:0
BRF:0
BRH:0
end_of_record
TN:
SF:client\src\pages\rings\solitaire.tsx
FN:3,SolitaireRings
FNF:1
FNH:0
FNDA:0,SolitaireRings
DA:1,0
DA:3,0
DA:4,0
LF:3
LH:0
BRF:0
BRH:0
end_of_record
